{"__type":"$$EventMessageAudit","id":"ece88050-edbf-4b20-81e6-187ef3091ffd","ts":"2026-01-12T15:33:34.287+00:00","eventName":"n8n.audit.workflow.updated","message":"n8n.audit.workflow.updated","payload":{"userId":"52233263-faa5-4eb3-b867-52aa5cf68009","_email":"deor.dima@gmail.com","_firstName":"Дмитрий","_lastName":"Деордице","globalRole":"global:owner","workflowId":"7XNy9nIIe7POAwVD","workflowName":"tg_vn1"}}
{"__type":"$$EventMessageConfirm","confirm":"ece88050-edbf-4b20-81e6-187ef3091ffd","ts":"2026-01-12T15:33:34.290+00:00","source":{"id":"0","name":"eventBus"}}
{"__type":"$$EventMessageWorkflow","id":"50c69139-ccf7-4d9f-8f04-66445a6ccef3","ts":"2026-01-12T15:33:35.780+00:00","eventName":"n8n.workflow.started","message":"n8n.workflow.started","payload":{"executionId":"474","workflowId":"7XNy9nIIe7POAwVD","isManual":false,"workflowName":"tg_vn1"}}
{"__type":"$$EventMessageConfirm","confirm":"50c69139-ccf7-4d9f-8f04-66445a6ccef3","ts":"2026-01-12T15:33:35.781+00:00","source":{"id":"0","name":"eventBus"}}
{"__type":"$$EventMessageNode","id":"69afa636-9820-4b5a-9a80-f0003db5beb1","ts":"2026-01-12T15:33:35.783+00:00","eventName":"n8n.node.started","message":"n8n.node.started","payload":{"workflowId":"7XNy9nIIe7POAwVD","workflowName":"tg_vn1","executionId":"474","nodeType":"n8n-nodes-base.telegramTrigger","nodeName":"Telegram2","nodeId":"c6c1ab1f-4ae8-482e-9b32-2e1dbfdc4219"}}
{"__type":"$$EventMessageConfirm","confirm":"69afa636-9820-4b5a-9a80-f0003db5beb1","ts":"2026-01-12T15:33:35.784+00:00","source":{"id":"0","name":"eventBus"}}
{"__type":"$$EventMessageNode","id":"a799361b-4901-4466-8c47-da2f87df07c4","ts":"2026-01-12T15:33:35.794+00:00","eventName":"n8n.node.finished","message":"n8n.node.finished","payload":{"workflowId":"7XNy9nIIe7POAwVD","workflowName":"tg_vn1","executionId":"474","nodeType":"n8n-nodes-base.telegramTrigger","nodeName":"Telegram2","nodeId":"c6c1ab1f-4ae8-482e-9b32-2e1dbfdc4219"}}
{"__type":"$$EventMessageConfirm","confirm":"a799361b-4901-4466-8c47-da2f87df07c4","ts":"2026-01-12T15:33:35.795+00:00","source":{"id":"0","name":"eventBus"}}
{"__type":"$$EventMessageNode","id":"74fb7641-5ad6-4333-bef8-2466b79ea0f7","ts":"2026-01-12T15:33:35.801+00:00","eventName":"n8n.node.started","message":"n8n.node.started","payload":{"workflowId":"7XNy9nIIe7POAwVD","workflowName":"tg_vn1","executionId":"474","nodeType":"n8n-nodes-base.telegram","nodeName":"action1","nodeId":"e606a5cd-3db1-444a-9de0-b8d110b56ad9"}}
{"__type":"$$EventMessageConfirm","confirm":"74fb7641-5ad6-4333-bef8-2466b79ea0f7","ts":"2026-01-12T15:33:35.802+00:00","source":{"id":"0","name":"eventBus"}}
{"__type":"$$EventMessageNode","id":"7ea1d30b-9f6f-4f6a-a832-0722a7a7d64d","ts":"2026-01-12T10:33:36.233-05:00","eventName":"n8n.node.finished","message":"n8n.node.finished","payload":{"workflowId":"7XNy9nIIe7POAwVD","workflowName":"tg_vn1","executionId":"474","nodeType":"n8n-nodes-base.telegram","nodeName":"action1","nodeId":"e606a5cd-3db1-444a-9de0-b8d110b56ad9"}}
{"__type":"$$EventMessageConfirm","confirm":"7ea1d30b-9f6f-4f6a-a832-0722a7a7d64d","ts":"2026-01-12T10:33:36.234-05:00","source":{"id":"0","name":"eventBus"}}
{"__type":"$$EventMessageNode","id":"378e2bb7-97c3-450c-b12a-e21719f83abc","ts":"2026-01-12T10:33:36.235-05:00","eventName":"n8n.node.started","message":"n8n.node.started","payload":{"workflowId":"7XNy9nIIe7POAwVD","workflowName":"tg_vn1","executionId":"474","nodeType":"n8n-nodes-base.switch","nodeName":"Без авторизации","nodeId":"d4576293-271d-4bc3-86e2-7822a1645571"}}
{"__type":"$$EventMessageConfirm","confirm":"378e2bb7-97c3-450c-b12a-e21719f83abc","ts":"2026-01-12T10:33:36.236-05:00","source":{"id":"0","name":"eventBus"}}
{"__type":"$$EventMessageNode","id":"747c227b-5e06-4363-afa3-a8e6a69cd065","ts":"2026-01-12T10:33:36.343-05:00","eventName":"n8n.node.finished","message":"n8n.node.finished","payload":{"workflowId":"7XNy9nIIe7POAwVD","workflowName":"tg_vn1","executionId":"474","nodeType":"n8n-nodes-base.switch","nodeName":"Без авторизации","nodeId":"d4576293-271d-4bc3-86e2-7822a1645571"}}
{"__type":"$$EventMessageConfirm","confirm":"747c227b-5e06-4363-afa3-a8e6a69cd065","ts":"2026-01-12T10:33:36.343-05:00","source":{"id":"0","name":"eventBus"}}
{"__type":"$$EventMessageNode","id":"d5b7616c-2efb-4114-89cd-b70011e78f82","ts":"2026-01-12T10:33:36.344-05:00","eventName":"n8n.node.started","message":"n8n.node.started","payload":{"workflowId":"7XNy9nIIe7POAwVD","workflowName":"tg_vn1","executionId":"474","nodeType":"n8n-nodes-base.googleSheets","nodeName":"users","nodeId":"14f83376-3e81-4f45-b1fa-9e6de8705dde"}}
{"__type":"$$EventMessageConfirm","confirm":"d5b7616c-2efb-4114-89cd-b70011e78f82","ts":"2026-01-12T10:33:36.344-05:00","source":{"id":"0","name":"eventBus"}}
{"__type":"$$EventMessageNode","id":"0d7de4b9-92ff-4fd3-ad3d-9c96035f490d","ts":"2026-01-12T10:33:37.787-05:00","eventName":"n8n.node.finished","message":"n8n.node.finished","payload":{"workflowId":"7XNy9nIIe7POAwVD","workflowName":"tg_vn1","executionId":"474","nodeType":"n8n-nodes-base.googleSheets","nodeName":"users","nodeId":"14f83376-3e81-4f45-b1fa-9e6de8705dde"}}
{"__type":"$$EventMessageConfirm","confirm":"0d7de4b9-92ff-4fd3-ad3d-9c96035f490d","ts":"2026-01-12T10:33:37.787-05:00","source":{"id":"0","name":"eventBus"}}
{"__type":"$$EventMessageNode","id":"e75d51d1-7b08-4063-95e4-d95465d0cff5","ts":"2026-01-12T10:33:37.788-05:00","eventName":"n8n.node.started","message":"n8n.node.started","payload":{"workflowId":"7XNy9nIIe7POAwVD","workflowName":"tg_vn1","executionId":"474","nodeType":"n8n-nodes-base.switch","nodeName":"Доступ","nodeId":"e8c2ee7c-b33e-4a42-a659-124771107dac"}}
{"__type":"$$EventMessageConfirm","confirm":"e75d51d1-7b08-4063-95e4-d95465d0cff5","ts":"2026-01-12T10:33:37.788-05:00","source":{"id":"0","name":"eventBus"}}
{"__type":"$$EventMessageNode","id":"737c8fc7-ba07-4d5f-9d9e-eb94d4507675","ts":"2026-01-12T10:33:37.796-05:00","eventName":"n8n.node.finished","message":"n8n.node.finished","payload":{"workflowId":"7XNy9nIIe7POAwVD","workflowName":"tg_vn1","executionId":"474","nodeType":"n8n-nodes-base.switch","nodeName":"Доступ","nodeId":"e8c2ee7c-b33e-4a42-a659-124771107dac"}}
{"__type":"$$EventMessageConfirm","confirm":"737c8fc7-ba07-4d5f-9d9e-eb94d4507675","ts":"2026-01-12T10:33:37.797-05:00","source":{"id":"0","name":"eventBus"}}
{"__type":"$$EventMessageNode","id":"96e163a1-8cc8-4bc0-a5c9-276d2a493d5f","ts":"2026-01-12T10:33:37.797-05:00","eventName":"n8n.node.started","message":"n8n.node.started","payload":{"workflowId":"7XNy9nIIe7POAwVD","workflowName":"tg_vn1","executionId":"474","nodeType":"n8n-nodes-base.switch","nodeName":"Commands","nodeId":"39632c30-c5e0-4f82-8258-d026eb4cc2b8"}}
{"__type":"$$EventMessageConfirm","confirm":"96e163a1-8cc8-4bc0-a5c9-276d2a493d5f","ts":"2026-01-12T10:33:37.798-05:00","source":{"id":"0","name":"eventBus"}}
{"__type":"$$EventMessageNode","id":"89522490-cd71-44eb-b0f9-ee1b8b8f7965","ts":"2026-01-12T10:33:37.805-05:00","eventName":"n8n.node.finished","message":"n8n.node.finished","payload":{"workflowId":"7XNy9nIIe7POAwVD","workflowName":"tg_vn1","executionId":"474","nodeType":"n8n-nodes-base.switch","nodeName":"Commands","nodeId":"39632c30-c5e0-4f82-8258-d026eb4cc2b8"}}
{"__type":"$$EventMessageConfirm","confirm":"89522490-cd71-44eb-b0f9-ee1b8b8f7965","ts":"2026-01-12T10:33:37.805-05:00","source":{"id":"0","name":"eventBus"}}
{"__type":"$$EventMessageNode","id":"1ec543b7-f675-4cc9-80f6-3aa3b8438d0f","ts":"2026-01-12T10:33:37.806-05:00","eventName":"n8n.node.started","message":"n8n.node.started","payload":{"workflowId":"7XNy9nIIe7POAwVD","workflowName":"tg_vn1","executionId":"474","nodeType":"n8n-nodes-base.switch","nodeName":"Commands1","nodeId":"9c98bf2c-882f-43b1-9a56-eeebc19762aa"}}
{"__type":"$$EventMessageConfirm","confirm":"1ec543b7-f675-4cc9-80f6-3aa3b8438d0f","ts":"2026-01-12T10:33:37.806-05:00","source":{"id":"0","name":"eventBus"}}
{"__type":"$$EventMessageNode","id":"d144009c-c6f1-4f87-8beb-ec20f6b446b9","ts":"2026-01-12T10:33:37.820-05:00","eventName":"n8n.node.finished","message":"n8n.node.finished","payload":{"workflowId":"7XNy9nIIe7POAwVD","workflowName":"tg_vn1","executionId":"474","nodeType":"n8n-nodes-base.switch","nodeName":"Commands1","nodeId":"9c98bf2c-882f-43b1-9a56-eeebc19762aa"}}
{"__type":"$$EventMessageConfirm","confirm":"d144009c-c6f1-4f87-8beb-ec20f6b446b9","ts":"2026-01-12T10:33:37.821-05:00","source":{"id":"0","name":"eventBus"}}
{"__type":"$$EventMessageNode","id":"208adbe4-e48e-452a-bfd6-250402927044","ts":"2026-01-12T10:33:37.822-05:00","eventName":"n8n.node.started","message":"n8n.node.started","payload":{"workflowId":"7XNy9nIIe7POAwVD","workflowName":"tg_vn1","executionId":"474","nodeType":"n8n-nodes-base.switch","nodeName":"Switch3","nodeId":"e0801297-41fa-4002-85a6-9d72f107f218"}}
{"__type":"$$EventMessageConfirm","confirm":"208adbe4-e48e-452a-bfd6-250402927044","ts":"2026-01-12T10:33:37.822-05:00","source":{"id":"0","name":"eventBus"}}
{"__type":"$$EventMessageNode","id":"59758224-79cb-4d9c-9b90-6af2ddbca120","ts":"2026-01-12T10:33:37.844-05:00","eventName":"n8n.node.finished","message":"n8n.node.finished","payload":{"workflowId":"7XNy9nIIe7POAwVD","workflowName":"tg_vn1","executionId":"474","nodeType":"n8n-nodes-base.switch","nodeName":"Switch3","nodeId":"e0801297-41fa-4002-85a6-9d72f107f218"}}
{"__type":"$$EventMessageConfirm","confirm":"59758224-79cb-4d9c-9b90-6af2ddbca120","ts":"2026-01-12T10:33:37.845-05:00","source":{"id":"0","name":"eventBus"}}
{"__type":"$$EventMessageNode","id":"79c1ded1-db92-46d5-bd3d-23b81e395cba","ts":"2026-01-12T10:33:37.845-05:00","eventName":"n8n.node.started","message":"n8n.node.started","payload":{"workflowId":"7XNy9nIIe7POAwVD","workflowName":"tg_vn1","executionId":"474","nodeType":"n8n-nodes-base.telegram","nodeName":"loading2","nodeId":"88f6dd20-67cf-42a9-b95a-9cb0585dac32"}}
{"__type":"$$EventMessageConfirm","confirm":"79c1ded1-db92-46d5-bd3d-23b81e395cba","ts":"2026-01-12T10:33:37.846-05:00","source":{"id":"0","name":"eventBus"}}
{"__type":"$$EventMessageNode","id":"5508f92f-39b8-47f5-b2b4-50964f5658f1","ts":"2026-01-12T10:33:38.240-05:00","eventName":"n8n.node.finished","message":"n8n.node.finished","payload":{"workflowId":"7XNy9nIIe7POAwVD","workflowName":"tg_vn1","executionId":"474","nodeType":"n8n-nodes-base.telegram","nodeName":"loading2","nodeId":"88f6dd20-67cf-42a9-b95a-9cb0585dac32"}}
{"__type":"$$EventMessageConfirm","confirm":"5508f92f-39b8-47f5-b2b4-50964f5658f1","ts":"2026-01-12T10:33:38.241-05:00","source":{"id":"0","name":"eventBus"}}
{"__type":"$$EventMessageNode","id":"1f296c76-6875-4911-a96d-40754cc744db","ts":"2026-01-12T10:33:38.242-05:00","eventName":"n8n.node.started","message":"n8n.node.started","payload":{"workflowId":"7XNy9nIIe7POAwVD","workflowName":"tg_vn1","executionId":"474","nodeType":"n8n-nodes-base.set","nodeName":"data_tg","nodeId":"daa122e5-74e8-4f37-b7ea-eada6f319179"}}
{"__type":"$$EventMessageConfirm","confirm":"1f296c76-6875-4911-a96d-40754cc744db","ts":"2026-01-12T10:33:38.242-05:00","source":{"id":"0","name":"eventBus"}}
{"__type":"$$EventMessageNode","id":"8feff247-6c07-40c9-90f0-adbdd3233dd8","ts":"2026-01-12T10:33:38.246-05:00","eventName":"n8n.node.finished","message":"n8n.node.finished","payload":{"workflowId":"7XNy9nIIe7POAwVD","workflowName":"tg_vn1","executionId":"474","nodeType":"n8n-nodes-base.set","nodeName":"data_tg","nodeId":"daa122e5-74e8-4f37-b7ea-eada6f319179"}}
{"__type":"$$EventMessageConfirm","confirm":"8feff247-6c07-40c9-90f0-adbdd3233dd8","ts":"2026-01-12T10:33:38.246-05:00","source":{"id":"0","name":"eventBus"}}
{"__type":"$$EventMessageNode","id":"0e85f5d6-336f-449d-b445-dcbfc8196c9b","ts":"2026-01-12T10:33:38.247-05:00","eventName":"n8n.node.started","message":"n8n.node.started","payload":{"workflowId":"7XNy9nIIe7POAwVD","workflowName":"tg_vn1","executionId":"474","nodeType":"n8n-nodes-base.httpRequest","nodeName":"get_file","nodeId":"127b0c05-d729-46e6-a4b2-8407acd9e205"}}
{"__type":"$$EventMessageConfirm","confirm":"0e85f5d6-336f-449d-b445-dcbfc8196c9b","ts":"2026-01-12T10:33:38.247-05:00","source":{"id":"0","name":"eventBus"}}
{"__type":"$$EventMessageNode","id":"464de371-bbd6-4c12-8977-f0afec624b09","ts":"2026-01-12T10:33:38.710-05:00","eventName":"n8n.node.finished","message":"n8n.node.finished","payload":{"workflowId":"7XNy9nIIe7POAwVD","workflowName":"tg_vn1","executionId":"474","nodeType":"n8n-nodes-base.httpRequest","nodeName":"get_file","nodeId":"127b0c05-d729-46e6-a4b2-8407acd9e205"}}
{"__type":"$$EventMessageConfirm","confirm":"464de371-bbd6-4c12-8977-f0afec624b09","ts":"2026-01-12T10:33:38.710-05:00","source":{"id":"0","name":"eventBus"}}
{"__type":"$$EventMessageNode","id":"23c956e6-fd38-44da-9ed7-74082422f5c5","ts":"2026-01-12T10:33:38.711-05:00","eventName":"n8n.node.started","message":"n8n.node.started","payload":{"workflowId":"7XNy9nIIe7POAwVD","workflowName":"tg_vn1","executionId":"474","nodeType":"n8n-nodes-base.httpRequest","nodeName":"save_file","nodeId":"44185b46-0801-43b5-8e67-557d8c062adb"}}
{"__type":"$$EventMessageConfirm","confirm":"23c956e6-fd38-44da-9ed7-74082422f5c5","ts":"2026-01-12T10:33:38.711-05:00","source":{"id":"0","name":"eventBus"}}
{"__type":"$$EventMessageNode","id":"3c62edee-2de5-4dd7-9ba4-f70e2072383b","ts":"2026-01-12T10:33:39.215-05:00","eventName":"n8n.node.finished","message":"n8n.node.finished","payload":{"workflowId":"7XNy9nIIe7POAwVD","workflowName":"tg_vn1","executionId":"474","nodeType":"n8n-nodes-base.httpRequest","nodeName":"save_file","nodeId":"44185b46-0801-43b5-8e67-557d8c062adb"}}
{"__type":"$$EventMessageConfirm","confirm":"3c62edee-2de5-4dd7-9ba4-f70e2072383b","ts":"2026-01-12T10:33:39.215-05:00","source":{"id":"0","name":"eventBus"}}
{"__type":"$$EventMessageNode","id":"b9012935-cfd6-4c5f-a5e0-eb5f88f30184","ts":"2026-01-12T10:33:39.216-05:00","eventName":"n8n.node.started","message":"n8n.node.started","payload":{"workflowId":"7XNy9nIIe7POAwVD","workflowName":"tg_vn1","executionId":"474","nodeType":"n8n-nodes-base.switch","nodeName":"type_doc","nodeId":"8b2c3399-ceb5-4f5d-b08b-5bb5c3d8210a"}}
{"__type":"$$EventMessageConfirm","confirm":"b9012935-cfd6-4c5f-a5e0-eb5f88f30184","ts":"2026-01-12T10:33:39.216-05:00","source":{"id":"0","name":"eventBus"}}
{"__type":"$$EventMessageNode","id":"575d4a42-7b66-46db-9b99-0e4e2dbf4c0b","ts":"2026-01-12T10:33:39.225-05:00","eventName":"n8n.node.finished","message":"n8n.node.finished","payload":{"workflowId":"7XNy9nIIe7POAwVD","workflowName":"tg_vn1","executionId":"474","nodeType":"n8n-nodes-base.switch","nodeName":"type_doc","nodeId":"8b2c3399-ceb5-4f5d-b08b-5bb5c3d8210a"}}
{"__type":"$$EventMessageConfirm","confirm":"575d4a42-7b66-46db-9b99-0e4e2dbf4c0b","ts":"2026-01-12T10:33:39.225-05:00","source":{"id":"0","name":"eventBus"}}
{"__type":"$$EventMessageNode","id":"30dc36d8-c845-4ae2-ae5d-f74f9fa03f68","ts":"2026-01-12T10:33:39.226-05:00","eventName":"n8n.node.started","message":"n8n.node.started","payload":{"workflowId":"7XNy9nIIe7POAwVD","workflowName":"tg_vn1","executionId":"474","nodeType":"n8n-nodes-base.httpRequest","nodeName":"docx to html","nodeId":"94c5177d-5714-4b24-ae27-2636f4393ab7"}}
{"__type":"$$EventMessageConfirm","confirm":"30dc36d8-c845-4ae2-ae5d-f74f9fa03f68","ts":"2026-01-12T10:33:39.226-05:00","source":{"id":"0","name":"eventBus"}}
{"__type":"$$EventMessageNode","id":"69982257-f575-4b3e-959f-50c6c1914124","ts":"2026-01-12T10:34:17.944-05:00","eventName":"n8n.node.finished","message":"n8n.node.finished","payload":{"workflowId":"7XNy9nIIe7POAwVD","workflowName":"tg_vn1","executionId":"474","nodeType":"n8n-nodes-base.httpRequest","nodeName":"docx to html","nodeId":"94c5177d-5714-4b24-ae27-2636f4393ab7"}}
{"__type":"$$EventMessageConfirm","confirm":"69982257-f575-4b3e-959f-50c6c1914124","ts":"2026-01-12T10:34:17.945-05:00","source":{"id":"0","name":"eventBus"}}
{"__type":"$$EventMessageWorkflow","id":"e2b0cbfb-4cb5-4856-ad7b-f23dc8e317b0","ts":"2026-01-12T10:34:17.994-05:00","eventName":"n8n.workflow.failed","message":"n8n.workflow.failed","payload":{"executionId":"474","success":false,"isManual":true,"workflowId":"7XNy9nIIe7POAwVD","workflowName":"tg_vn1","lastNodeExecuted":"docx to html","errorNodeType":"n8n-nodes-base.httpRequest","errorMessage":"The service was not able to process your request"}}
{"__type":"$$EventMessageConfirm","confirm":"e2b0cbfb-4cb5-4856-ad7b-f23dc8e317b0","ts":"2026-01-12T10:34:17.995-05:00","source":{"id":"0","name":"eventBus"}}
{"__type":"$$EventMessageWorkflow","id":"a3174c7f-6d75-4822-8aae-d663b1fbb501","ts":"2026-01-12T10:35:42.464-05:00","eventName":"n8n.workflow.started","message":"n8n.workflow.started","payload":{"executionId":"475","workflowId":"7XNy9nIIe7POAwVD","isManual":false,"workflowName":"tg_vn1"}}
{"__type":"$$EventMessageConfirm","confirm":"a3174c7f-6d75-4822-8aae-d663b1fbb501","ts":"2026-01-12T10:35:42.465-05:00","source":{"id":"0","name":"eventBus"}}
{"__type":"$$EventMessageNode","id":"2e7142e3-a361-4589-aee3-45690055acc6","ts":"2026-01-12T10:35:42.467-05:00","eventName":"n8n.node.started","message":"n8n.node.started","payload":{"workflowId":"7XNy9nIIe7POAwVD","workflowName":"tg_vn1","executionId":"475","nodeType":"n8n-nodes-base.httpRequest","nodeName":"docx to html","nodeId":"94c5177d-5714-4b24-ae27-2636f4393ab7"}}
{"__type":"$$EventMessageConfirm","confirm":"2e7142e3-a361-4589-aee3-45690055acc6","ts":"2026-01-12T10:35:42.467-05:00","source":{"id":"0","name":"eventBus"}}
{"__type":"$$EventMessageNode","id":"dfc37489-89fe-4878-b02f-868c202091dc","ts":"2026-01-12T10:35:42.602-05:00","eventName":"n8n.node.finished","message":"n8n.node.finished","payload":{"workflowId":"7XNy9nIIe7POAwVD","workflowName":"tg_vn1","executionId":"475","nodeType":"n8n-nodes-base.httpRequest","nodeName":"docx to html","nodeId":"94c5177d-5714-4b24-ae27-2636f4393ab7"}}
{"__type":"$$EventMessageConfirm","confirm":"dfc37489-89fe-4878-b02f-868c202091dc","ts":"2026-01-12T10:35:42.602-05:00","source":{"id":"0","name":"eventBus"}}
{"__type":"$$EventMessageWorkflow","id":"41d1dd04-371a-437a-beb1-7dbe508ea95c","ts":"2026-01-12T10:35:42.621-05:00","eventName":"n8n.workflow.failed","message":"n8n.workflow.failed","payload":{"userId":"52233263-faa5-4eb3-b867-52aa5cf68009","executionId":"475","success":false,"isManual":true,"workflowId":"7XNy9nIIe7POAwVD","workflowName":"tg_vn1","lastNodeExecuted":"docx to html","errorNodeType":"n8n-nodes-base.httpRequest","errorMessage":"Your request is invalid or could not be processed by the service"}}
{"__type":"$$EventMessageConfirm","confirm":"41d1dd04-371a-437a-beb1-7dbe508ea95c","ts":"2026-01-12T10:35:42.621-05:00","source":{"id":"0","name":"eventBus"}}
{"__type":"$$EventMessageAudit","id":"77b277da-ae09-4615-a51b-b0b3f868bfcb","ts":"2026-01-12T10:36:13.383-05:00","eventName":"n8n.audit.workflow.updated","message":"n8n.audit.workflow.updated","payload":{"userId":"52233263-faa5-4eb3-b867-52aa5cf68009","_email":"deor.dima@gmail.com","_firstName":"Дмитрий","_lastName":"Деордице","globalRole":"global:owner","workflowId":"7XNy9nIIe7POAwVD","workflowName":"tg_vn1"}}
{"__type":"$$EventMessageConfirm","confirm":"77b277da-ae09-4615-a51b-b0b3f868bfcb","ts":"2026-01-12T10:36:13.383-05:00","source":{"id":"0","name":"eventBus"}}
{"__type":"$$EventMessageAudit","id":"5a13e165-c089-452f-83f6-dbc580256073","ts":"2026-01-12T10:36:22.511-05:00","eventName":"n8n.audit.workflow.updated","message":"n8n.audit.workflow.updated","payload":{"userId":"52233263-faa5-4eb3-b867-52aa5cf68009","_email":"deor.dima@gmail.com","_firstName":"Дмитрий","_lastName":"Деордице","globalRole":"global:owner","workflowId":"7XNy9nIIe7POAwVD","workflowName":"tg_vn1"}}
{"__type":"$$EventMessageConfirm","confirm":"5a13e165-c089-452f-83f6-dbc580256073","ts":"2026-01-12T10:36:22.511-05:00","source":{"id":"0","name":"eventBus"}}
{"__type":"$$EventMessageWorkflow","id":"d758c743-1740-42a3-9b1c-a4495e149419","ts":"2026-01-12T10:36:25.695-05:00","eventName":"n8n.workflow.started","message":"n8n.workflow.started","payload":{"executionId":"476","workflowId":"7XNy9nIIe7POAwVD","isManual":false,"workflowName":"tg_vn1"}}
{"__type":"$$EventMessageConfirm","confirm":"d758c743-1740-42a3-9b1c-a4495e149419","ts":"2026-01-12T10:36:25.695-05:00","source":{"id":"0","name":"eventBus"}}
{"__type":"$$EventMessageNode","id":"2c2b32a5-fa09-4850-b01e-254c5bbfe1b6","ts":"2026-01-12T10:36:25.697-05:00","eventName":"n8n.node.started","message":"n8n.node.started","payload":{"workflowId":"7XNy9nIIe7POAwVD","workflowName":"tg_vn1","executionId":"476","nodeType":"n8n-nodes-base.httpRequest","nodeName":"docx to html","nodeId":"94c5177d-5714-4b24-ae27-2636f4393ab7"}}
{"__type":"$$EventMessageConfirm","confirm":"2c2b32a5-fa09-4850-b01e-254c5bbfe1b6","ts":"2026-01-12T10:36:25.698-05:00","source":{"id":"0","name":"eventBus"}}
{"__type":"$$EventMessageAudit","id":"82f5f854-98ad-480b-ae26-7bfec0321dee","ts":"2026-01-12T10:36:37.631-05:00","eventName":"n8n.audit.workflow.updated","message":"n8n.audit.workflow.updated","payload":{"userId":"52233263-faa5-4eb3-b867-52aa5cf68009","_email":"deor.dima@gmail.com","_firstName":"Дмитрий","_lastName":"Деордице","globalRole":"global:owner","workflowId":"7XNy9nIIe7POAwVD","workflowName":"tg_vn1"}}
{"__type":"$$EventMessageConfirm","confirm":"82f5f854-98ad-480b-ae26-7bfec0321dee","ts":"2026-01-12T10:36:37.631-05:00","source":{"id":"0","name":"eventBus"}}
{"__type":"$$EventMessageNode","id":"d776f74f-f197-424a-bd0f-80b6c4f334db","ts":"2026-01-12T10:36:51.728-05:00","eventName":"n8n.node.finished","message":"n8n.node.finished","payload":{"workflowId":"7XNy9nIIe7POAwVD","workflowName":"tg_vn1","executionId":"476","nodeType":"n8n-nodes-base.httpRequest","nodeName":"docx to html","nodeId":"94c5177d-5714-4b24-ae27-2636f4393ab7"}}
{"__type":"$$EventMessageConfirm","confirm":"d776f74f-f197-424a-bd0f-80b6c4f334db","ts":"2026-01-12T10:36:51.729-05:00","source":{"id":"0","name":"eventBus"}}
{"__type":"$$EventMessageWorkflow","id":"16232dcb-4292-4c87-ad2b-3d4fcd1f9b17","ts":"2026-01-12T10:36:51.755-05:00","eventName":"n8n.workflow.failed","message":"n8n.workflow.failed","payload":{"userId":"52233263-faa5-4eb3-b867-52aa5cf68009","executionId":"476","success":false,"isManual":true,"workflowId":"7XNy9nIIe7POAwVD","workflowName":"tg_vn1","lastNodeExecuted":"docx to html","errorNodeType":"n8n-nodes-base.httpRequest","errorMessage":"The service was not able to process your request"}}
{"__type":"$$EventMessageConfirm","confirm":"16232dcb-4292-4c87-ad2b-3d4fcd1f9b17","ts":"2026-01-12T10:36:51.755-05:00","source":{"id":"0","name":"eventBus"}}
{"__type":"$$EventMessageWorkflow","id":"cab911cc-5b37-4f7d-be1b-8201bd56895c","ts":"2026-01-12T10:36:53.928-05:00","eventName":"n8n.workflow.started","message":"n8n.workflow.started","payload":{"executionId":"477","workflowId":"7XNy9nIIe7POAwVD","isManual":false,"workflowName":"tg_vn1"}}
{"__type":"$$EventMessageConfirm","confirm":"cab911cc-5b37-4f7d-be1b-8201bd56895c","ts":"2026-01-12T10:36:53.929-05:00","source":{"id":"0","name":"eventBus"}}
{"__type":"$$EventMessageNode","id":"a7248fe0-0984-4a9f-b1ee-d1e59f054b44","ts":"2026-01-12T10:36:53.932-05:00","eventName":"n8n.node.started","message":"n8n.node.started","payload":{"workflowId":"7XNy9nIIe7POAwVD","workflowName":"tg_vn1","executionId":"477","nodeType":"n8n-nodes-base.httpRequest","nodeName":"docx to html","nodeId":"94c5177d-5714-4b24-ae27-2636f4393ab7"}}
{"__type":"$$EventMessageConfirm","confirm":"a7248fe0-0984-4a9f-b1ee-d1e59f054b44","ts":"2026-01-12T10:36:53.932-05:00","source":{"id":"0","name":"eventBus"}}
{"__type":"$$EventMessageNode","id":"26712643-a520-48e1-8051-43e757157a50","ts":"2026-01-12T10:37:11.480-05:00","eventName":"n8n.node.finished","message":"n8n.node.finished","payload":{"workflowId":"7XNy9nIIe7POAwVD","workflowName":"tg_vn1","executionId":"477","nodeType":"n8n-nodes-base.httpRequest","nodeName":"docx to html","nodeId":"94c5177d-5714-4b24-ae27-2636f4393ab7"}}
{"__type":"$$EventMessageConfirm","confirm":"26712643-a520-48e1-8051-43e757157a50","ts":"2026-01-12T10:37:11.480-05:00","source":{"id":"0","name":"eventBus"}}
{"__type":"$$EventMessageWorkflow","id":"2f63bba9-051d-4708-a7ea-3559b98f36dd","ts":"2026-01-12T10:37:11.502-05:00","eventName":"n8n.workflow.failed","message":"n8n.workflow.failed","payload":{"userId":"52233263-faa5-4eb3-b867-52aa5cf68009","executionId":"477","success":false,"isManual":true,"workflowId":"7XNy9nIIe7POAwVD","workflowName":"tg_vn1","lastNodeExecuted":"docx to html","errorNodeType":"n8n-nodes-base.httpRequest","errorMessage":"The service was not able to process your request"}}
{"__type":"$$EventMessageConfirm","confirm":"2f63bba9-051d-4708-a7ea-3559b98f36dd","ts":"2026-01-12T10:37:11.502-05:00","source":{"id":"0","name":"eventBus"}}
{"__type":"$$EventMessageAudit","id":"3c3e9934-63fb-4229-b9c0-503371d05be5","ts":"2026-01-13T07:16:07.781-05:00","eventName":"n8n.audit.workflow.updated","message":"n8n.audit.workflow.updated","payload":{"userId":"52233263-faa5-4eb3-b867-52aa5cf68009","_email":"deor.dima@gmail.com","_firstName":"Дмитрий","_lastName":"Деордице","globalRole":"global:owner","workflowId":"7XNy9nIIe7POAwVD","workflowName":"tg_vn1"}}
{"__type":"$$EventMessageConfirm","confirm":"3c3e9934-63fb-4229-b9c0-503371d05be5","ts":"2026-01-13T07:16:07.820-05:00","source":{"id":"0","name":"eventBus"}}
