{"__type":"$$EventMessageWorkflow","id":"801054a8-1455-4205-b865-2bdd3feb8732","ts":"2026-01-21T06:11:39.362+00:00","eventName":"n8n.workflow.started","message":"n8n.workflow.started","payload":{"executionId":"540","workflowId":"7XNy9nIIe7POAwVD","isManual":false,"workflowName":"tg_vn1"}}
{"__type":"$$EventMessageConfirm","confirm":"801054a8-1455-4205-b865-2bdd3feb8732","ts":"2026-01-21T06:11:39.363+00:00","source":{"id":"0","name":"eventBus"}}
{"__type":"$$EventMessageAudit","id":"5179d6ac-e457-40fa-b59b-885240a00d92","ts":"2026-01-21T06:11:39.364+00:00","eventName":"n8n.audit.workflow.executed","message":"n8n.audit.workflow.executed","payload":{"workflowId":"7XNy9nIIe7POAwVD","workflowName":"tg_vn1","executionId":"540","source":"webhook"}}
{"__type":"$$EventMessageConfirm","confirm":"5179d6ac-e457-40fa-b59b-885240a00d92","ts":"2026-01-21T06:11:39.364+00:00","source":{"id":"0","name":"eventBus"}}
{"__type":"$$EventMessageNode","id":"aa03ad5d-c9dd-4829-9260-b98575d7516c","ts":"2026-01-21T06:11:39.367+00:00","eventName":"n8n.node.started","message":"n8n.node.started","payload":{"workflowId":"7XNy9nIIe7POAwVD","workflowName":"tg_vn1","executionId":"540","nodeType":"n8n-nodes-base.telegramTrigger","nodeName":"Telegram2","nodeId":"c6c1ab1f-4ae8-482e-9b32-2e1dbfdc4219"}}
{"__type":"$$EventMessageConfirm","confirm":"aa03ad5d-c9dd-4829-9260-b98575d7516c","ts":"2026-01-21T06:11:39.367+00:00","source":{"id":"0","name":"eventBus"}}
{"__type":"$$EventMessageNode","id":"0f0d9c99-8eeb-4c0d-b78b-a71700f89193","ts":"2026-01-21T06:11:39.370+00:00","eventName":"n8n.node.finished","message":"n8n.node.finished","payload":{"workflowId":"7XNy9nIIe7POAwVD","workflowName":"tg_vn1","executionId":"540","nodeType":"n8n-nodes-base.telegramTrigger","nodeName":"Telegram2","nodeId":"c6c1ab1f-4ae8-482e-9b32-2e1dbfdc4219"}}
{"__type":"$$EventMessageConfirm","confirm":"0f0d9c99-8eeb-4c0d-b78b-a71700f89193","ts":"2026-01-21T06:11:39.370+00:00","source":{"id":"0","name":"eventBus"}}
{"__type":"$$EventMessageNode","id":"290a60e4-26d6-4f32-9ef0-ad5b5f141d14","ts":"2026-01-21T06:11:39.374+00:00","eventName":"n8n.node.started","message":"n8n.node.started","payload":{"workflowId":"7XNy9nIIe7POAwVD","workflowName":"tg_vn1","executionId":"540","nodeType":"n8n-nodes-base.telegram","nodeName":"action1","nodeId":"e606a5cd-3db1-444a-9de0-b8d110b56ad9"}}
{"__type":"$$EventMessageConfirm","confirm":"290a60e4-26d6-4f32-9ef0-ad5b5f141d14","ts":"2026-01-21T06:11:39.374+00:00","source":{"id":"0","name":"eventBus"}}
{"__type":"$$EventMessageNode","id":"7eb3d391-0720-442a-b603-c1775afb91b1","ts":"2026-01-21T01:11:39.871-05:00","eventName":"n8n.node.finished","message":"n8n.node.finished","payload":{"workflowId":"7XNy9nIIe7POAwVD","workflowName":"tg_vn1","executionId":"540","nodeType":"n8n-nodes-base.telegram","nodeName":"action1","nodeId":"e606a5cd-3db1-444a-9de0-b8d110b56ad9"}}
{"__type":"$$EventMessageConfirm","confirm":"7eb3d391-0720-442a-b603-c1775afb91b1","ts":"2026-01-21T01:11:39.871-05:00","source":{"id":"0","name":"eventBus"}}
{"__type":"$$EventMessageNode","id":"694d4998-8f6c-4c74-b503-1e2f097b7153","ts":"2026-01-21T01:11:39.873-05:00","eventName":"n8n.node.started","message":"n8n.node.started","payload":{"workflowId":"7XNy9nIIe7POAwVD","workflowName":"tg_vn1","executionId":"540","nodeType":"n8n-nodes-base.switch","nodeName":"Без авторизации","nodeId":"d4576293-271d-4bc3-86e2-7822a1645571"}}
{"__type":"$$EventMessageConfirm","confirm":"694d4998-8f6c-4c74-b503-1e2f097b7153","ts":"2026-01-21T01:11:39.874-05:00","source":{"id":"0","name":"eventBus"}}
{"__type":"$$EventMessageNode","id":"19cee53a-f701-4070-96eb-304a94970b95","ts":"2026-01-21T01:11:39.991-05:00","eventName":"n8n.node.finished","message":"n8n.node.finished","payload":{"workflowId":"7XNy9nIIe7POAwVD","workflowName":"tg_vn1","executionId":"540","nodeType":"n8n-nodes-base.switch","nodeName":"Без авторизации","nodeId":"d4576293-271d-4bc3-86e2-7822a1645571"}}
{"__type":"$$EventMessageConfirm","confirm":"19cee53a-f701-4070-96eb-304a94970b95","ts":"2026-01-21T01:11:39.991-05:00","source":{"id":"0","name":"eventBus"}}
{"__type":"$$EventMessageNode","id":"b72b8ef2-c991-4bcf-8edc-78bc43c36936","ts":"2026-01-21T01:11:39.992-05:00","eventName":"n8n.node.started","message":"n8n.node.started","payload":{"workflowId":"7XNy9nIIe7POAwVD","workflowName":"tg_vn1","executionId":"540","nodeType":"n8n-nodes-base.googleSheets","nodeName":"users","nodeId":"14f83376-3e81-4f45-b1fa-9e6de8705dde"}}
{"__type":"$$EventMessageConfirm","confirm":"b72b8ef2-c991-4bcf-8edc-78bc43c36936","ts":"2026-01-21T01:11:39.992-05:00","source":{"id":"0","name":"eventBus"}}
{"__type":"$$EventMessageNode","id":"d211cb9f-629c-4635-9eb0-7c1118fe5a98","ts":"2026-01-21T01:11:41.006-05:00","eventName":"n8n.node.finished","message":"n8n.node.finished","payload":{"workflowId":"7XNy9nIIe7POAwVD","workflowName":"tg_vn1","executionId":"540","nodeType":"n8n-nodes-base.googleSheets","nodeName":"users","nodeId":"14f83376-3e81-4f45-b1fa-9e6de8705dde"}}
{"__type":"$$EventMessageConfirm","confirm":"d211cb9f-629c-4635-9eb0-7c1118fe5a98","ts":"2026-01-21T01:11:41.006-05:00","source":{"id":"0","name":"eventBus"}}
{"__type":"$$EventMessageNode","id":"2207ed87-13d2-44a0-9007-ae1bb39c46ee","ts":"2026-01-21T01:11:41.007-05:00","eventName":"n8n.node.started","message":"n8n.node.started","payload":{"workflowId":"7XNy9nIIe7POAwVD","workflowName":"tg_vn1","executionId":"540","nodeType":"n8n-nodes-base.switch","nodeName":"Доступ","nodeId":"e8c2ee7c-b33e-4a42-a659-124771107dac"}}
{"__type":"$$EventMessageConfirm","confirm":"2207ed87-13d2-44a0-9007-ae1bb39c46ee","ts":"2026-01-21T01:11:41.007-05:00","source":{"id":"0","name":"eventBus"}}
{"__type":"$$EventMessageNode","id":"8bc178a4-3ac6-4d23-8d67-d25dda4c0dd9","ts":"2026-01-21T01:11:41.016-05:00","eventName":"n8n.node.finished","message":"n8n.node.finished","payload":{"workflowId":"7XNy9nIIe7POAwVD","workflowName":"tg_vn1","executionId":"540","nodeType":"n8n-nodes-base.switch","nodeName":"Доступ","nodeId":"e8c2ee7c-b33e-4a42-a659-124771107dac"}}
{"__type":"$$EventMessageConfirm","confirm":"8bc178a4-3ac6-4d23-8d67-d25dda4c0dd9","ts":"2026-01-21T01:11:41.016-05:00","source":{"id":"0","name":"eventBus"}}
{"__type":"$$EventMessageNode","id":"31a54de9-caaf-4f05-b7cc-ccbd48f433fc","ts":"2026-01-21T01:11:41.017-05:00","eventName":"n8n.node.started","message":"n8n.node.started","payload":{"workflowId":"7XNy9nIIe7POAwVD","workflowName":"tg_vn1","executionId":"540","nodeType":"n8n-nodes-base.switch","nodeName":"Commands","nodeId":"39632c30-c5e0-4f82-8258-d026eb4cc2b8"}}
{"__type":"$$EventMessageConfirm","confirm":"31a54de9-caaf-4f05-b7cc-ccbd48f433fc","ts":"2026-01-21T01:11:41.017-05:00","source":{"id":"0","name":"eventBus"}}
{"__type":"$$EventMessageNode","id":"2a7f4c9a-d765-4176-a537-a2ec7b04c7e0","ts":"2026-01-21T01:11:41.024-05:00","eventName":"n8n.node.finished","message":"n8n.node.finished","payload":{"workflowId":"7XNy9nIIe7POAwVD","workflowName":"tg_vn1","executionId":"540","nodeType":"n8n-nodes-base.switch","nodeName":"Commands","nodeId":"39632c30-c5e0-4f82-8258-d026eb4cc2b8"}}
{"__type":"$$EventMessageConfirm","confirm":"2a7f4c9a-d765-4176-a537-a2ec7b04c7e0","ts":"2026-01-21T01:11:41.024-05:00","source":{"id":"0","name":"eventBus"}}
{"__type":"$$EventMessageNode","id":"2ea1f76f-1780-4f70-8327-69aa7bbfd6a0","ts":"2026-01-21T01:11:41.025-05:00","eventName":"n8n.node.started","message":"n8n.node.started","payload":{"workflowId":"7XNy9nIIe7POAwVD","workflowName":"tg_vn1","executionId":"540","nodeType":"n8n-nodes-base.switch","nodeName":"Commands1","nodeId":"9c98bf2c-882f-43b1-9a56-eeebc19762aa"}}
{"__type":"$$EventMessageConfirm","confirm":"2ea1f76f-1780-4f70-8327-69aa7bbfd6a0","ts":"2026-01-21T01:11:41.025-05:00","source":{"id":"0","name":"eventBus"}}
{"__type":"$$EventMessageNode","id":"befbf53c-a3b9-412f-8b06-593ee1487d90","ts":"2026-01-21T01:11:41.045-05:00","eventName":"n8n.node.finished","message":"n8n.node.finished","payload":{"workflowId":"7XNy9nIIe7POAwVD","workflowName":"tg_vn1","executionId":"540","nodeType":"n8n-nodes-base.switch","nodeName":"Commands1","nodeId":"9c98bf2c-882f-43b1-9a56-eeebc19762aa"}}
{"__type":"$$EventMessageConfirm","confirm":"befbf53c-a3b9-412f-8b06-593ee1487d90","ts":"2026-01-21T01:11:41.045-05:00","source":{"id":"0","name":"eventBus"}}
{"__type":"$$EventMessageNode","id":"945556b9-8116-4974-b011-5e411308770b","ts":"2026-01-21T01:11:41.046-05:00","eventName":"n8n.node.started","message":"n8n.node.started","payload":{"workflowId":"7XNy9nIIe7POAwVD","workflowName":"tg_vn1","executionId":"540","nodeType":"n8n-nodes-base.switch","nodeName":"Switch3","nodeId":"e0801297-41fa-4002-85a6-9d72f107f218"}}
{"__type":"$$EventMessageConfirm","confirm":"945556b9-8116-4974-b011-5e411308770b","ts":"2026-01-21T01:11:41.046-05:00","source":{"id":"0","name":"eventBus"}}
{"__type":"$$EventMessageNode","id":"2bdcb4ce-6031-4dcc-baa4-4e3405b2bd22","ts":"2026-01-21T01:11:41.062-05:00","eventName":"n8n.node.finished","message":"n8n.node.finished","payload":{"workflowId":"7XNy9nIIe7POAwVD","workflowName":"tg_vn1","executionId":"540","nodeType":"n8n-nodes-base.switch","nodeName":"Switch3","nodeId":"e0801297-41fa-4002-85a6-9d72f107f218"}}
{"__type":"$$EventMessageConfirm","confirm":"2bdcb4ce-6031-4dcc-baa4-4e3405b2bd22","ts":"2026-01-21T01:11:41.062-05:00","source":{"id":"0","name":"eventBus"}}
{"__type":"$$EventMessageNode","id":"17369bd1-1279-4515-afac-d27970cd5ef7","ts":"2026-01-21T01:11:41.063-05:00","eventName":"n8n.node.started","message":"n8n.node.started","payload":{"workflowId":"7XNy9nIIe7POAwVD","workflowName":"tg_vn1","executionId":"540","nodeType":"n8n-nodes-base.telegram","nodeName":"loading2","nodeId":"88f6dd20-67cf-42a9-b95a-9cb0585dac32"}}
{"__type":"$$EventMessageConfirm","confirm":"17369bd1-1279-4515-afac-d27970cd5ef7","ts":"2026-01-21T01:11:41.063-05:00","source":{"id":"0","name":"eventBus"}}
{"__type":"$$EventMessageNode","id":"e036bbde-17fd-4c2d-a507-9589494497e3","ts":"2026-01-21T01:11:41.413-05:00","eventName":"n8n.node.finished","message":"n8n.node.finished","payload":{"workflowId":"7XNy9nIIe7POAwVD","workflowName":"tg_vn1","executionId":"540","nodeType":"n8n-nodes-base.telegram","nodeName":"loading2","nodeId":"88f6dd20-67cf-42a9-b95a-9cb0585dac32"}}
{"__type":"$$EventMessageConfirm","confirm":"e036bbde-17fd-4c2d-a507-9589494497e3","ts":"2026-01-21T01:11:41.414-05:00","source":{"id":"0","name":"eventBus"}}
{"__type":"$$EventMessageNode","id":"fe9fc56e-6126-459c-9f29-18bbcf519e39","ts":"2026-01-21T01:11:41.416-05:00","eventName":"n8n.node.started","message":"n8n.node.started","payload":{"workflowId":"7XNy9nIIe7POAwVD","workflowName":"tg_vn1","executionId":"540","nodeType":"n8n-nodes-base.set","nodeName":"data_tg","nodeId":"daa122e5-74e8-4f37-b7ea-eada6f319179"}}
{"__type":"$$EventMessageConfirm","confirm":"fe9fc56e-6126-459c-9f29-18bbcf519e39","ts":"2026-01-21T01:11:41.416-05:00","source":{"id":"0","name":"eventBus"}}
{"__type":"$$EventMessageNode","id":"e39e2b7d-5df8-4de8-8feb-afeca4a79132","ts":"2026-01-21T01:11:41.421-05:00","eventName":"n8n.node.finished","message":"n8n.node.finished","payload":{"workflowId":"7XNy9nIIe7POAwVD","workflowName":"tg_vn1","executionId":"540","nodeType":"n8n-nodes-base.set","nodeName":"data_tg","nodeId":"daa122e5-74e8-4f37-b7ea-eada6f319179"}}
{"__type":"$$EventMessageConfirm","confirm":"e39e2b7d-5df8-4de8-8feb-afeca4a79132","ts":"2026-01-21T01:11:41.421-05:00","source":{"id":"0","name":"eventBus"}}
{"__type":"$$EventMessageNode","id":"75d6b2fc-548d-41c7-a369-338d0a169f9e","ts":"2026-01-21T01:11:41.422-05:00","eventName":"n8n.node.started","message":"n8n.node.started","payload":{"workflowId":"7XNy9nIIe7POAwVD","workflowName":"tg_vn1","executionId":"540","nodeType":"n8n-nodes-base.httpRequest","nodeName":"get_file","nodeId":"127b0c05-d729-46e6-a4b2-8407acd9e205"}}
{"__type":"$$EventMessageConfirm","confirm":"75d6b2fc-548d-41c7-a369-338d0a169f9e","ts":"2026-01-21T01:11:41.422-05:00","source":{"id":"0","name":"eventBus"}}
{"__type":"$$EventMessageNode","id":"93dbe08d-abc3-4c49-83af-b1e12e313dcd","ts":"2026-01-21T01:11:41.945-05:00","eventName":"n8n.node.finished","message":"n8n.node.finished","payload":{"workflowId":"7XNy9nIIe7POAwVD","workflowName":"tg_vn1","executionId":"540","nodeType":"n8n-nodes-base.httpRequest","nodeName":"get_file","nodeId":"127b0c05-d729-46e6-a4b2-8407acd9e205"}}
{"__type":"$$EventMessageConfirm","confirm":"93dbe08d-abc3-4c49-83af-b1e12e313dcd","ts":"2026-01-21T01:11:41.945-05:00","source":{"id":"0","name":"eventBus"}}
{"__type":"$$EventMessageNode","id":"df92e842-800c-4be8-ae50-dbb237740646","ts":"2026-01-21T01:11:41.946-05:00","eventName":"n8n.node.started","message":"n8n.node.started","payload":{"workflowId":"7XNy9nIIe7POAwVD","workflowName":"tg_vn1","executionId":"540","nodeType":"n8n-nodes-base.httpRequest","nodeName":"save_file","nodeId":"44185b46-0801-43b5-8e67-557d8c062adb"}}
{"__type":"$$EventMessageConfirm","confirm":"df92e842-800c-4be8-ae50-dbb237740646","ts":"2026-01-21T01:11:41.946-05:00","source":{"id":"0","name":"eventBus"}}
{"__type":"$$EventMessageNode","id":"46504551-d6e3-4343-848f-ba6f4e0dc27d","ts":"2026-01-21T01:11:42.492-05:00","eventName":"n8n.node.finished","message":"n8n.node.finished","payload":{"workflowId":"7XNy9nIIe7POAwVD","workflowName":"tg_vn1","executionId":"540","nodeType":"n8n-nodes-base.httpRequest","nodeName":"save_file","nodeId":"44185b46-0801-43b5-8e67-557d8c062adb"}}
{"__type":"$$EventMessageConfirm","confirm":"46504551-d6e3-4343-848f-ba6f4e0dc27d","ts":"2026-01-21T01:11:42.492-05:00","source":{"id":"0","name":"eventBus"}}
{"__type":"$$EventMessageNode","id":"bb141679-029a-4cdc-a307-bb7b90848421","ts":"2026-01-21T01:11:42.493-05:00","eventName":"n8n.node.started","message":"n8n.node.started","payload":{"workflowId":"7XNy9nIIe7POAwVD","workflowName":"tg_vn1","executionId":"540","nodeType":"n8n-nodes-base.switch","nodeName":"type_doc","nodeId":"8b2c3399-ceb5-4f5d-b08b-5bb5c3d8210a"}}
{"__type":"$$EventMessageConfirm","confirm":"bb141679-029a-4cdc-a307-bb7b90848421","ts":"2026-01-21T01:11:42.494-05:00","source":{"id":"0","name":"eventBus"}}
{"__type":"$$EventMessageNode","id":"df345cd4-21ae-48a1-bf28-46a2ae79dbf9","ts":"2026-01-21T01:11:42.502-05:00","eventName":"n8n.node.finished","message":"n8n.node.finished","payload":{"workflowId":"7XNy9nIIe7POAwVD","workflowName":"tg_vn1","executionId":"540","nodeType":"n8n-nodes-base.switch","nodeName":"type_doc","nodeId":"8b2c3399-ceb5-4f5d-b08b-5bb5c3d8210a"}}
{"__type":"$$EventMessageConfirm","confirm":"df345cd4-21ae-48a1-bf28-46a2ae79dbf9","ts":"2026-01-21T01:11:42.502-05:00","source":{"id":"0","name":"eventBus"}}
{"__type":"$$EventMessageNode","id":"ba798748-27d1-4476-9ee4-74b4fbd86bc9","ts":"2026-01-21T01:11:42.503-05:00","eventName":"n8n.node.started","message":"n8n.node.started","payload":{"workflowId":"7XNy9nIIe7POAwVD","workflowName":"tg_vn1","executionId":"540","nodeType":"n8n-nodes-base.httpRequest","nodeName":"docx to html container","nodeId":"94c5177d-5714-4b24-ae27-2636f4393ab7"}}
{"__type":"$$EventMessageConfirm","confirm":"ba798748-27d1-4476-9ee4-74b4fbd86bc9","ts":"2026-01-21T01:11:42.503-05:00","source":{"id":"0","name":"eventBus"}}
{"__type":"$$EventMessageNode","id":"9b4fcafb-bc2d-4081-93a1-a5c841d92ec7","ts":"2026-01-21T01:12:30.010-05:00","eventName":"n8n.node.finished","message":"n8n.node.finished","payload":{"workflowId":"7XNy9nIIe7POAwVD","workflowName":"tg_vn1","executionId":"540","nodeType":"n8n-nodes-base.httpRequest","nodeName":"docx to html container","nodeId":"94c5177d-5714-4b24-ae27-2636f4393ab7"}}
{"__type":"$$EventMessageConfirm","confirm":"9b4fcafb-bc2d-4081-93a1-a5c841d92ec7","ts":"2026-01-21T01:12:30.010-05:00","source":{"id":"0","name":"eventBus"}}
{"__type":"$$EventMessageNode","id":"80a910c7-fca3-4570-bc0e-004a8436b962","ts":"2026-01-21T01:12:30.012-05:00","eventName":"n8n.node.started","message":"n8n.node.started","payload":{"workflowId":"7XNy9nIIe7POAwVD","workflowName":"tg_vn1","executionId":"540","nodeType":"n8n-nodes-base.set","nodeName":"summarize","nodeId":"c7abc39a-268b-482c-83d7-42ceaca9c6b3"}}
{"__type":"$$EventMessageConfirm","confirm":"80a910c7-fca3-4570-bc0e-004a8436b962","ts":"2026-01-21T01:12:30.012-05:00","source":{"id":"0","name":"eventBus"}}
{"__type":"$$EventMessageNode","id":"9a36146e-0b09-4099-b8bf-e0f1ff3d090d","ts":"2026-01-21T01:12:30.051-05:00","eventName":"n8n.node.finished","message":"n8n.node.finished","payload":{"workflowId":"7XNy9nIIe7POAwVD","workflowName":"tg_vn1","executionId":"540","nodeType":"n8n-nodes-base.set","nodeName":"summarize","nodeId":"c7abc39a-268b-482c-83d7-42ceaca9c6b3"}}
{"__type":"$$EventMessageConfirm","confirm":"9a36146e-0b09-4099-b8bf-e0f1ff3d090d","ts":"2026-01-21T01:12:30.052-05:00","source":{"id":"0","name":"eventBus"}}
{"__type":"$$EventMessageNode","id":"7e60fbf2-d351-4a60-b6e5-82fdadacbf3b","ts":"2026-01-21T01:12:30.054-05:00","eventName":"n8n.node.started","message":"n8n.node.started","payload":{"workflowId":"7XNy9nIIe7POAwVD","workflowName":"tg_vn1","executionId":"540","nodeType":"n8n-nodes-base.convertToFile","nodeName":"Convert to File","nodeId":"f341552d-1408-445f-95bc-42defa845e98"}}
{"__type":"$$EventMessageConfirm","confirm":"7e60fbf2-d351-4a60-b6e5-82fdadacbf3b","ts":"2026-01-21T01:12:30.055-05:00","source":{"id":"0","name":"eventBus"}}
{"__type":"$$EventMessageNode","id":"19b11973-adf8-4d3a-84a8-d64d700597f6","ts":"2026-01-21T01:12:30.063-05:00","eventName":"n8n.node.finished","message":"n8n.node.finished","payload":{"workflowId":"7XNy9nIIe7POAwVD","workflowName":"tg_vn1","executionId":"540","nodeType":"n8n-nodes-base.convertToFile","nodeName":"Convert to File","nodeId":"f341552d-1408-445f-95bc-42defa845e98"}}
{"__type":"$$EventMessageConfirm","confirm":"19b11973-adf8-4d3a-84a8-d64d700597f6","ts":"2026-01-21T01:12:30.064-05:00","source":{"id":"0","name":"eventBus"}}
{"__type":"$$EventMessageNode","id":"23e8c985-7c7e-483d-b8df-192c2546cc7c","ts":"2026-01-21T01:12:30.065-05:00","eventName":"n8n.node.started","message":"n8n.node.started","payload":{"workflowId":"7XNy9nIIe7POAwVD","workflowName":"tg_vn1","executionId":"540","nodeType":"n8n-nodes-base.telegram","nodeName":"result","nodeId":"0f3af201-563e-4915-bede-fbc298f882e0"}}
{"__type":"$$EventMessageConfirm","confirm":"23e8c985-7c7e-483d-b8df-192c2546cc7c","ts":"2026-01-21T01:12:30.066-05:00","source":{"id":"0","name":"eventBus"}}
{"__type":"$$EventMessageNode","id":"a4c4510b-dfb6-4fb6-9f1b-620ca5522ca6","ts":"2026-01-21T01:12:30.609-05:00","eventName":"n8n.node.finished","message":"n8n.node.finished","payload":{"workflowId":"7XNy9nIIe7POAwVD","workflowName":"tg_vn1","executionId":"540","nodeType":"n8n-nodes-base.telegram","nodeName":"result","nodeId":"0f3af201-563e-4915-bede-fbc298f882e0"}}
{"__type":"$$EventMessageConfirm","confirm":"a4c4510b-dfb6-4fb6-9f1b-620ca5522ca6","ts":"2026-01-21T01:12:30.609-05:00","source":{"id":"0","name":"eventBus"}}
{"__type":"$$EventMessageNode","id":"b78c1d76-f389-4aa6-9833-69169b2d34fd","ts":"2026-01-21T01:12:30.610-05:00","eventName":"n8n.node.started","message":"n8n.node.started","payload":{"workflowId":"7XNy9nIIe7POAwVD","workflowName":"tg_vn1","executionId":"540","nodeType":"n8n-nodes-base.telegram","nodeName":"del loading","nodeId":"658a9c55-8444-4f4b-8b9f-c47cdd8e1ba5"}}
{"__type":"$$EventMessageConfirm","confirm":"b78c1d76-f389-4aa6-9833-69169b2d34fd","ts":"2026-01-21T01:12:30.611-05:00","source":{"id":"0","name":"eventBus"}}
{"__type":"$$EventMessageNode","id":"cb9523fb-c026-4d75-94bb-dfcfd0f2cc22","ts":"2026-01-21T01:12:30.971-05:00","eventName":"n8n.node.finished","message":"n8n.node.finished","payload":{"workflowId":"7XNy9nIIe7POAwVD","workflowName":"tg_vn1","executionId":"540","nodeType":"n8n-nodes-base.telegram","nodeName":"del loading","nodeId":"658a9c55-8444-4f4b-8b9f-c47cdd8e1ba5"}}
{"__type":"$$EventMessageConfirm","confirm":"cb9523fb-c026-4d75-94bb-dfcfd0f2cc22","ts":"2026-01-21T01:12:30.971-05:00","source":{"id":"0","name":"eventBus"}}
{"__type":"$$EventMessageWorkflow","id":"b3a44beb-8768-4d77-8737-ddaf771952ef","ts":"2026-01-21T01:12:31.099-05:00","eventName":"n8n.workflow.success","message":"n8n.workflow.success","payload":{"executionId":"540","success":true,"isManual":true,"workflowId":"7XNy9nIIe7POAwVD","workflowName":"tg_vn1"}}
{"__type":"$$EventMessageConfirm","confirm":"b3a44beb-8768-4d77-8737-ddaf771952ef","ts":"2026-01-21T01:12:31.100-05:00","source":{"id":"0","name":"eventBus"}}
