{"__type":"$$EventMessageWorkflow","id":"51bc31e1-9b46-44db-80c6-e90bf5362fbb","ts":"2026-01-24T23:14:02.171+00:00","eventName":"n8n.workflow.started","message":"n8n.workflow.started","payload":{"executionId":"658","workflowId":"7XNy9nIIe7POAwVD","isManual":false,"workflowName":"tg_vn1"}}
{"__type":"$$EventMessageConfirm","confirm":"51bc31e1-9b46-44db-80c6-e90bf5362fbb","ts":"2026-01-24T23:14:02.172+00:00","source":{"id":"0","name":"eventBus"}}
{"__type":"$$EventMessageAudit","id":"f50abbd0-a3f7-4351-84ae-3ddbff8e80dd","ts":"2026-01-24T23:14:02.172+00:00","eventName":"n8n.audit.workflow.executed","message":"n8n.audit.workflow.executed","payload":{"workflowId":"7XNy9nIIe7POAwVD","workflowName":"tg_vn1","executionId":"658","source":"webhook"}}
{"__type":"$$EventMessageConfirm","confirm":"f50abbd0-a3f7-4351-84ae-3ddbff8e80dd","ts":"2026-01-24T23:14:02.172+00:00","source":{"id":"0","name":"eventBus"}}
{"__type":"$$EventMessageNode","id":"0e7fbb72-7a3f-4d39-9682-cf7acb1a2fed","ts":"2026-01-24T23:14:02.173+00:00","eventName":"n8n.node.started","message":"n8n.node.started","payload":{"workflowId":"7XNy9nIIe7POAwVD","workflowName":"tg_vn1","executionId":"658","nodeType":"n8n-nodes-base.telegramTrigger","nodeName":"Telegram2","nodeId":"c6c1ab1f-4ae8-482e-9b32-2e1dbfdc4219"}}
{"__type":"$$EventMessageConfirm","confirm":"0e7fbb72-7a3f-4d39-9682-cf7acb1a2fed","ts":"2026-01-24T23:14:02.173+00:00","source":{"id":"0","name":"eventBus"}}
{"__type":"$$EventMessageNode","id":"5eb60997-a990-4e29-a661-df0620d0c3e0","ts":"2026-01-24T23:14:02.175+00:00","eventName":"n8n.node.finished","message":"n8n.node.finished","payload":{"workflowId":"7XNy9nIIe7POAwVD","workflowName":"tg_vn1","executionId":"658","nodeType":"n8n-nodes-base.telegramTrigger","nodeName":"Telegram2","nodeId":"c6c1ab1f-4ae8-482e-9b32-2e1dbfdc4219"}}
{"__type":"$$EventMessageConfirm","confirm":"5eb60997-a990-4e29-a661-df0620d0c3e0","ts":"2026-01-24T23:14:02.175+00:00","source":{"id":"0","name":"eventBus"}}
{"__type":"$$EventMessageNode","id":"b5755e6b-eaa2-4c45-b67a-9c86bba8ef79","ts":"2026-01-24T23:14:02.176+00:00","eventName":"n8n.node.started","message":"n8n.node.started","payload":{"workflowId":"7XNy9nIIe7POAwVD","workflowName":"tg_vn1","executionId":"658","nodeType":"n8n-nodes-base.telegram","nodeName":"action1","nodeId":"e606a5cd-3db1-444a-9de0-b8d110b56ad9"}}
{"__type":"$$EventMessageConfirm","confirm":"b5755e6b-eaa2-4c45-b67a-9c86bba8ef79","ts":"2026-01-24T23:14:02.176+00:00","source":{"id":"0","name":"eventBus"}}
{"__type":"$$EventMessageNode","id":"b5f0331a-ae75-4546-a58a-5017438efc6c","ts":"2026-01-24T18:14:02.671-05:00","eventName":"n8n.node.finished","message":"n8n.node.finished","payload":{"workflowId":"7XNy9nIIe7POAwVD","workflowName":"tg_vn1","executionId":"658","nodeType":"n8n-nodes-base.telegram","nodeName":"action1","nodeId":"e606a5cd-3db1-444a-9de0-b8d110b56ad9"}}
{"__type":"$$EventMessageConfirm","confirm":"b5f0331a-ae75-4546-a58a-5017438efc6c","ts":"2026-01-24T18:14:02.671-05:00","source":{"id":"0","name":"eventBus"}}
{"__type":"$$EventMessageNode","id":"cb6b1f56-919b-44ad-b10f-8b0925ba4edb","ts":"2026-01-24T18:14:02.672-05:00","eventName":"n8n.node.started","message":"n8n.node.started","payload":{"workflowId":"7XNy9nIIe7POAwVD","workflowName":"tg_vn1","executionId":"658","nodeType":"n8n-nodes-base.switch","nodeName":"Без авторизации","nodeId":"d4576293-271d-4bc3-86e2-7822a1645571"}}
{"__type":"$$EventMessageConfirm","confirm":"cb6b1f56-919b-44ad-b10f-8b0925ba4edb","ts":"2026-01-24T18:14:02.672-05:00","source":{"id":"0","name":"eventBus"}}
{"__type":"$$EventMessageNode","id":"8e3173b0-7a5e-44c6-a742-d52985148cf0","ts":"2026-01-24T18:14:02.790-05:00","eventName":"n8n.node.finished","message":"n8n.node.finished","payload":{"workflowId":"7XNy9nIIe7POAwVD","workflowName":"tg_vn1","executionId":"658","nodeType":"n8n-nodes-base.switch","nodeName":"Без авторизации","nodeId":"d4576293-271d-4bc3-86e2-7822a1645571"}}
{"__type":"$$EventMessageConfirm","confirm":"8e3173b0-7a5e-44c6-a742-d52985148cf0","ts":"2026-01-24T18:14:02.790-05:00","source":{"id":"0","name":"eventBus"}}
{"__type":"$$EventMessageNode","id":"cfa60a14-25f6-4007-a9d1-de81d0e366ec","ts":"2026-01-24T18:14:02.790-05:00","eventName":"n8n.node.started","message":"n8n.node.started","payload":{"workflowId":"7XNy9nIIe7POAwVD","workflowName":"tg_vn1","executionId":"658","nodeType":"n8n-nodes-base.googleSheets","nodeName":"users","nodeId":"14f83376-3e81-4f45-b1fa-9e6de8705dde"}}
{"__type":"$$EventMessageConfirm","confirm":"cfa60a14-25f6-4007-a9d1-de81d0e366ec","ts":"2026-01-24T18:14:02.790-05:00","source":{"id":"0","name":"eventBus"}}
{"__type":"$$EventMessageNode","id":"b1046d39-c297-4296-bccc-9a9d963dbf11","ts":"2026-01-24T18:14:04.395-05:00","eventName":"n8n.node.finished","message":"n8n.node.finished","payload":{"workflowId":"7XNy9nIIe7POAwVD","workflowName":"tg_vn1","executionId":"658","nodeType":"n8n-nodes-base.googleSheets","nodeName":"users","nodeId":"14f83376-3e81-4f45-b1fa-9e6de8705dde"}}
{"__type":"$$EventMessageConfirm","confirm":"b1046d39-c297-4296-bccc-9a9d963dbf11","ts":"2026-01-24T18:14:04.396-05:00","source":{"id":"0","name":"eventBus"}}
{"__type":"$$EventMessageNode","id":"a1735bf2-cc80-49b9-89c0-cffff14e5526","ts":"2026-01-24T18:14:04.396-05:00","eventName":"n8n.node.started","message":"n8n.node.started","payload":{"workflowId":"7XNy9nIIe7POAwVD","workflowName":"tg_vn1","executionId":"658","nodeType":"n8n-nodes-base.switch","nodeName":"Доступ","nodeId":"e8c2ee7c-b33e-4a42-a659-124771107dac"}}
{"__type":"$$EventMessageConfirm","confirm":"a1735bf2-cc80-49b9-89c0-cffff14e5526","ts":"2026-01-24T18:14:04.396-05:00","source":{"id":"0","name":"eventBus"}}
{"__type":"$$EventMessageNode","id":"9ab70039-9a37-4a27-9b7f-710dccf9649d","ts":"2026-01-24T18:14:04.405-05:00","eventName":"n8n.node.finished","message":"n8n.node.finished","payload":{"workflowId":"7XNy9nIIe7POAwVD","workflowName":"tg_vn1","executionId":"658","nodeType":"n8n-nodes-base.switch","nodeName":"Доступ","nodeId":"e8c2ee7c-b33e-4a42-a659-124771107dac"}}
{"__type":"$$EventMessageConfirm","confirm":"9ab70039-9a37-4a27-9b7f-710dccf9649d","ts":"2026-01-24T18:14:04.405-05:00","source":{"id":"0","name":"eventBus"}}
{"__type":"$$EventMessageNode","id":"10496bba-b7c3-46ff-abbf-3eb7155feaed","ts":"2026-01-24T18:14:04.405-05:00","eventName":"n8n.node.started","message":"n8n.node.started","payload":{"workflowId":"7XNy9nIIe7POAwVD","workflowName":"tg_vn1","executionId":"658","nodeType":"n8n-nodes-base.switch","nodeName":"Commands","nodeId":"39632c30-c5e0-4f82-8258-d026eb4cc2b8"}}
{"__type":"$$EventMessageConfirm","confirm":"10496bba-b7c3-46ff-abbf-3eb7155feaed","ts":"2026-01-24T18:14:04.405-05:00","source":{"id":"0","name":"eventBus"}}
{"__type":"$$EventMessageNode","id":"ed56a7a0-af46-4e20-a958-d957a2727b62","ts":"2026-01-24T18:14:04.423-05:00","eventName":"n8n.node.finished","message":"n8n.node.finished","payload":{"workflowId":"7XNy9nIIe7POAwVD","workflowName":"tg_vn1","executionId":"658","nodeType":"n8n-nodes-base.switch","nodeName":"Commands","nodeId":"39632c30-c5e0-4f82-8258-d026eb4cc2b8"}}
{"__type":"$$EventMessageConfirm","confirm":"ed56a7a0-af46-4e20-a958-d957a2727b62","ts":"2026-01-24T18:14:04.423-05:00","source":{"id":"0","name":"eventBus"}}
{"__type":"$$EventMessageNode","id":"aa83fa0b-3d1d-4dfa-b4f2-07b1524739a0","ts":"2026-01-24T18:14:04.423-05:00","eventName":"n8n.node.started","message":"n8n.node.started","payload":{"workflowId":"7XNy9nIIe7POAwVD","workflowName":"tg_vn1","executionId":"658","nodeType":"n8n-nodes-base.switch","nodeName":"Commands1","nodeId":"9c98bf2c-882f-43b1-9a56-eeebc19762aa"}}
{"__type":"$$EventMessageConfirm","confirm":"aa83fa0b-3d1d-4dfa-b4f2-07b1524739a0","ts":"2026-01-24T18:14:04.424-05:00","source":{"id":"0","name":"eventBus"}}
{"__type":"$$EventMessageNode","id":"9ac987d7-f549-4556-b1d7-aa01f1a7c67d","ts":"2026-01-24T18:14:04.437-05:00","eventName":"n8n.node.finished","message":"n8n.node.finished","payload":{"workflowId":"7XNy9nIIe7POAwVD","workflowName":"tg_vn1","executionId":"658","nodeType":"n8n-nodes-base.switch","nodeName":"Commands1","nodeId":"9c98bf2c-882f-43b1-9a56-eeebc19762aa"}}
{"__type":"$$EventMessageConfirm","confirm":"9ac987d7-f549-4556-b1d7-aa01f1a7c67d","ts":"2026-01-24T18:14:04.438-05:00","source":{"id":"0","name":"eventBus"}}
{"__type":"$$EventMessageNode","id":"c1ef8f64-294f-4298-856c-331ed28c5f7e","ts":"2026-01-24T18:14:04.438-05:00","eventName":"n8n.node.started","message":"n8n.node.started","payload":{"workflowId":"7XNy9nIIe7POAwVD","workflowName":"tg_vn1","executionId":"658","nodeType":"n8n-nodes-base.switch","nodeName":"Switch3","nodeId":"e0801297-41fa-4002-85a6-9d72f107f218"}}
{"__type":"$$EventMessageConfirm","confirm":"c1ef8f64-294f-4298-856c-331ed28c5f7e","ts":"2026-01-24T18:14:04.438-05:00","source":{"id":"0","name":"eventBus"}}
{"__type":"$$EventMessageNode","id":"c16db575-7733-458e-a89e-df286ef19c13","ts":"2026-01-24T18:14:04.455-05:00","eventName":"n8n.node.finished","message":"n8n.node.finished","payload":{"workflowId":"7XNy9nIIe7POAwVD","workflowName":"tg_vn1","executionId":"658","nodeType":"n8n-nodes-base.switch","nodeName":"Switch3","nodeId":"e0801297-41fa-4002-85a6-9d72f107f218"}}
{"__type":"$$EventMessageConfirm","confirm":"c16db575-7733-458e-a89e-df286ef19c13","ts":"2026-01-24T18:14:04.455-05:00","source":{"id":"0","name":"eventBus"}}
{"__type":"$$EventMessageNode","id":"b0f86e8f-6f5a-4daa-a232-abf8b6a820cf","ts":"2026-01-24T18:14:04.455-05:00","eventName":"n8n.node.started","message":"n8n.node.started","payload":{"workflowId":"7XNy9nIIe7POAwVD","workflowName":"tg_vn1","executionId":"658","nodeType":"n8n-nodes-base.telegram","nodeName":"loading2","nodeId":"88f6dd20-67cf-42a9-b95a-9cb0585dac32"}}
{"__type":"$$EventMessageConfirm","confirm":"b0f86e8f-6f5a-4daa-a232-abf8b6a820cf","ts":"2026-01-24T18:14:04.455-05:00","source":{"id":"0","name":"eventBus"}}
{"__type":"$$EventMessageNode","id":"448b91e5-f697-4219-90b1-89b3c55d2eb9","ts":"2026-01-24T18:14:04.838-05:00","eventName":"n8n.node.finished","message":"n8n.node.finished","payload":{"workflowId":"7XNy9nIIe7POAwVD","workflowName":"tg_vn1","executionId":"658","nodeType":"n8n-nodes-base.telegram","nodeName":"loading2","nodeId":"88f6dd20-67cf-42a9-b95a-9cb0585dac32"}}
{"__type":"$$EventMessageConfirm","confirm":"448b91e5-f697-4219-90b1-89b3c55d2eb9","ts":"2026-01-24T18:14:04.838-05:00","source":{"id":"0","name":"eventBus"}}
{"__type":"$$EventMessageNode","id":"62a36b82-fffe-4cde-9140-8aa733827ae9","ts":"2026-01-24T18:14:04.839-05:00","eventName":"n8n.node.started","message":"n8n.node.started","payload":{"workflowId":"7XNy9nIIe7POAwVD","workflowName":"tg_vn1","executionId":"658","nodeType":"n8n-nodes-base.set","nodeName":"data_tg","nodeId":"daa122e5-74e8-4f37-b7ea-eada6f319179"}}
{"__type":"$$EventMessageConfirm","confirm":"62a36b82-fffe-4cde-9140-8aa733827ae9","ts":"2026-01-24T18:14:04.839-05:00","source":{"id":"0","name":"eventBus"}}
{"__type":"$$EventMessageNode","id":"0acf7b2c-710b-4fbd-b398-c942787d207f","ts":"2026-01-24T18:14:04.843-05:00","eventName":"n8n.node.finished","message":"n8n.node.finished","payload":{"workflowId":"7XNy9nIIe7POAwVD","workflowName":"tg_vn1","executionId":"658","nodeType":"n8n-nodes-base.set","nodeName":"data_tg","nodeId":"daa122e5-74e8-4f37-b7ea-eada6f319179"}}
{"__type":"$$EventMessageConfirm","confirm":"0acf7b2c-710b-4fbd-b398-c942787d207f","ts":"2026-01-24T18:14:04.843-05:00","source":{"id":"0","name":"eventBus"}}
{"__type":"$$EventMessageNode","id":"77b23c7f-62c2-40c0-a01d-8cbc1a88a600","ts":"2026-01-24T18:14:04.843-05:00","eventName":"n8n.node.started","message":"n8n.node.started","payload":{"workflowId":"7XNy9nIIe7POAwVD","workflowName":"tg_vn1","executionId":"658","nodeType":"n8n-nodes-base.httpRequest","nodeName":"get_file","nodeId":"127b0c05-d729-46e6-a4b2-8407acd9e205"}}
{"__type":"$$EventMessageConfirm","confirm":"77b23c7f-62c2-40c0-a01d-8cbc1a88a600","ts":"2026-01-24T18:14:04.843-05:00","source":{"id":"0","name":"eventBus"}}
{"__type":"$$EventMessageNode","id":"0099b953-6864-4ba3-8062-a52ec83fa11b","ts":"2026-01-24T18:14:05.370-05:00","eventName":"n8n.node.finished","message":"n8n.node.finished","payload":{"workflowId":"7XNy9nIIe7POAwVD","workflowName":"tg_vn1","executionId":"658","nodeType":"n8n-nodes-base.httpRequest","nodeName":"get_file","nodeId":"127b0c05-d729-46e6-a4b2-8407acd9e205"}}
{"__type":"$$EventMessageConfirm","confirm":"0099b953-6864-4ba3-8062-a52ec83fa11b","ts":"2026-01-24T18:14:05.370-05:00","source":{"id":"0","name":"eventBus"}}
{"__type":"$$EventMessageNode","id":"7f3e52f6-1bc9-4e0e-9363-9ff44bdb40d8","ts":"2026-01-24T18:14:05.370-05:00","eventName":"n8n.node.started","message":"n8n.node.started","payload":{"workflowId":"7XNy9nIIe7POAwVD","workflowName":"tg_vn1","executionId":"658","nodeType":"n8n-nodes-base.httpRequest","nodeName":"save_file","nodeId":"44185b46-0801-43b5-8e67-557d8c062adb"}}
{"__type":"$$EventMessageConfirm","confirm":"7f3e52f6-1bc9-4e0e-9363-9ff44bdb40d8","ts":"2026-01-24T18:14:05.370-05:00","source":{"id":"0","name":"eventBus"}}
{"__type":"$$EventMessageNode","id":"942dfabb-2b41-498e-952e-d942bd20fad8","ts":"2026-01-24T18:14:05.836-05:00","eventName":"n8n.node.finished","message":"n8n.node.finished","payload":{"workflowId":"7XNy9nIIe7POAwVD","workflowName":"tg_vn1","executionId":"658","nodeType":"n8n-nodes-base.httpRequest","nodeName":"save_file","nodeId":"44185b46-0801-43b5-8e67-557d8c062adb"}}
{"__type":"$$EventMessageConfirm","confirm":"942dfabb-2b41-498e-952e-d942bd20fad8","ts":"2026-01-24T18:14:05.836-05:00","source":{"id":"0","name":"eventBus"}}
{"__type":"$$EventMessageNode","id":"efe3bdf1-c641-408f-a014-3e1178053a0a","ts":"2026-01-24T18:14:05.836-05:00","eventName":"n8n.node.started","message":"n8n.node.started","payload":{"workflowId":"7XNy9nIIe7POAwVD","workflowName":"tg_vn1","executionId":"658","nodeType":"n8n-nodes-base.switch","nodeName":"type_doc","nodeId":"8b2c3399-ceb5-4f5d-b08b-5bb5c3d8210a"}}
{"__type":"$$EventMessageConfirm","confirm":"efe3bdf1-c641-408f-a014-3e1178053a0a","ts":"2026-01-24T18:14:05.837-05:00","source":{"id":"0","name":"eventBus"}}
{"__type":"$$EventMessageNode","id":"2897212b-28ac-4212-83a9-c6d378b81908","ts":"2026-01-24T18:14:05.845-05:00","eventName":"n8n.node.finished","message":"n8n.node.finished","payload":{"workflowId":"7XNy9nIIe7POAwVD","workflowName":"tg_vn1","executionId":"658","nodeType":"n8n-nodes-base.switch","nodeName":"type_doc","nodeId":"8b2c3399-ceb5-4f5d-b08b-5bb5c3d8210a"}}
{"__type":"$$EventMessageConfirm","confirm":"2897212b-28ac-4212-83a9-c6d378b81908","ts":"2026-01-24T18:14:05.846-05:00","source":{"id":"0","name":"eventBus"}}
{"__type":"$$EventMessageNode","id":"dbf2d288-698e-4cf5-9386-7b7d40674f15","ts":"2026-01-24T18:14:05.846-05:00","eventName":"n8n.node.started","message":"n8n.node.started","payload":{"workflowId":"7XNy9nIIe7POAwVD","workflowName":"tg_vn1","executionId":"658","nodeType":"n8n-nodes-base.httpRequest","nodeName":"docx to html container","nodeId":"94c5177d-5714-4b24-ae27-2636f4393ab7"}}
{"__type":"$$EventMessageConfirm","confirm":"dbf2d288-698e-4cf5-9386-7b7d40674f15","ts":"2026-01-24T18:14:05.847-05:00","source":{"id":"0","name":"eventBus"}}
{"__type":"$$EventMessageNode","id":"802fa7f6-70d7-467c-8b36-aaf91e506662","ts":"2026-01-24T18:14:18.814-05:00","eventName":"n8n.node.finished","message":"n8n.node.finished","payload":{"workflowId":"7XNy9nIIe7POAwVD","workflowName":"tg_vn1","executionId":"658","nodeType":"n8n-nodes-base.httpRequest","nodeName":"docx to html container","nodeId":"94c5177d-5714-4b24-ae27-2636f4393ab7"}}
{"__type":"$$EventMessageConfirm","confirm":"802fa7f6-70d7-467c-8b36-aaf91e506662","ts":"2026-01-24T18:14:18.814-05:00","source":{"id":"0","name":"eventBus"}}
{"__type":"$$EventMessageWorkflow","id":"22a7b98c-a716-4eff-956d-719218480ebd","ts":"2026-01-24T18:14:18.816-05:00","eventName":"n8n.workflow.failed","message":"n8n.workflow.failed","payload":{"executionId":"658","success":false,"isManual":false,"workflowId":"7XNy9nIIe7POAwVD","workflowName":"tg_vn1","lastNodeExecuted":"docx to html container","errorNodeType":"n8n-nodes-base.httpRequest","errorMessage":"The service was not able to process your request"}}
{"__type":"$$EventMessageConfirm","confirm":"22a7b98c-a716-4eff-956d-719218480ebd","ts":"2026-01-24T18:14:18.816-05:00","source":{"id":"0","name":"eventBus"}}
{"__type":"$$EventMessageAudit","id":"aa6e80d6-fe76-4f96-a6b3-0213b54bb7ab","ts":"2026-01-24T18:18:38.146-05:00","eventName":"n8n.audit.workflow.activated","message":"n8n.audit.workflow.activated","payload":{"userId":"52233263-faa5-4eb3-b867-52aa5cf68009","_email":"deor.dima@gmail.com","_firstName":"Дмитрий","_lastName":"Деордице","globalRole":"global:owner","workflowId":"7XNy9nIIe7POAwVD","workflowName":"tg_vn1","activeVersionId":"9289f071-878a-4fbd-870f-e494a4d2c25a"}}
{"__type":"$$EventMessageConfirm","confirm":"aa6e80d6-fe76-4f96-a6b3-0213b54bb7ab","ts":"2026-01-24T18:18:38.147-05:00","source":{"id":"0","name":"eventBus"}}
{"__type":"$$EventMessageWorkflow","id":"bde5cc25-b718-456d-8960-b7526efaf4a8","ts":"2026-01-24T18:19:00.032-05:00","eventName":"n8n.workflow.started","message":"n8n.workflow.started","payload":{"executionId":"659","workflowId":"7XNy9nIIe7POAwVD","isManual":false,"workflowName":"tg_vn1"}}
{"__type":"$$EventMessageConfirm","confirm":"bde5cc25-b718-456d-8960-b7526efaf4a8","ts":"2026-01-24T18:19:00.033-05:00","source":{"id":"0","name":"eventBus"}}
{"__type":"$$EventMessageAudit","id":"afbe6e69-6822-498a-9c36-3b6111819e8a","ts":"2026-01-24T18:19:00.033-05:00","eventName":"n8n.audit.workflow.executed","message":"n8n.audit.workflow.executed","payload":{"workflowId":"7XNy9nIIe7POAwVD","workflowName":"tg_vn1","executionId":"659","source":"webhook"}}
{"__type":"$$EventMessageConfirm","confirm":"afbe6e69-6822-498a-9c36-3b6111819e8a","ts":"2026-01-24T18:19:00.033-05:00","source":{"id":"0","name":"eventBus"}}
{"__type":"$$EventMessageNode","id":"e60b7e46-a576-4bf4-8be8-f4aff19540c7","ts":"2026-01-24T18:19:00.033-05:00","eventName":"n8n.node.started","message":"n8n.node.started","payload":{"workflowId":"7XNy9nIIe7POAwVD","workflowName":"tg_vn1","executionId":"659","nodeType":"n8n-nodes-base.telegramTrigger","nodeName":"Telegram2","nodeId":"c6c1ab1f-4ae8-482e-9b32-2e1dbfdc4219"}}
{"__type":"$$EventMessageConfirm","confirm":"e60b7e46-a576-4bf4-8be8-f4aff19540c7","ts":"2026-01-24T18:19:00.033-05:00","source":{"id":"0","name":"eventBus"}}
{"__type":"$$EventMessageNode","id":"1583960f-62ff-4c47-9166-c6419dbbc5e1","ts":"2026-01-24T18:19:00.034-05:00","eventName":"n8n.node.finished","message":"n8n.node.finished","payload":{"workflowId":"7XNy9nIIe7POAwVD","workflowName":"tg_vn1","executionId":"659","nodeType":"n8n-nodes-base.telegramTrigger","nodeName":"Telegram2","nodeId":"c6c1ab1f-4ae8-482e-9b32-2e1dbfdc4219"}}
{"__type":"$$EventMessageConfirm","confirm":"1583960f-62ff-4c47-9166-c6419dbbc5e1","ts":"2026-01-24T18:19:00.034-05:00","source":{"id":"0","name":"eventBus"}}
{"__type":"$$EventMessageNode","id":"4660eca8-50a5-4d09-b412-3a483adde672","ts":"2026-01-24T18:19:00.035-05:00","eventName":"n8n.node.started","message":"n8n.node.started","payload":{"workflowId":"7XNy9nIIe7POAwVD","workflowName":"tg_vn1","executionId":"659","nodeType":"n8n-nodes-base.telegram","nodeName":"action1","nodeId":"e606a5cd-3db1-444a-9de0-b8d110b56ad9"}}
{"__type":"$$EventMessageConfirm","confirm":"4660eca8-50a5-4d09-b412-3a483adde672","ts":"2026-01-24T18:19:00.035-05:00","source":{"id":"0","name":"eventBus"}}
{"__type":"$$EventMessageNode","id":"f36c5f5e-332c-4e90-9de8-78ef33380302","ts":"2026-01-24T18:19:00.373-05:00","eventName":"n8n.node.finished","message":"n8n.node.finished","payload":{"workflowId":"7XNy9nIIe7POAwVD","workflowName":"tg_vn1","executionId":"659","nodeType":"n8n-nodes-base.telegram","nodeName":"action1","nodeId":"e606a5cd-3db1-444a-9de0-b8d110b56ad9"}}
{"__type":"$$EventMessageConfirm","confirm":"f36c5f5e-332c-4e90-9de8-78ef33380302","ts":"2026-01-24T18:19:00.374-05:00","source":{"id":"0","name":"eventBus"}}
{"__type":"$$EventMessageNode","id":"8ccc6a6a-5335-4b9a-8146-bdab0c4d1605","ts":"2026-01-24T18:19:00.374-05:00","eventName":"n8n.node.started","message":"n8n.node.started","payload":{"workflowId":"7XNy9nIIe7POAwVD","workflowName":"tg_vn1","executionId":"659","nodeType":"n8n-nodes-base.switch","nodeName":"Без авторизации","nodeId":"d4576293-271d-4bc3-86e2-7822a1645571"}}
{"__type":"$$EventMessageConfirm","confirm":"8ccc6a6a-5335-4b9a-8146-bdab0c4d1605","ts":"2026-01-24T18:19:00.374-05:00","source":{"id":"0","name":"eventBus"}}
{"__type":"$$EventMessageNode","id":"bde51d98-170a-42e8-bc6e-1504439f37c3","ts":"2026-01-24T18:19:00.379-05:00","eventName":"n8n.node.finished","message":"n8n.node.finished","payload":{"workflowId":"7XNy9nIIe7POAwVD","workflowName":"tg_vn1","executionId":"659","nodeType":"n8n-nodes-base.switch","nodeName":"Без авторизации","nodeId":"d4576293-271d-4bc3-86e2-7822a1645571"}}
{"__type":"$$EventMessageConfirm","confirm":"bde51d98-170a-42e8-bc6e-1504439f37c3","ts":"2026-01-24T18:19:00.379-05:00","source":{"id":"0","name":"eventBus"}}
{"__type":"$$EventMessageNode","id":"dfe946d4-a7f1-489e-ab2d-e77813733f30","ts":"2026-01-24T18:19:00.380-05:00","eventName":"n8n.node.started","message":"n8n.node.started","payload":{"workflowId":"7XNy9nIIe7POAwVD","workflowName":"tg_vn1","executionId":"659","nodeType":"n8n-nodes-base.googleSheets","nodeName":"users","nodeId":"14f83376-3e81-4f45-b1fa-9e6de8705dde"}}
{"__type":"$$EventMessageConfirm","confirm":"dfe946d4-a7f1-489e-ab2d-e77813733f30","ts":"2026-01-24T18:19:00.380-05:00","source":{"id":"0","name":"eventBus"}}
{"__type":"$$EventMessageNode","id":"5b9955d7-1404-4373-b7f6-34d2af0c86d5","ts":"2026-01-24T18:19:00.686-05:00","eventName":"n8n.node.finished","message":"n8n.node.finished","payload":{"workflowId":"7XNy9nIIe7POAwVD","workflowName":"tg_vn1","executionId":"659","nodeType":"n8n-nodes-base.googleSheets","nodeName":"users","nodeId":"14f83376-3e81-4f45-b1fa-9e6de8705dde"}}
{"__type":"$$EventMessageConfirm","confirm":"5b9955d7-1404-4373-b7f6-34d2af0c86d5","ts":"2026-01-24T18:19:00.686-05:00","source":{"id":"0","name":"eventBus"}}
{"__type":"$$EventMessageNode","id":"c85819ba-b1b7-402f-8335-da16fd9eb647","ts":"2026-01-24T18:19:00.688-05:00","eventName":"n8n.node.started","message":"n8n.node.started","payload":{"workflowId":"7XNy9nIIe7POAwVD","workflowName":"tg_vn1","executionId":"659","nodeType":"n8n-nodes-base.switch","nodeName":"Доступ","nodeId":"e8c2ee7c-b33e-4a42-a659-124771107dac"}}
{"__type":"$$EventMessageConfirm","confirm":"c85819ba-b1b7-402f-8335-da16fd9eb647","ts":"2026-01-24T18:19:00.688-05:00","source":{"id":"0","name":"eventBus"}}
{"__type":"$$EventMessageNode","id":"bc53e821-1cb9-41b5-a782-05069fc103da","ts":"2026-01-24T18:19:00.690-05:00","eventName":"n8n.node.finished","message":"n8n.node.finished","payload":{"workflowId":"7XNy9nIIe7POAwVD","workflowName":"tg_vn1","executionId":"659","nodeType":"n8n-nodes-base.switch","nodeName":"Доступ","nodeId":"e8c2ee7c-b33e-4a42-a659-124771107dac"}}
{"__type":"$$EventMessageConfirm","confirm":"bc53e821-1cb9-41b5-a782-05069fc103da","ts":"2026-01-24T18:19:00.690-05:00","source":{"id":"0","name":"eventBus"}}
{"__type":"$$EventMessageNode","id":"bbe17fba-2963-4e90-99fe-8007e901c970","ts":"2026-01-24T18:19:00.690-05:00","eventName":"n8n.node.started","message":"n8n.node.started","payload":{"workflowId":"7XNy9nIIe7POAwVD","workflowName":"tg_vn1","executionId":"659","nodeType":"n8n-nodes-base.switch","nodeName":"Commands","nodeId":"39632c30-c5e0-4f82-8258-d026eb4cc2b8"}}
{"__type":"$$EventMessageConfirm","confirm":"bbe17fba-2963-4e90-99fe-8007e901c970","ts":"2026-01-24T18:19:00.690-05:00","source":{"id":"0","name":"eventBus"}}
{"__type":"$$EventMessageNode","id":"3c8eda83-07e4-4111-9033-f53bc7d285f9","ts":"2026-01-24T18:19:00.699-05:00","eventName":"n8n.node.finished","message":"n8n.node.finished","payload":{"workflowId":"7XNy9nIIe7POAwVD","workflowName":"tg_vn1","executionId":"659","nodeType":"n8n-nodes-base.switch","nodeName":"Commands","nodeId":"39632c30-c5e0-4f82-8258-d026eb4cc2b8"}}
{"__type":"$$EventMessageConfirm","confirm":"3c8eda83-07e4-4111-9033-f53bc7d285f9","ts":"2026-01-24T18:19:00.699-05:00","source":{"id":"0","name":"eventBus"}}
{"__type":"$$EventMessageNode","id":"d6e965a1-7c85-4d63-acdd-7bb6a6693f7a","ts":"2026-01-24T18:19:00.699-05:00","eventName":"n8n.node.started","message":"n8n.node.started","payload":{"workflowId":"7XNy9nIIe7POAwVD","workflowName":"tg_vn1","executionId":"659","nodeType":"n8n-nodes-base.switch","nodeName":"other","nodeId":"9c98bf2c-882f-43b1-9a56-eeebc19762aa"}}
{"__type":"$$EventMessageConfirm","confirm":"d6e965a1-7c85-4d63-acdd-7bb6a6693f7a","ts":"2026-01-24T18:19:00.699-05:00","source":{"id":"0","name":"eventBus"}}
{"__type":"$$EventMessageNode","id":"b0a4de68-92a6-4924-a4c4-8830ac55bf16","ts":"2026-01-24T18:19:00.703-05:00","eventName":"n8n.node.finished","message":"n8n.node.finished","payload":{"workflowId":"7XNy9nIIe7POAwVD","workflowName":"tg_vn1","executionId":"659","nodeType":"n8n-nodes-base.switch","nodeName":"other","nodeId":"9c98bf2c-882f-43b1-9a56-eeebc19762aa"}}
{"__type":"$$EventMessageConfirm","confirm":"b0a4de68-92a6-4924-a4c4-8830ac55bf16","ts":"2026-01-24T18:19:00.703-05:00","source":{"id":"0","name":"eventBus"}}
{"__type":"$$EventMessageNode","id":"bee8b0c7-4b09-405a-89a3-100fb7d6363f","ts":"2026-01-24T18:19:00.703-05:00","eventName":"n8n.node.started","message":"n8n.node.started","payload":{"workflowId":"7XNy9nIIe7POAwVD","workflowName":"tg_vn1","executionId":"659","nodeType":"n8n-nodes-base.switch","nodeName":"Switch3","nodeId":"e0801297-41fa-4002-85a6-9d72f107f218"}}
{"__type":"$$EventMessageConfirm","confirm":"bee8b0c7-4b09-405a-89a3-100fb7d6363f","ts":"2026-01-24T18:19:00.703-05:00","source":{"id":"0","name":"eventBus"}}
{"__type":"$$EventMessageNode","id":"11d83a45-de2f-441f-b7bb-c30c765b469b","ts":"2026-01-24T18:19:00.708-05:00","eventName":"n8n.node.finished","message":"n8n.node.finished","payload":{"workflowId":"7XNy9nIIe7POAwVD","workflowName":"tg_vn1","executionId":"659","nodeType":"n8n-nodes-base.switch","nodeName":"Switch3","nodeId":"e0801297-41fa-4002-85a6-9d72f107f218"}}
{"__type":"$$EventMessageConfirm","confirm":"11d83a45-de2f-441f-b7bb-c30c765b469b","ts":"2026-01-24T18:19:00.708-05:00","source":{"id":"0","name":"eventBus"}}
{"__type":"$$EventMessageNode","id":"f4e53c23-d9d7-41e2-92b8-da73d80ca0f7","ts":"2026-01-24T18:19:00.708-05:00","eventName":"n8n.node.started","message":"n8n.node.started","payload":{"workflowId":"7XNy9nIIe7POAwVD","workflowName":"tg_vn1","executionId":"659","nodeType":"n8n-nodes-base.telegram","nodeName":"loading2","nodeId":"88f6dd20-67cf-42a9-b95a-9cb0585dac32"}}
{"__type":"$$EventMessageConfirm","confirm":"f4e53c23-d9d7-41e2-92b8-da73d80ca0f7","ts":"2026-01-24T18:19:00.708-05:00","source":{"id":"0","name":"eventBus"}}
{"__type":"$$EventMessageNode","id":"d9f5cf21-6c88-4aa9-b0db-2d252b251c4b","ts":"2026-01-24T18:19:01.064-05:00","eventName":"n8n.node.finished","message":"n8n.node.finished","payload":{"workflowId":"7XNy9nIIe7POAwVD","workflowName":"tg_vn1","executionId":"659","nodeType":"n8n-nodes-base.telegram","nodeName":"loading2","nodeId":"88f6dd20-67cf-42a9-b95a-9cb0585dac32"}}
{"__type":"$$EventMessageConfirm","confirm":"d9f5cf21-6c88-4aa9-b0db-2d252b251c4b","ts":"2026-01-24T18:19:01.065-05:00","source":{"id":"0","name":"eventBus"}}
{"__type":"$$EventMessageNode","id":"620fc745-2452-42b4-8ebc-4c8f4cde68fe","ts":"2026-01-24T18:19:01.065-05:00","eventName":"n8n.node.started","message":"n8n.node.started","payload":{"workflowId":"7XNy9nIIe7POAwVD","workflowName":"tg_vn1","executionId":"659","nodeType":"n8n-nodes-base.set","nodeName":"data_tg","nodeId":"daa122e5-74e8-4f37-b7ea-eada6f319179"}}
{"__type":"$$EventMessageConfirm","confirm":"620fc745-2452-42b4-8ebc-4c8f4cde68fe","ts":"2026-01-24T18:19:01.066-05:00","source":{"id":"0","name":"eventBus"}}
{"__type":"$$EventMessageNode","id":"909a5de6-75f9-411a-a3d2-fde74445a448","ts":"2026-01-24T18:19:01.067-05:00","eventName":"n8n.node.finished","message":"n8n.node.finished","payload":{"workflowId":"7XNy9nIIe7POAwVD","workflowName":"tg_vn1","executionId":"659","nodeType":"n8n-nodes-base.set","nodeName":"data_tg","nodeId":"daa122e5-74e8-4f37-b7ea-eada6f319179"}}
{"__type":"$$EventMessageConfirm","confirm":"909a5de6-75f9-411a-a3d2-fde74445a448","ts":"2026-01-24T18:19:01.067-05:00","source":{"id":"0","name":"eventBus"}}
{"__type":"$$EventMessageNode","id":"dd6c5263-249d-437e-b97a-5b5599a75f57","ts":"2026-01-24T18:19:01.068-05:00","eventName":"n8n.node.started","message":"n8n.node.started","payload":{"workflowId":"7XNy9nIIe7POAwVD","workflowName":"tg_vn1","executionId":"659","nodeType":"n8n-nodes-base.httpRequest","nodeName":"get_file","nodeId":"127b0c05-d729-46e6-a4b2-8407acd9e205"}}
{"__type":"$$EventMessageConfirm","confirm":"dd6c5263-249d-437e-b97a-5b5599a75f57","ts":"2026-01-24T18:19:01.068-05:00","source":{"id":"0","name":"eventBus"}}
{"__type":"$$EventMessageNode","id":"4e599470-6437-43e4-9a8f-f9a1333e4c2c","ts":"2026-01-24T18:19:01.415-05:00","eventName":"n8n.node.finished","message":"n8n.node.finished","payload":{"workflowId":"7XNy9nIIe7POAwVD","workflowName":"tg_vn1","executionId":"659","nodeType":"n8n-nodes-base.httpRequest","nodeName":"get_file","nodeId":"127b0c05-d729-46e6-a4b2-8407acd9e205"}}
{"__type":"$$EventMessageConfirm","confirm":"4e599470-6437-43e4-9a8f-f9a1333e4c2c","ts":"2026-01-24T18:19:01.415-05:00","source":{"id":"0","name":"eventBus"}}
{"__type":"$$EventMessageNode","id":"ae1f5808-c602-4460-95f4-dfe3312745fb","ts":"2026-01-24T18:19:01.416-05:00","eventName":"n8n.node.started","message":"n8n.node.started","payload":{"workflowId":"7XNy9nIIe7POAwVD","workflowName":"tg_vn1","executionId":"659","nodeType":"n8n-nodes-base.httpRequest","nodeName":"save_file","nodeId":"44185b46-0801-43b5-8e67-557d8c062adb"}}
{"__type":"$$EventMessageConfirm","confirm":"ae1f5808-c602-4460-95f4-dfe3312745fb","ts":"2026-01-24T18:19:01.416-05:00","source":{"id":"0","name":"eventBus"}}
{"__type":"$$EventMessageNode","id":"7dfde0d4-1cfe-481d-8b56-0294a6a0fa8d","ts":"2026-01-24T18:19:01.846-05:00","eventName":"n8n.node.finished","message":"n8n.node.finished","payload":{"workflowId":"7XNy9nIIe7POAwVD","workflowName":"tg_vn1","executionId":"659","nodeType":"n8n-nodes-base.httpRequest","nodeName":"save_file","nodeId":"44185b46-0801-43b5-8e67-557d8c062adb"}}
{"__type":"$$EventMessageConfirm","confirm":"7dfde0d4-1cfe-481d-8b56-0294a6a0fa8d","ts":"2026-01-24T18:19:01.846-05:00","source":{"id":"0","name":"eventBus"}}
{"__type":"$$EventMessageNode","id":"3347d70b-e8cb-4e23-a4d4-690cda3d3a44","ts":"2026-01-24T18:19:01.846-05:00","eventName":"n8n.node.started","message":"n8n.node.started","payload":{"workflowId":"7XNy9nIIe7POAwVD","workflowName":"tg_vn1","executionId":"659","nodeType":"n8n-nodes-base.switch","nodeName":"type_doc","nodeId":"8b2c3399-ceb5-4f5d-b08b-5bb5c3d8210a"}}
{"__type":"$$EventMessageConfirm","confirm":"3347d70b-e8cb-4e23-a4d4-690cda3d3a44","ts":"2026-01-24T18:19:01.847-05:00","source":{"id":"0","name":"eventBus"}}
{"__type":"$$EventMessageNode","id":"b1ab262f-f96e-4af3-a9de-c526df28e393","ts":"2026-01-24T18:19:01.849-05:00","eventName":"n8n.node.finished","message":"n8n.node.finished","payload":{"workflowId":"7XNy9nIIe7POAwVD","workflowName":"tg_vn1","executionId":"659","nodeType":"n8n-nodes-base.switch","nodeName":"type_doc","nodeId":"8b2c3399-ceb5-4f5d-b08b-5bb5c3d8210a"}}
{"__type":"$$EventMessageConfirm","confirm":"b1ab262f-f96e-4af3-a9de-c526df28e393","ts":"2026-01-24T18:19:01.849-05:00","source":{"id":"0","name":"eventBus"}}
{"__type":"$$EventMessageNode","id":"241bd463-1de7-4e12-9b8c-0392b5d6053a","ts":"2026-01-24T18:19:01.849-05:00","eventName":"n8n.node.started","message":"n8n.node.started","payload":{"workflowId":"7XNy9nIIe7POAwVD","workflowName":"tg_vn1","executionId":"659","nodeType":"n8n-nodes-base.httpRequest","nodeName":"docx to html container","nodeId":"94c5177d-5714-4b24-ae27-2636f4393ab7"}}
{"__type":"$$EventMessageConfirm","confirm":"241bd463-1de7-4e12-9b8c-0392b5d6053a","ts":"2026-01-24T18:19:01.849-05:00","source":{"id":"0","name":"eventBus"}}
{"__type":"$$EventMessageNode","id":"2874a58d-93a3-4a81-9c80-d53569405cd7","ts":"2026-01-24T18:19:05.575-05:00","eventName":"n8n.node.finished","message":"n8n.node.finished","payload":{"workflowId":"7XNy9nIIe7POAwVD","workflowName":"tg_vn1","executionId":"659","nodeType":"n8n-nodes-base.httpRequest","nodeName":"docx to html container","nodeId":"94c5177d-5714-4b24-ae27-2636f4393ab7"}}
{"__type":"$$EventMessageConfirm","confirm":"2874a58d-93a3-4a81-9c80-d53569405cd7","ts":"2026-01-24T18:19:05.576-05:00","source":{"id":"0","name":"eventBus"}}
{"__type":"$$EventMessageWorkflow","id":"15dbff2d-6223-4667-afd4-64262f84097a","ts":"2026-01-24T18:19:05.576-05:00","eventName":"n8n.workflow.failed","message":"n8n.workflow.failed","payload":{"executionId":"659","success":false,"isManual":false,"workflowId":"7XNy9nIIe7POAwVD","workflowName":"tg_vn1","lastNodeExecuted":"docx to html container","errorNodeType":"n8n-nodes-base.httpRequest","errorMessage":"The service was not able to process your request"}}
{"__type":"$$EventMessageConfirm","confirm":"15dbff2d-6223-4667-afd4-64262f84097a","ts":"2026-01-24T18:19:05.576-05:00","source":{"id":"0","name":"eventBus"}}
{"__type":"$$EventMessageAudit","id":"83fd5841-65ea-43d0-9fd1-6ea5dfa6fa63","ts":"2026-01-24T18:21:31.459-05:00","eventName":"n8n.audit.workflow.deactivated","message":"n8n.audit.workflow.deactivated","payload":{"userId":"52233263-faa5-4eb3-b867-52aa5cf68009","_email":"deor.dima@gmail.com","_firstName":"Дмитрий","_lastName":"Деордице","globalRole":"global:owner","workflowId":"7XNy9nIIe7POAwVD","workflowName":"tg_vn1","activeVersionId":null}}
{"__type":"$$EventMessageConfirm","confirm":"83fd5841-65ea-43d0-9fd1-6ea5dfa6fa63","ts":"2026-01-24T18:21:31.460-05:00","source":{"id":"0","name":"eventBus"}}
{"__type":"$$EventMessageWorkflow","id":"450694a3-d1b7-45bb-b5dc-80b43a92f452","ts":"2026-01-24T18:21:40.285-05:00","eventName":"n8n.workflow.started","message":"n8n.workflow.started","payload":{"executionId":"660","workflowId":"7XNy9nIIe7POAwVD","isManual":false,"workflowName":"tg_vn1"}}
{"__type":"$$EventMessageConfirm","confirm":"450694a3-d1b7-45bb-b5dc-80b43a92f452","ts":"2026-01-24T18:21:40.295-05:00","source":{"id":"0","name":"eventBus"}}
{"__type":"$$EventMessageAudit","id":"f3228652-7013-442d-9acc-6d13a5c8eb81","ts":"2026-01-24T18:21:40.296-05:00","eventName":"n8n.audit.workflow.executed","message":"n8n.audit.workflow.executed","payload":{"workflowId":"7XNy9nIIe7POAwVD","workflowName":"tg_vn1","executionId":"660","source":"webhook"}}
{"__type":"$$EventMessageConfirm","confirm":"f3228652-7013-442d-9acc-6d13a5c8eb81","ts":"2026-01-24T18:21:40.296-05:00","source":{"id":"0","name":"eventBus"}}
{"__type":"$$EventMessageNode","id":"636966f0-e6b6-4f66-b3ab-42148334c5b2","ts":"2026-01-24T18:21:40.298-05:00","eventName":"n8n.node.started","message":"n8n.node.started","payload":{"workflowId":"7XNy9nIIe7POAwVD","workflowName":"tg_vn1","executionId":"660","nodeType":"n8n-nodes-base.telegramTrigger","nodeName":"Telegram2","nodeId":"c6c1ab1f-4ae8-482e-9b32-2e1dbfdc4219"}}
{"__type":"$$EventMessageConfirm","confirm":"636966f0-e6b6-4f66-b3ab-42148334c5b2","ts":"2026-01-24T18:21:40.299-05:00","source":{"id":"0","name":"eventBus"}}
{"__type":"$$EventMessageNode","id":"09b32805-776b-46cc-8aba-0825801631b2","ts":"2026-01-24T18:21:40.300-05:00","eventName":"n8n.node.finished","message":"n8n.node.finished","payload":{"workflowId":"7XNy9nIIe7POAwVD","workflowName":"tg_vn1","executionId":"660","nodeType":"n8n-nodes-base.telegramTrigger","nodeName":"Telegram2","nodeId":"c6c1ab1f-4ae8-482e-9b32-2e1dbfdc4219"}}
{"__type":"$$EventMessageConfirm","confirm":"09b32805-776b-46cc-8aba-0825801631b2","ts":"2026-01-24T18:21:40.300-05:00","source":{"id":"0","name":"eventBus"}}
{"__type":"$$EventMessageNode","id":"bf0e9de8-96fe-421f-97a9-ba5169d780c9","ts":"2026-01-24T18:21:40.303-05:00","eventName":"n8n.node.started","message":"n8n.node.started","payload":{"workflowId":"7XNy9nIIe7POAwVD","workflowName":"tg_vn1","executionId":"660","nodeType":"n8n-nodes-base.telegram","nodeName":"action1","nodeId":"e606a5cd-3db1-444a-9de0-b8d110b56ad9"}}
{"__type":"$$EventMessageConfirm","confirm":"bf0e9de8-96fe-421f-97a9-ba5169d780c9","ts":"2026-01-24T18:21:40.303-05:00","source":{"id":"0","name":"eventBus"}}
{"__type":"$$EventMessageNode","id":"fef86b7f-c42f-494d-b757-898bfef328ef","ts":"2026-01-24T18:21:40.733-05:00","eventName":"n8n.node.finished","message":"n8n.node.finished","payload":{"workflowId":"7XNy9nIIe7POAwVD","workflowName":"tg_vn1","executionId":"660","nodeType":"n8n-nodes-base.telegram","nodeName":"action1","nodeId":"e606a5cd-3db1-444a-9de0-b8d110b56ad9"}}
{"__type":"$$EventMessageConfirm","confirm":"fef86b7f-c42f-494d-b757-898bfef328ef","ts":"2026-01-24T18:21:40.733-05:00","source":{"id":"0","name":"eventBus"}}
{"__type":"$$EventMessageNode","id":"e05d4f45-c7e4-436d-b951-47ebf5a7c00e","ts":"2026-01-24T18:21:40.735-05:00","eventName":"n8n.node.started","message":"n8n.node.started","payload":{"workflowId":"7XNy9nIIe7POAwVD","workflowName":"tg_vn1","executionId":"660","nodeType":"n8n-nodes-base.switch","nodeName":"Без авторизации","nodeId":"d4576293-271d-4bc3-86e2-7822a1645571"}}
{"__type":"$$EventMessageConfirm","confirm":"e05d4f45-c7e4-436d-b951-47ebf5a7c00e","ts":"2026-01-24T18:21:40.735-05:00","source":{"id":"0","name":"eventBus"}}
{"__type":"$$EventMessageNode","id":"7005d6c8-29d1-4789-96b2-9e2e23ec92ac","ts":"2026-01-24T18:21:40.741-05:00","eventName":"n8n.node.finished","message":"n8n.node.finished","payload":{"workflowId":"7XNy9nIIe7POAwVD","workflowName":"tg_vn1","executionId":"660","nodeType":"n8n-nodes-base.switch","nodeName":"Без авторизации","nodeId":"d4576293-271d-4bc3-86e2-7822a1645571"}}
{"__type":"$$EventMessageConfirm","confirm":"7005d6c8-29d1-4789-96b2-9e2e23ec92ac","ts":"2026-01-24T18:21:40.741-05:00","source":{"id":"0","name":"eventBus"}}
{"__type":"$$EventMessageNode","id":"fd818240-1e66-4910-a3ce-488b0dee63d8","ts":"2026-01-24T18:21:40.742-05:00","eventName":"n8n.node.started","message":"n8n.node.started","payload":{"workflowId":"7XNy9nIIe7POAwVD","workflowName":"tg_vn1","executionId":"660","nodeType":"n8n-nodes-base.googleSheets","nodeName":"users","nodeId":"14f83376-3e81-4f45-b1fa-9e6de8705dde"}}
{"__type":"$$EventMessageConfirm","confirm":"fd818240-1e66-4910-a3ce-488b0dee63d8","ts":"2026-01-24T18:21:40.742-05:00","source":{"id":"0","name":"eventBus"}}
{"__type":"$$EventMessageNode","id":"98e29fc6-7339-43e9-85f6-c9530896e7f1","ts":"2026-01-24T18:21:41.512-05:00","eventName":"n8n.node.finished","message":"n8n.node.finished","payload":{"workflowId":"7XNy9nIIe7POAwVD","workflowName":"tg_vn1","executionId":"660","nodeType":"n8n-nodes-base.googleSheets","nodeName":"users","nodeId":"14f83376-3e81-4f45-b1fa-9e6de8705dde"}}
{"__type":"$$EventMessageConfirm","confirm":"98e29fc6-7339-43e9-85f6-c9530896e7f1","ts":"2026-01-24T18:21:41.513-05:00","source":{"id":"0","name":"eventBus"}}
{"__type":"$$EventMessageNode","id":"ae807c52-f371-4c75-8a04-007922eeefba","ts":"2026-01-24T18:21:41.513-05:00","eventName":"n8n.node.started","message":"n8n.node.started","payload":{"workflowId":"7XNy9nIIe7POAwVD","workflowName":"tg_vn1","executionId":"660","nodeType":"n8n-nodes-base.switch","nodeName":"Доступ","nodeId":"e8c2ee7c-b33e-4a42-a659-124771107dac"}}
{"__type":"$$EventMessageConfirm","confirm":"ae807c52-f371-4c75-8a04-007922eeefba","ts":"2026-01-24T18:21:41.514-05:00","source":{"id":"0","name":"eventBus"}}
{"__type":"$$EventMessageNode","id":"ea4c507c-bc49-4d96-86c2-c5a31cff23e5","ts":"2026-01-24T18:21:41.516-05:00","eventName":"n8n.node.finished","message":"n8n.node.finished","payload":{"workflowId":"7XNy9nIIe7POAwVD","workflowName":"tg_vn1","executionId":"660","nodeType":"n8n-nodes-base.switch","nodeName":"Доступ","nodeId":"e8c2ee7c-b33e-4a42-a659-124771107dac"}}
{"__type":"$$EventMessageConfirm","confirm":"ea4c507c-bc49-4d96-86c2-c5a31cff23e5","ts":"2026-01-24T18:21:41.517-05:00","source":{"id":"0","name":"eventBus"}}
{"__type":"$$EventMessageNode","id":"687a0dbd-ca6e-415b-9ad7-312cd27b7ed7","ts":"2026-01-24T18:21:41.517-05:00","eventName":"n8n.node.started","message":"n8n.node.started","payload":{"workflowId":"7XNy9nIIe7POAwVD","workflowName":"tg_vn1","executionId":"660","nodeType":"n8n-nodes-base.switch","nodeName":"Commands","nodeId":"39632c30-c5e0-4f82-8258-d026eb4cc2b8"}}
{"__type":"$$EventMessageConfirm","confirm":"687a0dbd-ca6e-415b-9ad7-312cd27b7ed7","ts":"2026-01-24T18:21:41.518-05:00","source":{"id":"0","name":"eventBus"}}
{"__type":"$$EventMessageNode","id":"ce100157-a74b-4877-b787-1e7e94ebd4f9","ts":"2026-01-24T18:21:41.524-05:00","eventName":"n8n.node.finished","message":"n8n.node.finished","payload":{"workflowId":"7XNy9nIIe7POAwVD","workflowName":"tg_vn1","executionId":"660","nodeType":"n8n-nodes-base.switch","nodeName":"Commands","nodeId":"39632c30-c5e0-4f82-8258-d026eb4cc2b8"}}
{"__type":"$$EventMessageConfirm","confirm":"ce100157-a74b-4877-b787-1e7e94ebd4f9","ts":"2026-01-24T18:21:41.525-05:00","source":{"id":"0","name":"eventBus"}}
{"__type":"$$EventMessageNode","id":"4eb23651-4fb6-4d27-9d62-d5f79dd1599d","ts":"2026-01-24T18:21:41.526-05:00","eventName":"n8n.node.started","message":"n8n.node.started","payload":{"workflowId":"7XNy9nIIe7POAwVD","workflowName":"tg_vn1","executionId":"660","nodeType":"n8n-nodes-base.switch","nodeName":"other","nodeId":"9c98bf2c-882f-43b1-9a56-eeebc19762aa"}}
{"__type":"$$EventMessageConfirm","confirm":"4eb23651-4fb6-4d27-9d62-d5f79dd1599d","ts":"2026-01-24T18:21:41.526-05:00","source":{"id":"0","name":"eventBus"}}
{"__type":"$$EventMessageNode","id":"bb290c60-5766-47b2-a786-c0b23df446c8","ts":"2026-01-24T18:21:41.530-05:00","eventName":"n8n.node.finished","message":"n8n.node.finished","payload":{"workflowId":"7XNy9nIIe7POAwVD","workflowName":"tg_vn1","executionId":"660","nodeType":"n8n-nodes-base.switch","nodeName":"other","nodeId":"9c98bf2c-882f-43b1-9a56-eeebc19762aa"}}
{"__type":"$$EventMessageConfirm","confirm":"bb290c60-5766-47b2-a786-c0b23df446c8","ts":"2026-01-24T18:21:41.530-05:00","source":{"id":"0","name":"eventBus"}}
{"__type":"$$EventMessageNode","id":"7fa94894-d235-4df0-817d-05bfa3383cdc","ts":"2026-01-24T18:21:41.531-05:00","eventName":"n8n.node.started","message":"n8n.node.started","payload":{"workflowId":"7XNy9nIIe7POAwVD","workflowName":"tg_vn1","executionId":"660","nodeType":"n8n-nodes-base.switch","nodeName":"Switch3","nodeId":"e0801297-41fa-4002-85a6-9d72f107f218"}}
{"__type":"$$EventMessageConfirm","confirm":"7fa94894-d235-4df0-817d-05bfa3383cdc","ts":"2026-01-24T18:21:41.531-05:00","source":{"id":"0","name":"eventBus"}}
{"__type":"$$EventMessageNode","id":"af97724e-1f24-44d4-b3c2-94b2a088ccd4","ts":"2026-01-24T18:21:41.536-05:00","eventName":"n8n.node.finished","message":"n8n.node.finished","payload":{"workflowId":"7XNy9nIIe7POAwVD","workflowName":"tg_vn1","executionId":"660","nodeType":"n8n-nodes-base.switch","nodeName":"Switch3","nodeId":"e0801297-41fa-4002-85a6-9d72f107f218"}}
{"__type":"$$EventMessageConfirm","confirm":"af97724e-1f24-44d4-b3c2-94b2a088ccd4","ts":"2026-01-24T18:21:41.536-05:00","source":{"id":"0","name":"eventBus"}}
{"__type":"$$EventMessageNode","id":"6588876a-e16c-42de-98ca-f742e3b68a13","ts":"2026-01-24T18:21:41.536-05:00","eventName":"n8n.node.started","message":"n8n.node.started","payload":{"workflowId":"7XNy9nIIe7POAwVD","workflowName":"tg_vn1","executionId":"660","nodeType":"n8n-nodes-base.telegram","nodeName":"loading2","nodeId":"88f6dd20-67cf-42a9-b95a-9cb0585dac32"}}
{"__type":"$$EventMessageConfirm","confirm":"6588876a-e16c-42de-98ca-f742e3b68a13","ts":"2026-01-24T18:21:41.536-05:00","source":{"id":"0","name":"eventBus"}}
{"__type":"$$EventMessageNode","id":"29c4089d-e4a3-42bd-8af3-4474606a7094","ts":"2026-01-24T18:21:41.887-05:00","eventName":"n8n.node.finished","message":"n8n.node.finished","payload":{"workflowId":"7XNy9nIIe7POAwVD","workflowName":"tg_vn1","executionId":"660","nodeType":"n8n-nodes-base.telegram","nodeName":"loading2","nodeId":"88f6dd20-67cf-42a9-b95a-9cb0585dac32"}}
{"__type":"$$EventMessageConfirm","confirm":"29c4089d-e4a3-42bd-8af3-4474606a7094","ts":"2026-01-24T18:21:41.887-05:00","source":{"id":"0","name":"eventBus"}}
{"__type":"$$EventMessageNode","id":"08af82c4-f0a8-4bf8-ba65-feaabed0da41","ts":"2026-01-24T18:21:41.888-05:00","eventName":"n8n.node.started","message":"n8n.node.started","payload":{"workflowId":"7XNy9nIIe7POAwVD","workflowName":"tg_vn1","executionId":"660","nodeType":"n8n-nodes-base.set","nodeName":"data_tg","nodeId":"daa122e5-74e8-4f37-b7ea-eada6f319179"}}
{"__type":"$$EventMessageConfirm","confirm":"08af82c4-f0a8-4bf8-ba65-feaabed0da41","ts":"2026-01-24T18:21:41.888-05:00","source":{"id":"0","name":"eventBus"}}
{"__type":"$$EventMessageNode","id":"0dffb8b7-0240-4bc3-88e9-c267750b4e05","ts":"2026-01-24T18:21:41.890-05:00","eventName":"n8n.node.finished","message":"n8n.node.finished","payload":{"workflowId":"7XNy9nIIe7POAwVD","workflowName":"tg_vn1","executionId":"660","nodeType":"n8n-nodes-base.set","nodeName":"data_tg","nodeId":"daa122e5-74e8-4f37-b7ea-eada6f319179"}}
{"__type":"$$EventMessageConfirm","confirm":"0dffb8b7-0240-4bc3-88e9-c267750b4e05","ts":"2026-01-24T18:21:41.890-05:00","source":{"id":"0","name":"eventBus"}}
{"__type":"$$EventMessageNode","id":"4fafcbf2-30a4-4e02-8672-98b351d9ec70","ts":"2026-01-24T18:21:41.890-05:00","eventName":"n8n.node.started","message":"n8n.node.started","payload":{"workflowId":"7XNy9nIIe7POAwVD","workflowName":"tg_vn1","executionId":"660","nodeType":"n8n-nodes-base.httpRequest","nodeName":"get_file","nodeId":"127b0c05-d729-46e6-a4b2-8407acd9e205"}}
{"__type":"$$EventMessageConfirm","confirm":"4fafcbf2-30a4-4e02-8672-98b351d9ec70","ts":"2026-01-24T18:21:41.890-05:00","source":{"id":"0","name":"eventBus"}}
{"__type":"$$EventMessageNode","id":"22f75e9c-13eb-4ed7-bb54-864fc5c8bbc4","ts":"2026-01-24T18:21:42.274-05:00","eventName":"n8n.node.finished","message":"n8n.node.finished","payload":{"workflowId":"7XNy9nIIe7POAwVD","workflowName":"tg_vn1","executionId":"660","nodeType":"n8n-nodes-base.httpRequest","nodeName":"get_file","nodeId":"127b0c05-d729-46e6-a4b2-8407acd9e205"}}
{"__type":"$$EventMessageConfirm","confirm":"22f75e9c-13eb-4ed7-bb54-864fc5c8bbc4","ts":"2026-01-24T18:21:42.274-05:00","source":{"id":"0","name":"eventBus"}}
{"__type":"$$EventMessageNode","id":"73155208-61f5-4fd4-a23a-1cef9a9cc7bf","ts":"2026-01-24T18:21:42.275-05:00","eventName":"n8n.node.started","message":"n8n.node.started","payload":{"workflowId":"7XNy9nIIe7POAwVD","workflowName":"tg_vn1","executionId":"660","nodeType":"n8n-nodes-base.httpRequest","nodeName":"save_file","nodeId":"44185b46-0801-43b5-8e67-557d8c062adb"}}
{"__type":"$$EventMessageConfirm","confirm":"73155208-61f5-4fd4-a23a-1cef9a9cc7bf","ts":"2026-01-24T18:21:42.275-05:00","source":{"id":"0","name":"eventBus"}}
{"__type":"$$EventMessageNode","id":"beb57528-413e-40fb-9053-ecfc161d7088","ts":"2026-01-24T18:21:42.704-05:00","eventName":"n8n.node.finished","message":"n8n.node.finished","payload":{"workflowId":"7XNy9nIIe7POAwVD","workflowName":"tg_vn1","executionId":"660","nodeType":"n8n-nodes-base.httpRequest","nodeName":"save_file","nodeId":"44185b46-0801-43b5-8e67-557d8c062adb"}}
{"__type":"$$EventMessageConfirm","confirm":"beb57528-413e-40fb-9053-ecfc161d7088","ts":"2026-01-24T18:21:42.704-05:00","source":{"id":"0","name":"eventBus"}}
{"__type":"$$EventMessageNode","id":"90bad2cf-7325-410d-840e-20c6de8d331e","ts":"2026-01-24T18:21:42.705-05:00","eventName":"n8n.node.started","message":"n8n.node.started","payload":{"workflowId":"7XNy9nIIe7POAwVD","workflowName":"tg_vn1","executionId":"660","nodeType":"n8n-nodes-base.switch","nodeName":"type_doc","nodeId":"8b2c3399-ceb5-4f5d-b08b-5bb5c3d8210a"}}
{"__type":"$$EventMessageConfirm","confirm":"90bad2cf-7325-410d-840e-20c6de8d331e","ts":"2026-01-24T18:21:42.705-05:00","source":{"id":"0","name":"eventBus"}}
{"__type":"$$EventMessageNode","id":"fad97972-b5f3-420b-8a3d-97f21fc5d6e7","ts":"2026-01-24T18:21:42.707-05:00","eventName":"n8n.node.finished","message":"n8n.node.finished","payload":{"workflowId":"7XNy9nIIe7POAwVD","workflowName":"tg_vn1","executionId":"660","nodeType":"n8n-nodes-base.switch","nodeName":"type_doc","nodeId":"8b2c3399-ceb5-4f5d-b08b-5bb5c3d8210a"}}
{"__type":"$$EventMessageConfirm","confirm":"fad97972-b5f3-420b-8a3d-97f21fc5d6e7","ts":"2026-01-24T18:21:42.708-05:00","source":{"id":"0","name":"eventBus"}}
{"__type":"$$EventMessageNode","id":"61505c31-7019-419c-8241-46a93b23997d","ts":"2026-01-24T18:21:42.708-05:00","eventName":"n8n.node.started","message":"n8n.node.started","payload":{"workflowId":"7XNy9nIIe7POAwVD","workflowName":"tg_vn1","executionId":"660","nodeType":"n8n-nodes-base.httpRequest","nodeName":"docx to html container","nodeId":"94c5177d-5714-4b24-ae27-2636f4393ab7"}}
{"__type":"$$EventMessageConfirm","confirm":"61505c31-7019-419c-8241-46a93b23997d","ts":"2026-01-24T18:21:42.708-05:00","source":{"id":"0","name":"eventBus"}}
{"__type":"$$EventMessageNode","id":"c352345f-e969-4cd4-8cfb-6033ebdf499d","ts":"2026-01-24T18:21:45.755-05:00","eventName":"n8n.node.finished","message":"n8n.node.finished","payload":{"workflowId":"7XNy9nIIe7POAwVD","workflowName":"tg_vn1","executionId":"660","nodeType":"n8n-nodes-base.httpRequest","nodeName":"docx to html container","nodeId":"94c5177d-5714-4b24-ae27-2636f4393ab7"}}
{"__type":"$$EventMessageConfirm","confirm":"c352345f-e969-4cd4-8cfb-6033ebdf499d","ts":"2026-01-24T18:21:45.755-05:00","source":{"id":"0","name":"eventBus"}}
{"__type":"$$EventMessageWorkflow","id":"c6e0dae7-602d-46f4-b309-0479698f6f3b","ts":"2026-01-24T18:21:45.781-05:00","eventName":"n8n.workflow.failed","message":"n8n.workflow.failed","payload":{"executionId":"660","success":false,"isManual":true,"workflowId":"7XNy9nIIe7POAwVD","workflowName":"tg_vn1","lastNodeExecuted":"docx to html container","errorNodeType":"n8n-nodes-base.httpRequest","errorMessage":"The service was not able to process your request"}}
{"__type":"$$EventMessageConfirm","confirm":"c6e0dae7-602d-46f4-b309-0479698f6f3b","ts":"2026-01-24T18:21:45.781-05:00","source":{"id":"0","name":"eventBus"}}
{"__type":"$$EventMessageAudit","id":"0373ab6e-282c-4915-b9f7-9df96fb19d97","ts":"2026-01-24T18:24:12.352-05:00","eventName":"n8n.audit.workflow.updated","message":"n8n.audit.workflow.updated","payload":{"userId":"52233263-faa5-4eb3-b867-52aa5cf68009","_email":"deor.dima@gmail.com","_firstName":"Дмитрий","_lastName":"Деордице","globalRole":"global:owner","workflowId":"7XNy9nIIe7POAwVD","workflowName":"tg_vn1"}}
{"__type":"$$EventMessageConfirm","confirm":"0373ab6e-282c-4915-b9f7-9df96fb19d97","ts":"2026-01-24T18:24:12.353-05:00","source":{"id":"0","name":"eventBus"}}
{"__type":"$$EventMessageAudit","id":"1bc1cc7c-2e79-46c7-bf36-9499fe3e2678","ts":"2026-01-24T18:24:21.404-05:00","eventName":"n8n.audit.workflow.updated","message":"n8n.audit.workflow.updated","payload":{"userId":"52233263-faa5-4eb3-b867-52aa5cf68009","_email":"deor.dima@gmail.com","_firstName":"Дмитрий","_lastName":"Деордице","globalRole":"global:owner","workflowId":"7XNy9nIIe7POAwVD","workflowName":"tg_vn1"}}
{"__type":"$$EventMessageConfirm","confirm":"1bc1cc7c-2e79-46c7-bf36-9499fe3e2678","ts":"2026-01-24T18:24:21.404-05:00","source":{"id":"0","name":"eventBus"}}
{"__type":"$$EventMessageWorkflow","id":"168642d7-6416-4aef-be6c-3756d7eeff7e","ts":"2026-01-24T18:24:24.634-05:00","eventName":"n8n.workflow.started","message":"n8n.workflow.started","payload":{"executionId":"661","workflowId":"7XNy9nIIe7POAwVD","isManual":false,"workflowName":"tg_vn1"}}
{"__type":"$$EventMessageConfirm","confirm":"168642d7-6416-4aef-be6c-3756d7eeff7e","ts":"2026-01-24T18:24:24.634-05:00","source":{"id":"0","name":"eventBus"}}
{"__type":"$$EventMessageAudit","id":"a611fdbf-fd3f-407b-926a-832a19f769aa","ts":"2026-01-24T18:24:24.636-05:00","eventName":"n8n.audit.workflow.executed","message":"n8n.audit.workflow.executed","payload":{"userId":"52233263-faa5-4eb3-b867-52aa5cf68009","_email":"deor.dima@gmail.com","_firstName":"Дмитрий","_lastName":"Деордице","globalRole":"global:owner","workflowId":"7XNy9nIIe7POAwVD","workflowName":"tg_vn1","executionId":"661","source":"user-manual"}}
{"__type":"$$EventMessageConfirm","confirm":"a611fdbf-fd3f-407b-926a-832a19f769aa","ts":"2026-01-24T18:24:24.636-05:00","source":{"id":"0","name":"eventBus"}}
{"__type":"$$EventMessageNode","id":"309f2059-4de1-4873-af77-a7b33c60ba1f","ts":"2026-01-24T18:24:24.637-05:00","eventName":"n8n.node.started","message":"n8n.node.started","payload":{"workflowId":"7XNy9nIIe7POAwVD","workflowName":"tg_vn1","executionId":"661","nodeType":"n8n-nodes-base.httpRequest","nodeName":"docx to html container","nodeId":"94c5177d-5714-4b24-ae27-2636f4393ab7"}}
{"__type":"$$EventMessageConfirm","confirm":"309f2059-4de1-4873-af77-a7b33c60ba1f","ts":"2026-01-24T18:24:24.637-05:00","source":{"id":"0","name":"eventBus"}}
{"__type":"$$EventMessageNode","id":"802d9a67-d477-4bd8-a788-f11e4bf17140","ts":"2026-01-24T18:24:26.405-05:00","eventName":"n8n.node.finished","message":"n8n.node.finished","payload":{"workflowId":"7XNy9nIIe7POAwVD","workflowName":"tg_vn1","executionId":"661","nodeType":"n8n-nodes-base.httpRequest","nodeName":"docx to html container","nodeId":"94c5177d-5714-4b24-ae27-2636f4393ab7"}}
{"__type":"$$EventMessageConfirm","confirm":"802d9a67-d477-4bd8-a788-f11e4bf17140","ts":"2026-01-24T18:24:26.405-05:00","source":{"id":"0","name":"eventBus"}}
{"__type":"$$EventMessageWorkflow","id":"3cff61d8-d81c-4963-a12e-d140f4eff4f7","ts":"2026-01-24T18:24:26.418-05:00","eventName":"n8n.workflow.success","message":"n8n.workflow.success","payload":{"userId":"52233263-faa5-4eb3-b867-52aa5cf68009","executionId":"661","success":true,"isManual":true,"workflowId":"7XNy9nIIe7POAwVD","workflowName":"tg_vn1"}}
{"__type":"$$EventMessageConfirm","confirm":"3cff61d8-d81c-4963-a12e-d140f4eff4f7","ts":"2026-01-24T18:24:26.418-05:00","source":{"id":"0","name":"eventBus"}}
{"__type":"$$EventMessageAudit","id":"12c00e81-99f4-4948-8f9b-07f67a207cdc","ts":"2026-01-24T18:24:51.782-05:00","eventName":"n8n.audit.workflow.updated","message":"n8n.audit.workflow.updated","payload":{"userId":"52233263-faa5-4eb3-b867-52aa5cf68009","_email":"deor.dima@gmail.com","_firstName":"Дмитрий","_lastName":"Деордице","globalRole":"global:owner","workflowId":"7XNy9nIIe7POAwVD","workflowName":"tg_vn1"}}
{"__type":"$$EventMessageConfirm","confirm":"12c00e81-99f4-4948-8f9b-07f67a207cdc","ts":"2026-01-24T18:24:51.782-05:00","source":{"id":"0","name":"eventBus"}}
{"__type":"$$EventMessageAudit","id":"38e21138-b1fc-43af-8b26-6476c588e147","ts":"2026-01-24T18:24:54.512-05:00","eventName":"n8n.audit.workflow.updated","message":"n8n.audit.workflow.updated","payload":{"userId":"52233263-faa5-4eb3-b867-52aa5cf68009","_email":"deor.dima@gmail.com","_firstName":"Дмитрий","_lastName":"Деордице","globalRole":"global:owner","workflowId":"7XNy9nIIe7POAwVD","workflowName":"tg_vn1"}}
{"__type":"$$EventMessageConfirm","confirm":"38e21138-b1fc-43af-8b26-6476c588e147","ts":"2026-01-24T18:24:54.512-05:00","source":{"id":"0","name":"eventBus"}}
{"__type":"$$EventMessageAudit","id":"e0930d7c-c86a-482d-902c-deaf511f6dad","ts":"2026-01-24T18:24:56.735-05:00","eventName":"n8n.audit.workflow.updated","message":"n8n.audit.workflow.updated","payload":{"userId":"52233263-faa5-4eb3-b867-52aa5cf68009","_email":"deor.dima@gmail.com","_firstName":"Дмитрий","_lastName":"Деордице","globalRole":"global:owner","workflowId":"7XNy9nIIe7POAwVD","workflowName":"tg_vn1"}}
{"__type":"$$EventMessageConfirm","confirm":"e0930d7c-c86a-482d-902c-deaf511f6dad","ts":"2026-01-24T18:24:56.736-05:00","source":{"id":"0","name":"eventBus"}}
{"__type":"$$EventMessageAudit","id":"5ffb7eea-109c-479f-8be8-cf1667b2cbb1","ts":"2026-01-24T18:24:59.214-05:00","eventName":"n8n.audit.workflow.updated","message":"n8n.audit.workflow.updated","payload":{"userId":"52233263-faa5-4eb3-b867-52aa5cf68009","_email":"deor.dima@gmail.com","_firstName":"Дмитрий","_lastName":"Деордице","globalRole":"global:owner","workflowId":"7XNy9nIIe7POAwVD","workflowName":"tg_vn1"}}
{"__type":"$$EventMessageConfirm","confirm":"5ffb7eea-109c-479f-8be8-cf1667b2cbb1","ts":"2026-01-24T18:24:59.214-05:00","source":{"id":"0","name":"eventBus"}}
{"__type":"$$EventMessageAudit","id":"6dca5b0c-3128-4cc8-831f-bcb23ff38bf3","ts":"2026-01-24T18:25:03.704-05:00","eventName":"n8n.audit.workflow.updated","message":"n8n.audit.workflow.updated","payload":{"userId":"52233263-faa5-4eb3-b867-52aa5cf68009","_email":"deor.dima@gmail.com","_firstName":"Дмитрий","_lastName":"Деордице","globalRole":"global:owner","workflowId":"7XNy9nIIe7POAwVD","workflowName":"tg_vn1"}}
{"__type":"$$EventMessageConfirm","confirm":"6dca5b0c-3128-4cc8-831f-bcb23ff38bf3","ts":"2026-01-24T18:25:03.704-05:00","source":{"id":"0","name":"eventBus"}}
{"__type":"$$EventMessageAudit","id":"8c181f4d-1c37-4a4d-b357-00d05c28a70b","ts":"2026-01-24T18:25:13.684-05:00","eventName":"n8n.audit.workflow.updated","message":"n8n.audit.workflow.updated","payload":{"userId":"52233263-faa5-4eb3-b867-52aa5cf68009","_email":"deor.dima@gmail.com","_firstName":"Дмитрий","_lastName":"Деордице","globalRole":"global:owner","workflowId":"7XNy9nIIe7POAwVD","workflowName":"tg_vn1"}}
{"__type":"$$EventMessageConfirm","confirm":"8c181f4d-1c37-4a4d-b357-00d05c28a70b","ts":"2026-01-24T18:25:13.684-05:00","source":{"id":"0","name":"eventBus"}}
{"__type":"$$EventMessageAudit","id":"1186f25e-6579-48ad-92f5-bab7f37f49dd","ts":"2026-01-24T18:25:17.984-05:00","eventName":"n8n.audit.workflow.updated","message":"n8n.audit.workflow.updated","payload":{"userId":"52233263-faa5-4eb3-b867-52aa5cf68009","_email":"deor.dima@gmail.com","_firstName":"Дмитрий","_lastName":"Деордице","globalRole":"global:owner","workflowId":"7XNy9nIIe7POAwVD","workflowName":"tg_vn1"}}
{"__type":"$$EventMessageConfirm","confirm":"1186f25e-6579-48ad-92f5-bab7f37f49dd","ts":"2026-01-24T18:25:17.984-05:00","source":{"id":"0","name":"eventBus"}}
{"__type":"$$EventMessageAudit","id":"86fae9d1-807d-4cc2-bde0-64ca6f67df1b","ts":"2026-01-24T18:25:20.237-05:00","eventName":"n8n.audit.workflow.updated","message":"n8n.audit.workflow.updated","payload":{"userId":"52233263-faa5-4eb3-b867-52aa5cf68009","_email":"deor.dima@gmail.com","_firstName":"Дмитрий","_lastName":"Деордице","globalRole":"global:owner","workflowId":"7XNy9nIIe7POAwVD","workflowName":"tg_vn1"}}
{"__type":"$$EventMessageConfirm","confirm":"86fae9d1-807d-4cc2-bde0-64ca6f67df1b","ts":"2026-01-24T18:25:20.237-05:00","source":{"id":"0","name":"eventBus"}}
{"__type":"$$EventMessageAudit","id":"40f3e972-ebb8-42f8-9874-1d4f5c854861","ts":"2026-01-24T18:25:22.704-05:00","eventName":"n8n.audit.workflow.updated","message":"n8n.audit.workflow.updated","payload":{"userId":"52233263-faa5-4eb3-b867-52aa5cf68009","_email":"deor.dima@gmail.com","_firstName":"Дмитрий","_lastName":"Деордице","globalRole":"global:owner","workflowId":"7XNy9nIIe7POAwVD","workflowName":"tg_vn1"}}
{"__type":"$$EventMessageConfirm","confirm":"40f3e972-ebb8-42f8-9874-1d4f5c854861","ts":"2026-01-24T18:25:22.704-05:00","source":{"id":"0","name":"eventBus"}}
{"__type":"$$EventMessageAudit","id":"149e3b1f-291e-40e1-b833-3a80cea2b369","ts":"2026-01-24T18:25:25.408-05:00","eventName":"n8n.audit.workflow.updated","message":"n8n.audit.workflow.updated","payload":{"userId":"52233263-faa5-4eb3-b867-52aa5cf68009","_email":"deor.dima@gmail.com","_firstName":"Дмитрий","_lastName":"Деордице","globalRole":"global:owner","workflowId":"7XNy9nIIe7POAwVD","workflowName":"tg_vn1"}}
{"__type":"$$EventMessageConfirm","confirm":"149e3b1f-291e-40e1-b833-3a80cea2b369","ts":"2026-01-24T18:25:25.408-05:00","source":{"id":"0","name":"eventBus"}}
{"__type":"$$EventMessageAudit","id":"b72c1f84-f15e-4935-afaf-d20e94ff7333","ts":"2026-01-24T18:25:28.412-05:00","eventName":"n8n.audit.workflow.updated","message":"n8n.audit.workflow.updated","payload":{"userId":"52233263-faa5-4eb3-b867-52aa5cf68009","_email":"deor.dima@gmail.com","_firstName":"Дмитрий","_lastName":"Деордице","globalRole":"global:owner","workflowId":"7XNy9nIIe7POAwVD","workflowName":"tg_vn1"}}
{"__type":"$$EventMessageConfirm","confirm":"b72c1f84-f15e-4935-afaf-d20e94ff7333","ts":"2026-01-24T18:25:28.413-05:00","source":{"id":"0","name":"eventBus"}}
{"__type":"$$EventMessageAudit","id":"7dfedb74-c031-4e7f-9e73-3f7835b22e9e","ts":"2026-01-24T18:25:30.774-05:00","eventName":"n8n.audit.workflow.updated","message":"n8n.audit.workflow.updated","payload":{"userId":"52233263-faa5-4eb3-b867-52aa5cf68009","_email":"deor.dima@gmail.com","_firstName":"Дмитрий","_lastName":"Деордице","globalRole":"global:owner","workflowId":"7XNy9nIIe7POAwVD","workflowName":"tg_vn1"}}
{"__type":"$$EventMessageConfirm","confirm":"7dfedb74-c031-4e7f-9e73-3f7835b22e9e","ts":"2026-01-24T18:25:30.774-05:00","source":{"id":"0","name":"eventBus"}}
{"__type":"$$EventMessageAudit","id":"e99d1a63-30e1-46c2-a9e1-e2d54aedc650","ts":"2026-01-24T18:25:43.583-05:00","eventName":"n8n.audit.workflow.updated","message":"n8n.audit.workflow.updated","payload":{"userId":"52233263-faa5-4eb3-b867-52aa5cf68009","_email":"deor.dima@gmail.com","_firstName":"Дмитрий","_lastName":"Деордице","globalRole":"global:owner","workflowId":"7XNy9nIIe7POAwVD","workflowName":"tg_vn1"}}
{"__type":"$$EventMessageConfirm","confirm":"e99d1a63-30e1-46c2-a9e1-e2d54aedc650","ts":"2026-01-24T18:25:43.584-05:00","source":{"id":"0","name":"eventBus"}}
{"__type":"$$EventMessageAudit","id":"c3238f6a-8c67-4ffd-bfc3-ac8c9074b80a","ts":"2026-01-24T18:25:45.731-05:00","eventName":"n8n.audit.workflow.updated","message":"n8n.audit.workflow.updated","payload":{"userId":"52233263-faa5-4eb3-b867-52aa5cf68009","_email":"deor.dima@gmail.com","_firstName":"Дмитрий","_lastName":"Деордице","globalRole":"global:owner","workflowId":"7XNy9nIIe7POAwVD","workflowName":"tg_vn1"}}
{"__type":"$$EventMessageConfirm","confirm":"c3238f6a-8c67-4ffd-bfc3-ac8c9074b80a","ts":"2026-01-24T18:25:45.731-05:00","source":{"id":"0","name":"eventBus"}}
{"__type":"$$EventMessageAudit","id":"cae79f81-0678-43a2-9d8f-14bced1f4e7b","ts":"2026-01-24T18:25:48.987-05:00","eventName":"n8n.audit.workflow.updated","message":"n8n.audit.workflow.updated","payload":{"userId":"52233263-faa5-4eb3-b867-52aa5cf68009","_email":"deor.dima@gmail.com","_firstName":"Дмитрий","_lastName":"Деордице","globalRole":"global:owner","workflowId":"7XNy9nIIe7POAwVD","workflowName":"tg_vn1"}}
{"__type":"$$EventMessageConfirm","confirm":"cae79f81-0678-43a2-9d8f-14bced1f4e7b","ts":"2026-01-24T18:25:48.987-05:00","source":{"id":"0","name":"eventBus"}}
{"__type":"$$EventMessageWorkflow","id":"4cd0aa6f-6b1b-4ab4-86ef-813846c725a6","ts":"2026-01-24T18:25:53.169-05:00","eventName":"n8n.workflow.started","message":"n8n.workflow.started","payload":{"executionId":"662","workflowId":"7XNy9nIIe7POAwVD","isManual":false,"workflowName":"tg_vn1"}}
{"__type":"$$EventMessageConfirm","confirm":"4cd0aa6f-6b1b-4ab4-86ef-813846c725a6","ts":"2026-01-24T18:25:53.170-05:00","source":{"id":"0","name":"eventBus"}}
{"__type":"$$EventMessageAudit","id":"bfd26542-1f0e-41a8-aa27-fbcea69e934b","ts":"2026-01-24T18:25:53.171-05:00","eventName":"n8n.audit.workflow.executed","message":"n8n.audit.workflow.executed","payload":{"userId":"52233263-faa5-4eb3-b867-52aa5cf68009","_email":"deor.dima@gmail.com","_firstName":"Дмитрий","_lastName":"Деордице","globalRole":"global:owner","workflowId":"7XNy9nIIe7POAwVD","workflowName":"tg_vn1","executionId":"662","source":"user-manual"}}
{"__type":"$$EventMessageConfirm","confirm":"bfd26542-1f0e-41a8-aa27-fbcea69e934b","ts":"2026-01-24T18:25:53.172-05:00","source":{"id":"0","name":"eventBus"}}
{"__type":"$$EventMessageNode","id":"29ce612e-7067-4737-a009-51c34ab3a9ef","ts":"2026-01-24T18:25:53.173-05:00","eventName":"n8n.node.started","message":"n8n.node.started","payload":{"workflowId":"7XNy9nIIe7POAwVD","workflowName":"tg_vn1","executionId":"662","nodeType":"n8n-nodes-base.telegram","nodeName":"error1","nodeId":"4eeac8c9-8dcd-4de4-b183-ae63f0a885bf"}}
{"__type":"$$EventMessageConfirm","confirm":"29ce612e-7067-4737-a009-51c34ab3a9ef","ts":"2026-01-24T18:25:53.173-05:00","source":{"id":"0","name":"eventBus"}}
{"__type":"$$EventMessageNode","id":"bfee0a00-2174-4526-a27f-9f71086d3034","ts":"2026-01-24T18:25:53.574-05:00","eventName":"n8n.node.finished","message":"n8n.node.finished","payload":{"workflowId":"7XNy9nIIe7POAwVD","workflowName":"tg_vn1","executionId":"662","nodeType":"n8n-nodes-base.telegram","nodeName":"error1","nodeId":"4eeac8c9-8dcd-4de4-b183-ae63f0a885bf"}}
{"__type":"$$EventMessageConfirm","confirm":"bfee0a00-2174-4526-a27f-9f71086d3034","ts":"2026-01-24T18:25:53.574-05:00","source":{"id":"0","name":"eventBus"}}
{"__type":"$$EventMessageWorkflow","id":"bb6f46f2-dd8c-4214-836c-6e1321fc5414","ts":"2026-01-24T18:25:53.591-05:00","eventName":"n8n.workflow.success","message":"n8n.workflow.success","payload":{"userId":"52233263-faa5-4eb3-b867-52aa5cf68009","executionId":"662","success":true,"isManual":true,"workflowId":"7XNy9nIIe7POAwVD","workflowName":"tg_vn1"}}
{"__type":"$$EventMessageConfirm","confirm":"bb6f46f2-dd8c-4214-836c-6e1321fc5414","ts":"2026-01-24T18:25:53.592-05:00","source":{"id":"0","name":"eventBus"}}
{"__type":"$$EventMessageAudit","id":"bb6b121b-a5b3-44ee-a1e6-9015eb061da4","ts":"2026-01-24T18:26:22.326-05:00","eventName":"n8n.audit.workflow.updated","message":"n8n.audit.workflow.updated","payload":{"userId":"52233263-faa5-4eb3-b867-52aa5cf68009","_email":"deor.dima@gmail.com","_firstName":"Дмитрий","_lastName":"Деордице","globalRole":"global:owner","workflowId":"7XNy9nIIe7POAwVD","workflowName":"tg_vn1"}}
{"__type":"$$EventMessageConfirm","confirm":"bb6b121b-a5b3-44ee-a1e6-9015eb061da4","ts":"2026-01-24T18:26:22.326-05:00","source":{"id":"0","name":"eventBus"}}
{"__type":"$$EventMessageAudit","id":"f5212ee8-f52c-4006-826a-a94988db01ec","ts":"2026-01-24T18:26:25.206-05:00","eventName":"n8n.audit.workflow.updated","message":"n8n.audit.workflow.updated","payload":{"userId":"52233263-faa5-4eb3-b867-52aa5cf68009","_email":"deor.dima@gmail.com","_firstName":"Дмитрий","_lastName":"Деордице","globalRole":"global:owner","workflowId":"7XNy9nIIe7POAwVD","workflowName":"tg_vn1"}}
{"__type":"$$EventMessageConfirm","confirm":"f5212ee8-f52c-4006-826a-a94988db01ec","ts":"2026-01-24T18:26:25.207-05:00","source":{"id":"0","name":"eventBus"}}
{"__type":"$$EventMessageWorkflow","id":"672f06ba-1b79-477a-8834-2fab9ae2bd4e","ts":"2026-01-24T18:26:25.644-05:00","eventName":"n8n.workflow.started","message":"n8n.workflow.started","payload":{"executionId":"663","workflowId":"7XNy9nIIe7POAwVD","isManual":false,"workflowName":"tg_vn1"}}
{"__type":"$$EventMessageConfirm","confirm":"672f06ba-1b79-477a-8834-2fab9ae2bd4e","ts":"2026-01-24T18:26:25.644-05:00","source":{"id":"0","name":"eventBus"}}
{"__type":"$$EventMessageAudit","id":"03f12a5a-67e0-4eea-adb5-0bed9e4d1cd9","ts":"2026-01-24T18:26:25.645-05:00","eventName":"n8n.audit.workflow.executed","message":"n8n.audit.workflow.executed","payload":{"userId":"52233263-faa5-4eb3-b867-52aa5cf68009","_email":"deor.dima@gmail.com","_firstName":"Дмитрий","_lastName":"Деордице","globalRole":"global:owner","workflowId":"7XNy9nIIe7POAwVD","workflowName":"tg_vn1","executionId":"663","source":"user-manual"}}
{"__type":"$$EventMessageConfirm","confirm":"03f12a5a-67e0-4eea-adb5-0bed9e4d1cd9","ts":"2026-01-24T18:26:25.646-05:00","source":{"id":"0","name":"eventBus"}}
{"__type":"$$EventMessageNode","id":"5c35dcf4-3750-4ba3-aa1c-81da41de3c0b","ts":"2026-01-24T18:26:25.647-05:00","eventName":"n8n.node.started","message":"n8n.node.started","payload":{"workflowId":"7XNy9nIIe7POAwVD","workflowName":"tg_vn1","executionId":"663","nodeType":"n8n-nodes-base.telegram","nodeName":"error1","nodeId":"4eeac8c9-8dcd-4de4-b183-ae63f0a885bf"}}
{"__type":"$$EventMessageConfirm","confirm":"5c35dcf4-3750-4ba3-aa1c-81da41de3c0b","ts":"2026-01-24T18:26:25.647-05:00","source":{"id":"0","name":"eventBus"}}
{"__type":"$$EventMessageNode","id":"b2acaa43-9189-4c5c-833f-5592642f1193","ts":"2026-01-24T18:26:26.049-05:00","eventName":"n8n.node.finished","message":"n8n.node.finished","payload":{"workflowId":"7XNy9nIIe7POAwVD","workflowName":"tg_vn1","executionId":"663","nodeType":"n8n-nodes-base.telegram","nodeName":"error1","nodeId":"4eeac8c9-8dcd-4de4-b183-ae63f0a885bf"}}
{"__type":"$$EventMessageConfirm","confirm":"b2acaa43-9189-4c5c-833f-5592642f1193","ts":"2026-01-24T18:26:26.049-05:00","source":{"id":"0","name":"eventBus"}}
{"__type":"$$EventMessageWorkflow","id":"63dc9f55-97b3-4f22-9a47-7b90fe8527a0","ts":"2026-01-24T18:26:26.070-05:00","eventName":"n8n.workflow.success","message":"n8n.workflow.success","payload":{"userId":"52233263-faa5-4eb3-b867-52aa5cf68009","executionId":"663","success":true,"isManual":true,"workflowId":"7XNy9nIIe7POAwVD","workflowName":"tg_vn1"}}
{"__type":"$$EventMessageConfirm","confirm":"63dc9f55-97b3-4f22-9a47-7b90fe8527a0","ts":"2026-01-24T18:26:26.070-05:00","source":{"id":"0","name":"eventBus"}}
{"__type":"$$EventMessageAudit","id":"b3ad0c73-ad07-40b1-8afa-71bf89b32783","ts":"2026-01-29T17:49:16.051-05:00","eventName":"n8n.audit.user.login.failed","message":"n8n.audit.user.login.failed","payload":{"authenticationMethod":"email","userEmail":"deor.dima@gmail.com","reason":"wrong credentials"}}
{"__type":"$$EventMessageConfirm","confirm":"b3ad0c73-ad07-40b1-8afa-71bf89b32783","ts":"2026-01-29T17:49:16.092-05:00","source":{"id":"0","name":"eventBus"}}
{"__type":"$$EventMessageAudit","id":"56dd386c-164e-4731-a7b1-e8f13f280f88","ts":"2026-01-29T17:49:23.517-05:00","eventName":"n8n.audit.user.login.success","message":"n8n.audit.user.login.success","payload":{"userId":"52233263-faa5-4eb3-b867-52aa5cf68009","_email":"deor.dima@gmail.com","_firstName":"Дмитрий","_lastName":"Деордице","globalRole":"global:owner","authenticationMethod":"email"}}
{"__type":"$$EventMessageConfirm","confirm":"56dd386c-164e-4731-a7b1-e8f13f280f88","ts":"2026-01-29T17:49:23.517-05:00","source":{"id":"0","name":"eventBus"}}
{"__type":"$$EventMessageAudit","id":"a20458bd-9847-4893-a0bf-194b982c4f7b","ts":"2026-01-29T17:49:44.148-05:00","eventName":"n8n.audit.workflow.updated","message":"n8n.audit.workflow.updated","payload":{"userId":"52233263-faa5-4eb3-b867-52aa5cf68009","_email":"deor.dima@gmail.com","_firstName":"Дмитрий","_lastName":"Деордице","globalRole":"global:owner","workflowId":"7XNy9nIIe7POAwVD","workflowName":"tg_vn1"}}
{"__type":"$$EventMessageConfirm","confirm":"a20458bd-9847-4893-a0bf-194b982c4f7b","ts":"2026-01-29T17:49:44.148-05:00","source":{"id":"0","name":"eventBus"}}
{"__type":"$$EventMessageAudit","id":"476cd811-3d2b-48d8-aa15-a90b9a5fb1bf","ts":"2026-01-30T02:12:46.091-05:00","eventName":"n8n.audit.workflow.updated","message":"n8n.audit.workflow.updated","payload":{"userId":"52233263-faa5-4eb3-b867-52aa5cf68009","_email":"deor.dima@gmail.com","_firstName":"Дмитрий","_lastName":"Деордице","globalRole":"global:owner","workflowId":"7XNy9nIIe7POAwVD","workflowName":"tg_vn1"}}
{"__type":"$$EventMessageConfirm","confirm":"476cd811-3d2b-48d8-aa15-a90b9a5fb1bf","ts":"2026-01-30T02:12:46.091-05:00","source":{"id":"0","name":"eventBus"}}
{"__type":"$$EventMessageAudit","id":"fb2b2a79-1827-46de-a566-81ef1630825c","ts":"2026-01-30T02:14:38.223-05:00","eventName":"n8n.audit.workflow.updated","message":"n8n.audit.workflow.updated","payload":{"userId":"52233263-faa5-4eb3-b867-52aa5cf68009","_email":"deor.dima@gmail.com","_firstName":"Дмитрий","_lastName":"Деордице","globalRole":"global:owner","workflowId":"7XNy9nIIe7POAwVD","workflowName":"tg_vn1"}}
{"__type":"$$EventMessageConfirm","confirm":"fb2b2a79-1827-46de-a566-81ef1630825c","ts":"2026-01-30T02:14:38.223-05:00","source":{"id":"0","name":"eventBus"}}
