{"__type":"$$EventMessageAudit","id":"10404d45-14e1-4560-b981-587810610d68","ts":"2025-11-12T05:58:35.385+00:00","eventName":"n8n.audit.user.login.failed","message":"n8n.audit.user.login.failed","payload":{"authenticationMethod":"email","userEmail":"deor.dima@gmail.com","reason":"wrong credentials"}}
{"__type":"$$EventMessageConfirm","confirm":"10404d45-14e1-4560-b981-587810610d68","ts":"2025-11-12T05:58:35.387+00:00","source":{"id":"0","name":"eventBus"}}
{"__type":"$$EventMessageAudit","id":"e2c9b6d7-bb30-4e07-ad47-e069e62c08bd","ts":"2025-11-12T05:58:41.085+00:00","eventName":"n8n.audit.user.login.failed","message":"n8n.audit.user.login.failed","payload":{"authenticationMethod":"email","userEmail":"deor.dima@gmail.com","reason":"wrong credentials"}}
{"__type":"$$EventMessageConfirm","confirm":"e2c9b6d7-bb30-4e07-ad47-e069e62c08bd","ts":"2025-11-12T05:58:41.085+00:00","source":{"id":"0","name":"eventBus"}}
{"__type":"$$EventMessageAudit","id":"af671d38-f8c4-4763-9743-1d5165e2ed03","ts":"2025-11-12T05:58:47.483+00:00","eventName":"n8n.audit.user.login.success","message":"n8n.audit.user.login.success","payload":{"userId":"52233263-faa5-4eb3-b867-52aa5cf68009","_email":"deor.dima@gmail.com","_firstName":"Дмитрий","_lastName":"Деордице","globalRole":"global:owner","authenticationMethod":"email"}}
{"__type":"$$EventMessageConfirm","confirm":"af671d38-f8c4-4763-9743-1d5165e2ed03","ts":"2025-11-12T05:58:47.483+00:00","source":{"id":"0","name":"eventBus"}}
{"__type":"$$EventMessageAudit","id":"429cee27-24da-4ace-9dda-7cd0f801e3bd","ts":"2025-11-12T05:59:23.307+00:00","eventName":"n8n.audit.workflow.updated","message":"n8n.audit.workflow.updated","payload":{"userId":"52233263-faa5-4eb3-b867-52aa5cf68009","_email":"deor.dima@gmail.com","_firstName":"Дмитрий","_lastName":"Деордице","globalRole":"global:owner","workflowId":"7XNy9nIIe7POAwVD","workflowName":"tg_vn1"}}
{"__type":"$$EventMessageConfirm","confirm":"429cee27-24da-4ace-9dda-7cd0f801e3bd","ts":"2025-11-12T05:59:23.375+00:00","source":{"id":"0","name":"eventBus"}}
{"__type":"$$EventMessageWorkflow","id":"3d01cc68-de0b-47ec-818e-229142e62d63","ts":"2025-11-12T06:01:26.251+00:00","eventName":"n8n.workflow.started","message":"n8n.workflow.started","payload":{"executionId":"91","workflowId":"7XNy9nIIe7POAwVD","isManual":false,"workflowName":"tg_vn1"}}
{"__type":"$$EventMessageConfirm","confirm":"3d01cc68-de0b-47ec-818e-229142e62d63","ts":"2025-11-12T06:01:26.252+00:00","source":{"id":"0","name":"eventBus"}}
{"__type":"$$EventMessageNode","id":"e32e9021-5bbd-4fc3-9048-f0644d68cd23","ts":"2025-11-12T06:01:26.258+00:00","eventName":"n8n.node.started","message":"n8n.node.started","payload":{"workflowId":"7XNy9nIIe7POAwVD","workflowName":"tg_vn1","executionId":"91","nodeType":"n8n-nodes-base.telegramTrigger","nodeName":"Telegram2","nodeId":"c6c1ab1f-4ae8-482e-9b32-2e1dbfdc4219"}}
{"__type":"$$EventMessageConfirm","confirm":"e32e9021-5bbd-4fc3-9048-f0644d68cd23","ts":"2025-11-12T06:01:26.259+00:00","source":{"id":"0","name":"eventBus"}}
{"__type":"$$EventMessageNode","id":"9b88ff0e-3478-45e6-b6fd-bb762c7575ab","ts":"2025-11-12T06:01:26.263+00:00","eventName":"n8n.node.finished","message":"n8n.node.finished","payload":{"workflowId":"7XNy9nIIe7POAwVD","workflowName":"tg_vn1","executionId":"91","nodeType":"n8n-nodes-base.telegramTrigger","nodeName":"Telegram2","nodeId":"c6c1ab1f-4ae8-482e-9b32-2e1dbfdc4219"}}
{"__type":"$$EventMessageConfirm","confirm":"9b88ff0e-3478-45e6-b6fd-bb762c7575ab","ts":"2025-11-12T06:01:26.263+00:00","source":{"id":"0","name":"eventBus"}}
{"__type":"$$EventMessageNode","id":"1374718c-86d8-4a08-86d4-b23cb1f44f6c","ts":"2025-11-12T06:01:26.265+00:00","eventName":"n8n.node.started","message":"n8n.node.started","payload":{"workflowId":"7XNy9nIIe7POAwVD","workflowName":"tg_vn1","executionId":"91","nodeType":"n8n-nodes-base.switch","nodeName":"Commands","nodeId":"39632c30-c5e0-4f82-8258-d026eb4cc2b8"}}
{"__type":"$$EventMessageConfirm","confirm":"1374718c-86d8-4a08-86d4-b23cb1f44f6c","ts":"2025-11-12T06:01:26.265+00:00","source":{"id":"0","name":"eventBus"}}
{"__type":"$$EventMessageNode","id":"70c918a0-82b5-45ba-ae88-ed7924a38206","ts":"2025-11-12T01:01:26.843-05:00","eventName":"n8n.node.finished","message":"n8n.node.finished","payload":{"workflowId":"7XNy9nIIe7POAwVD","workflowName":"tg_vn1","executionId":"91","nodeType":"n8n-nodes-base.switch","nodeName":"Commands","nodeId":"39632c30-c5e0-4f82-8258-d026eb4cc2b8"}}
{"__type":"$$EventMessageConfirm","confirm":"70c918a0-82b5-45ba-ae88-ed7924a38206","ts":"2025-11-12T01:01:26.843-05:00","source":{"id":"0","name":"eventBus"}}
{"__type":"$$EventMessageNode","id":"ae0f365f-a2f8-4e7b-8ba8-fa68627151c1","ts":"2025-11-12T01:01:26.845-05:00","eventName":"n8n.node.started","message":"n8n.node.started","payload":{"workflowId":"7XNy9nIIe7POAwVD","workflowName":"tg_vn1","executionId":"91","nodeType":"n8n-nodes-base.telegram","nodeName":"action1","nodeId":"e606a5cd-3db1-444a-9de0-b8d110b56ad9"}}
{"__type":"$$EventMessageConfirm","confirm":"ae0f365f-a2f8-4e7b-8ba8-fa68627151c1","ts":"2025-11-12T01:01:26.845-05:00","source":{"id":"0","name":"eventBus"}}
{"__type":"$$EventMessageWorkflow","id":"7a9ea4e7-9cea-40dc-ae30-348efd9dccbe","ts":"2025-11-12T01:01:26.935-05:00","eventName":"n8n.workflow.started","message":"n8n.workflow.started","payload":{"executionId":"92","workflowId":"7XNy9nIIe7POAwVD","isManual":false,"workflowName":"tg_vn1"}}
{"__type":"$$EventMessageConfirm","confirm":"7a9ea4e7-9cea-40dc-ae30-348efd9dccbe","ts":"2025-11-12T01:01:26.935-05:00","source":{"id":"0","name":"eventBus"}}
{"__type":"$$EventMessageNode","id":"b38da7c6-bc3c-48c2-bc87-b333ee9dce52","ts":"2025-11-12T01:01:26.936-05:00","eventName":"n8n.node.started","message":"n8n.node.started","payload":{"workflowId":"7XNy9nIIe7POAwVD","workflowName":"tg_vn1","executionId":"92","nodeType":"n8n-nodes-base.telegramTrigger","nodeName":"Telegram2","nodeId":"c6c1ab1f-4ae8-482e-9b32-2e1dbfdc4219"}}
{"__type":"$$EventMessageConfirm","confirm":"b38da7c6-bc3c-48c2-bc87-b333ee9dce52","ts":"2025-11-12T01:01:26.936-05:00","source":{"id":"0","name":"eventBus"}}
{"__type":"$$EventMessageNode","id":"5b16fe39-0abb-4616-8254-d71f037efaf8","ts":"2025-11-12T01:01:26.937-05:00","eventName":"n8n.node.finished","message":"n8n.node.finished","payload":{"workflowId":"7XNy9nIIe7POAwVD","workflowName":"tg_vn1","executionId":"92","nodeType":"n8n-nodes-base.telegramTrigger","nodeName":"Telegram2","nodeId":"c6c1ab1f-4ae8-482e-9b32-2e1dbfdc4219"}}
{"__type":"$$EventMessageConfirm","confirm":"5b16fe39-0abb-4616-8254-d71f037efaf8","ts":"2025-11-12T01:01:26.937-05:00","source":{"id":"0","name":"eventBus"}}
{"__type":"$$EventMessageNode","id":"65166cbd-b024-46c1-b498-0a99a225027e","ts":"2025-11-12T01:01:26.938-05:00","eventName":"n8n.node.started","message":"n8n.node.started","payload":{"workflowId":"7XNy9nIIe7POAwVD","workflowName":"tg_vn1","executionId":"92","nodeType":"n8n-nodes-base.switch","nodeName":"Commands","nodeId":"39632c30-c5e0-4f82-8258-d026eb4cc2b8"}}
{"__type":"$$EventMessageConfirm","confirm":"65166cbd-b024-46c1-b498-0a99a225027e","ts":"2025-11-12T01:01:26.938-05:00","source":{"id":"0","name":"eventBus"}}
{"__type":"$$EventMessageNode","id":"a133fc9a-d41f-4f64-b32e-cc8fdfe27004","ts":"2025-11-12T01:01:26.944-05:00","eventName":"n8n.node.finished","message":"n8n.node.finished","payload":{"workflowId":"7XNy9nIIe7POAwVD","workflowName":"tg_vn1","executionId":"92","nodeType":"n8n-nodes-base.switch","nodeName":"Commands","nodeId":"39632c30-c5e0-4f82-8258-d026eb4cc2b8"}}
{"__type":"$$EventMessageConfirm","confirm":"a133fc9a-d41f-4f64-b32e-cc8fdfe27004","ts":"2025-11-12T01:01:26.944-05:00","source":{"id":"0","name":"eventBus"}}
{"__type":"$$EventMessageNode","id":"31069c04-c52b-4547-a1ba-7a1435ae7d9f","ts":"2025-11-12T01:01:26.945-05:00","eventName":"n8n.node.started","message":"n8n.node.started","payload":{"workflowId":"7XNy9nIIe7POAwVD","workflowName":"tg_vn1","executionId":"92","nodeType":"n8n-nodes-base.telegram","nodeName":"action1","nodeId":"e606a5cd-3db1-444a-9de0-b8d110b56ad9"}}
{"__type":"$$EventMessageConfirm","confirm":"31069c04-c52b-4547-a1ba-7a1435ae7d9f","ts":"2025-11-12T01:01:26.945-05:00","source":{"id":"0","name":"eventBus"}}
{"__type":"$$EventMessageWorkflow","id":"1877421c-af97-4921-9c3e-3e647e5760c6","ts":"2025-11-12T01:01:27.118-05:00","eventName":"n8n.workflow.started","message":"n8n.workflow.started","payload":{"executionId":"93","workflowId":"7XNy9nIIe7POAwVD","isManual":false,"workflowName":"tg_vn1"}}
{"__type":"$$EventMessageConfirm","confirm":"1877421c-af97-4921-9c3e-3e647e5760c6","ts":"2025-11-12T01:01:27.118-05:00","source":{"id":"0","name":"eventBus"}}
{"__type":"$$EventMessageNode","id":"675e22de-5556-4e00-8e30-fe58f46e685c","ts":"2025-11-12T01:01:27.119-05:00","eventName":"n8n.node.started","message":"n8n.node.started","payload":{"workflowId":"7XNy9nIIe7POAwVD","workflowName":"tg_vn1","executionId":"93","nodeType":"n8n-nodes-base.telegramTrigger","nodeName":"Telegram2","nodeId":"c6c1ab1f-4ae8-482e-9b32-2e1dbfdc4219"}}
{"__type":"$$EventMessageConfirm","confirm":"675e22de-5556-4e00-8e30-fe58f46e685c","ts":"2025-11-12T01:01:27.119-05:00","source":{"id":"0","name":"eventBus"}}
{"__type":"$$EventMessageNode","id":"0d76836e-a20d-4ffb-9310-82daf8085218","ts":"2025-11-12T01:01:27.120-05:00","eventName":"n8n.node.finished","message":"n8n.node.finished","payload":{"workflowId":"7XNy9nIIe7POAwVD","workflowName":"tg_vn1","executionId":"93","nodeType":"n8n-nodes-base.telegramTrigger","nodeName":"Telegram2","nodeId":"c6c1ab1f-4ae8-482e-9b32-2e1dbfdc4219"}}
{"__type":"$$EventMessageConfirm","confirm":"0d76836e-a20d-4ffb-9310-82daf8085218","ts":"2025-11-12T01:01:27.120-05:00","source":{"id":"0","name":"eventBus"}}
{"__type":"$$EventMessageNode","id":"06653366-eecd-4aa4-beec-8e53e0ed2764","ts":"2025-11-12T01:01:27.121-05:00","eventName":"n8n.node.started","message":"n8n.node.started","payload":{"workflowId":"7XNy9nIIe7POAwVD","workflowName":"tg_vn1","executionId":"93","nodeType":"n8n-nodes-base.switch","nodeName":"Commands","nodeId":"39632c30-c5e0-4f82-8258-d026eb4cc2b8"}}
{"__type":"$$EventMessageConfirm","confirm":"06653366-eecd-4aa4-beec-8e53e0ed2764","ts":"2025-11-12T01:01:27.121-05:00","source":{"id":"0","name":"eventBus"}}
{"__type":"$$EventMessageNode","id":"6f250a58-39a8-4e3a-bd80-a34137890d6d","ts":"2025-11-12T01:01:27.131-05:00","eventName":"n8n.node.finished","message":"n8n.node.finished","payload":{"workflowId":"7XNy9nIIe7POAwVD","workflowName":"tg_vn1","executionId":"93","nodeType":"n8n-nodes-base.switch","nodeName":"Commands","nodeId":"39632c30-c5e0-4f82-8258-d026eb4cc2b8"}}
{"__type":"$$EventMessageConfirm","confirm":"6f250a58-39a8-4e3a-bd80-a34137890d6d","ts":"2025-11-12T01:01:27.132-05:00","source":{"id":"0","name":"eventBus"}}
{"__type":"$$EventMessageNode","id":"903d1727-172e-42ce-8615-62479a5de0ee","ts":"2025-11-12T01:01:27.136-05:00","eventName":"n8n.node.started","message":"n8n.node.started","payload":{"workflowId":"7XNy9nIIe7POAwVD","workflowName":"tg_vn1","executionId":"93","nodeType":"n8n-nodes-base.telegram","nodeName":"action1","nodeId":"e606a5cd-3db1-444a-9de0-b8d110b56ad9"}}
{"__type":"$$EventMessageConfirm","confirm":"903d1727-172e-42ce-8615-62479a5de0ee","ts":"2025-11-12T01:01:27.137-05:00","source":{"id":"0","name":"eventBus"}}
{"__type":"$$EventMessageNode","id":"448342e0-e936-4af7-b400-ac7f49f953b7","ts":"2025-11-12T01:01:27.269-05:00","eventName":"n8n.node.finished","message":"n8n.node.finished","payload":{"workflowId":"7XNy9nIIe7POAwVD","workflowName":"tg_vn1","executionId":"91","nodeType":"n8n-nodes-base.telegram","nodeName":"action1","nodeId":"e606a5cd-3db1-444a-9de0-b8d110b56ad9"}}
{"__type":"$$EventMessageConfirm","confirm":"448342e0-e936-4af7-b400-ac7f49f953b7","ts":"2025-11-12T01:01:27.269-05:00","source":{"id":"0","name":"eventBus"}}
{"__type":"$$EventMessageNode","id":"a03bc958-8c67-478b-a9ef-6f3853865c2c","ts":"2025-11-12T01:01:27.270-05:00","eventName":"n8n.node.started","message":"n8n.node.started","payload":{"workflowId":"7XNy9nIIe7POAwVD","workflowName":"tg_vn1","executionId":"91","nodeType":"n8n-nodes-base.googleSheets","nodeName":"users","nodeId":"14f83376-3e81-4f45-b1fa-9e6de8705dde"}}
{"__type":"$$EventMessageConfirm","confirm":"a03bc958-8c67-478b-a9ef-6f3853865c2c","ts":"2025-11-12T01:01:27.271-05:00","source":{"id":"0","name":"eventBus"}}
{"__type":"$$EventMessageNode","id":"46f83899-88d7-4738-84b6-871030922474","ts":"2025-11-12T01:01:27.365-05:00","eventName":"n8n.node.finished","message":"n8n.node.finished","payload":{"workflowId":"7XNy9nIIe7POAwVD","workflowName":"tg_vn1","executionId":"92","nodeType":"n8n-nodes-base.telegram","nodeName":"action1","nodeId":"e606a5cd-3db1-444a-9de0-b8d110b56ad9"}}
{"__type":"$$EventMessageConfirm","confirm":"46f83899-88d7-4738-84b6-871030922474","ts":"2025-11-12T01:01:27.365-05:00","source":{"id":"0","name":"eventBus"}}
{"__type":"$$EventMessageNode","id":"8e639413-c730-41d7-9f03-9944304b2833","ts":"2025-11-12T01:01:27.366-05:00","eventName":"n8n.node.started","message":"n8n.node.started","payload":{"workflowId":"7XNy9nIIe7POAwVD","workflowName":"tg_vn1","executionId":"92","nodeType":"n8n-nodes-base.googleSheets","nodeName":"users","nodeId":"14f83376-3e81-4f45-b1fa-9e6de8705dde"}}
{"__type":"$$EventMessageConfirm","confirm":"8e639413-c730-41d7-9f03-9944304b2833","ts":"2025-11-12T01:01:27.366-05:00","source":{"id":"0","name":"eventBus"}}
{"__type":"$$EventMessageNode","id":"d27d7beb-05b4-497d-ab20-dbecd03f3547","ts":"2025-11-12T01:01:27.869-05:00","eventName":"n8n.node.finished","message":"n8n.node.finished","payload":{"workflowId":"7XNy9nIIe7POAwVD","workflowName":"tg_vn1","executionId":"93","nodeType":"n8n-nodes-base.telegram","nodeName":"action1","nodeId":"e606a5cd-3db1-444a-9de0-b8d110b56ad9"}}
{"__type":"$$EventMessageConfirm","confirm":"d27d7beb-05b4-497d-ab20-dbecd03f3547","ts":"2025-11-12T01:01:27.869-05:00","source":{"id":"0","name":"eventBus"}}
{"__type":"$$EventMessageNode","id":"3cc4c5f9-2bf1-4907-9d0a-debc06b26cca","ts":"2025-11-12T01:01:27.870-05:00","eventName":"n8n.node.started","message":"n8n.node.started","payload":{"workflowId":"7XNy9nIIe7POAwVD","workflowName":"tg_vn1","executionId":"93","nodeType":"n8n-nodes-base.googleSheets","nodeName":"users","nodeId":"14f83376-3e81-4f45-b1fa-9e6de8705dde"}}
{"__type":"$$EventMessageConfirm","confirm":"3cc4c5f9-2bf1-4907-9d0a-debc06b26cca","ts":"2025-11-12T01:01:27.871-05:00","source":{"id":"0","name":"eventBus"}}
{"__type":"$$EventMessageNode","id":"0a6d6d15-3f98-42c1-b4cd-32bbfcf5efff","ts":"2025-11-12T01:01:28.783-05:00","eventName":"n8n.node.finished","message":"n8n.node.finished","payload":{"workflowId":"7XNy9nIIe7POAwVD","workflowName":"tg_vn1","executionId":"91","nodeType":"n8n-nodes-base.googleSheets","nodeName":"users","nodeId":"14f83376-3e81-4f45-b1fa-9e6de8705dde"}}
{"__type":"$$EventMessageConfirm","confirm":"0a6d6d15-3f98-42c1-b4cd-32bbfcf5efff","ts":"2025-11-12T01:01:28.783-05:00","source":{"id":"0","name":"eventBus"}}
{"__type":"$$EventMessageNode","id":"860be26d-5dd8-48be-b530-8a40f5d428d6","ts":"2025-11-12T01:01:28.784-05:00","eventName":"n8n.node.started","message":"n8n.node.started","payload":{"workflowId":"7XNy9nIIe7POAwVD","workflowName":"tg_vn1","executionId":"91","nodeType":"n8n-nodes-base.if","nodeName":"If","nodeId":"44eb621e-a387-4470-b86b-602e0a25f0b2"}}
{"__type":"$$EventMessageConfirm","confirm":"860be26d-5dd8-48be-b530-8a40f5d428d6","ts":"2025-11-12T01:01:28.784-05:00","source":{"id":"0","name":"eventBus"}}
{"__type":"$$EventMessageNode","id":"9bfa50cf-39ae-480e-b348-79d1bb8ee99e","ts":"2025-11-12T01:01:28.790-05:00","eventName":"n8n.node.finished","message":"n8n.node.finished","payload":{"workflowId":"7XNy9nIIe7POAwVD","workflowName":"tg_vn1","executionId":"91","nodeType":"n8n-nodes-base.if","nodeName":"If","nodeId":"44eb621e-a387-4470-b86b-602e0a25f0b2"}}
{"__type":"$$EventMessageConfirm","confirm":"9bfa50cf-39ae-480e-b348-79d1bb8ee99e","ts":"2025-11-12T01:01:28.791-05:00","source":{"id":"0","name":"eventBus"}}
{"__type":"$$EventMessageNode","id":"c01cc966-1170-47ca-924b-b7143da51128","ts":"2025-11-12T01:01:28.791-05:00","eventName":"n8n.node.started","message":"n8n.node.started","payload":{"workflowId":"7XNy9nIIe7POAwVD","workflowName":"tg_vn1","executionId":"91","nodeType":"n8n-nodes-base.switch","nodeName":"Switch3","nodeId":"e0801297-41fa-4002-85a6-9d72f107f218"}}
{"__type":"$$EventMessageConfirm","confirm":"c01cc966-1170-47ca-924b-b7143da51128","ts":"2025-11-12T01:01:28.792-05:00","source":{"id":"0","name":"eventBus"}}
{"__type":"$$EventMessageNode","id":"4040a72b-4eaf-4fe5-a763-ae9115cde7d3","ts":"2025-11-12T01:01:28.885-05:00","eventName":"n8n.node.finished","message":"n8n.node.finished","payload":{"workflowId":"7XNy9nIIe7POAwVD","workflowName":"tg_vn1","executionId":"91","nodeType":"n8n-nodes-base.switch","nodeName":"Switch3","nodeId":"e0801297-41fa-4002-85a6-9d72f107f218"}}
{"__type":"$$EventMessageConfirm","confirm":"4040a72b-4eaf-4fe5-a763-ae9115cde7d3","ts":"2025-11-12T01:01:28.886-05:00","source":{"id":"0","name":"eventBus"}}
{"__type":"$$EventMessageNode","id":"4c3b9d83-80b5-457d-a06b-07645ba41bef","ts":"2025-11-12T01:01:28.887-05:00","eventName":"n8n.node.started","message":"n8n.node.started","payload":{"workflowId":"7XNy9nIIe7POAwVD","workflowName":"tg_vn1","executionId":"91","nodeType":"n8n-nodes-base.set","nodeName":"data_tg","nodeId":"daa122e5-74e8-4f37-b7ea-eada6f319179"}}
{"__type":"$$EventMessageConfirm","confirm":"4c3b9d83-80b5-457d-a06b-07645ba41bef","ts":"2025-11-12T01:01:28.887-05:00","source":{"id":"0","name":"eventBus"}}
{"__type":"$$EventMessageNode","id":"6f975ac0-b2b0-4e39-9ae9-8f0f32b9bcaa","ts":"2025-11-12T01:01:28.892-05:00","eventName":"n8n.node.finished","message":"n8n.node.finished","payload":{"workflowId":"7XNy9nIIe7POAwVD","workflowName":"tg_vn1","executionId":"91","nodeType":"n8n-nodes-base.set","nodeName":"data_tg","nodeId":"daa122e5-74e8-4f37-b7ea-eada6f319179"}}
{"__type":"$$EventMessageConfirm","confirm":"6f975ac0-b2b0-4e39-9ae9-8f0f32b9bcaa","ts":"2025-11-12T01:01:28.892-05:00","source":{"id":"0","name":"eventBus"}}
{"__type":"$$EventMessageNode","id":"70c4b0e5-bb9b-45d0-891c-fecbc595fbd0","ts":"2025-11-12T01:01:28.893-05:00","eventName":"n8n.node.started","message":"n8n.node.started","payload":{"workflowId":"7XNy9nIIe7POAwVD","workflowName":"tg_vn1","executionId":"91","nodeType":"n8n-nodes-base.httpRequest","nodeName":"get_file","nodeId":"127b0c05-d729-46e6-a4b2-8407acd9e205"}}
{"__type":"$$EventMessageConfirm","confirm":"70c4b0e5-bb9b-45d0-891c-fecbc595fbd0","ts":"2025-11-12T01:01:28.893-05:00","source":{"id":"0","name":"eventBus"}}
{"__type":"$$EventMessageNode","id":"0c907d06-9459-4e22-aa47-ec978ecdbfb7","ts":"2025-11-12T01:01:28.932-05:00","eventName":"n8n.node.finished","message":"n8n.node.finished","payload":{"workflowId":"7XNy9nIIe7POAwVD","workflowName":"tg_vn1","executionId":"93","nodeType":"n8n-nodes-base.googleSheets","nodeName":"users","nodeId":"14f83376-3e81-4f45-b1fa-9e6de8705dde"}}
{"__type":"$$EventMessageConfirm","confirm":"0c907d06-9459-4e22-aa47-ec978ecdbfb7","ts":"2025-11-12T01:01:28.932-05:00","source":{"id":"0","name":"eventBus"}}
{"__type":"$$EventMessageNode","id":"6ba77ff4-bc2a-4272-93e2-a29029c472dc","ts":"2025-11-12T01:01:28.933-05:00","eventName":"n8n.node.started","message":"n8n.node.started","payload":{"workflowId":"7XNy9nIIe7POAwVD","workflowName":"tg_vn1","executionId":"93","nodeType":"n8n-nodes-base.if","nodeName":"If","nodeId":"44eb621e-a387-4470-b86b-602e0a25f0b2"}}
{"__type":"$$EventMessageConfirm","confirm":"6ba77ff4-bc2a-4272-93e2-a29029c472dc","ts":"2025-11-12T01:01:28.933-05:00","source":{"id":"0","name":"eventBus"}}
{"__type":"$$EventMessageNode","id":"9053f9a8-bf66-4145-9551-33cc6d9e6584","ts":"2025-11-12T01:01:28.934-05:00","eventName":"n8n.node.finished","message":"n8n.node.finished","payload":{"workflowId":"7XNy9nIIe7POAwVD","workflowName":"tg_vn1","executionId":"93","nodeType":"n8n-nodes-base.if","nodeName":"If","nodeId":"44eb621e-a387-4470-b86b-602e0a25f0b2"}}
{"__type":"$$EventMessageConfirm","confirm":"9053f9a8-bf66-4145-9551-33cc6d9e6584","ts":"2025-11-12T01:01:28.934-05:00","source":{"id":"0","name":"eventBus"}}
{"__type":"$$EventMessageNode","id":"8faf6bdb-b977-4a4f-9dcf-0fa9245c189d","ts":"2025-11-12T01:01:28.935-05:00","eventName":"n8n.node.started","message":"n8n.node.started","payload":{"workflowId":"7XNy9nIIe7POAwVD","workflowName":"tg_vn1","executionId":"93","nodeType":"n8n-nodes-base.switch","nodeName":"Switch3","nodeId":"e0801297-41fa-4002-85a6-9d72f107f218"}}
{"__type":"$$EventMessageConfirm","confirm":"8faf6bdb-b977-4a4f-9dcf-0fa9245c189d","ts":"2025-11-12T01:01:28.935-05:00","source":{"id":"0","name":"eventBus"}}
{"__type":"$$EventMessageNode","id":"503d0806-3890-4714-abb7-78a6f8614df1","ts":"2025-11-12T01:01:28.940-05:00","eventName":"n8n.node.finished","message":"n8n.node.finished","payload":{"workflowId":"7XNy9nIIe7POAwVD","workflowName":"tg_vn1","executionId":"93","nodeType":"n8n-nodes-base.switch","nodeName":"Switch3","nodeId":"e0801297-41fa-4002-85a6-9d72f107f218"}}
{"__type":"$$EventMessageConfirm","confirm":"503d0806-3890-4714-abb7-78a6f8614df1","ts":"2025-11-12T01:01:28.940-05:00","source":{"id":"0","name":"eventBus"}}
{"__type":"$$EventMessageNode","id":"e4534261-e2f3-410c-bd4a-b06da1c88eae","ts":"2025-11-12T01:01:28.941-05:00","eventName":"n8n.node.started","message":"n8n.node.started","payload":{"workflowId":"7XNy9nIIe7POAwVD","workflowName":"tg_vn1","executionId":"93","nodeType":"n8n-nodes-base.telegram","nodeName":"/start","nodeId":"ace12fd8-70aa-4362-889a-873841cce9c2"}}
{"__type":"$$EventMessageConfirm","confirm":"e4534261-e2f3-410c-bd4a-b06da1c88eae","ts":"2025-11-12T01:01:28.941-05:00","source":{"id":"0","name":"eventBus"}}
{"__type":"$$EventMessageNode","id":"e144f8b9-c7a8-4821-89a4-699e60e302c0","ts":"2025-11-12T01:01:28.988-05:00","eventName":"n8n.node.finished","message":"n8n.node.finished","payload":{"workflowId":"7XNy9nIIe7POAwVD","workflowName":"tg_vn1","executionId":"92","nodeType":"n8n-nodes-base.googleSheets","nodeName":"users","nodeId":"14f83376-3e81-4f45-b1fa-9e6de8705dde"}}
{"__type":"$$EventMessageConfirm","confirm":"e144f8b9-c7a8-4821-89a4-699e60e302c0","ts":"2025-11-12T01:01:28.988-05:00","source":{"id":"0","name":"eventBus"}}
{"__type":"$$EventMessageNode","id":"ab7ac413-9593-48cd-9da0-8972430cc223","ts":"2025-11-12T01:01:28.989-05:00","eventName":"n8n.node.started","message":"n8n.node.started","payload":{"workflowId":"7XNy9nIIe7POAwVD","workflowName":"tg_vn1","executionId":"92","nodeType":"n8n-nodes-base.if","nodeName":"If","nodeId":"44eb621e-a387-4470-b86b-602e0a25f0b2"}}
{"__type":"$$EventMessageConfirm","confirm":"ab7ac413-9593-48cd-9da0-8972430cc223","ts":"2025-11-12T01:01:28.989-05:00","source":{"id":"0","name":"eventBus"}}
{"__type":"$$EventMessageNode","id":"a193597d-639a-4f01-abe2-0220617cea5c","ts":"2025-11-12T01:01:28.992-05:00","eventName":"n8n.node.finished","message":"n8n.node.finished","payload":{"workflowId":"7XNy9nIIe7POAwVD","workflowName":"tg_vn1","executionId":"92","nodeType":"n8n-nodes-base.if","nodeName":"If","nodeId":"44eb621e-a387-4470-b86b-602e0a25f0b2"}}
{"__type":"$$EventMessageConfirm","confirm":"a193597d-639a-4f01-abe2-0220617cea5c","ts":"2025-11-12T01:01:28.992-05:00","source":{"id":"0","name":"eventBus"}}
{"__type":"$$EventMessageNode","id":"0b30b296-404c-42b9-a0ad-1041971ce825","ts":"2025-11-12T01:01:28.993-05:00","eventName":"n8n.node.started","message":"n8n.node.started","payload":{"workflowId":"7XNy9nIIe7POAwVD","workflowName":"tg_vn1","executionId":"92","nodeType":"n8n-nodes-base.switch","nodeName":"Switch3","nodeId":"e0801297-41fa-4002-85a6-9d72f107f218"}}
{"__type":"$$EventMessageConfirm","confirm":"0b30b296-404c-42b9-a0ad-1041971ce825","ts":"2025-11-12T01:01:28.993-05:00","source":{"id":"0","name":"eventBus"}}
{"__type":"$$EventMessageNode","id":"9b18c9c0-0c7b-444d-99cd-8034460de16b","ts":"2025-11-12T01:01:29.000-05:00","eventName":"n8n.node.finished","message":"n8n.node.finished","payload":{"workflowId":"7XNy9nIIe7POAwVD","workflowName":"tg_vn1","executionId":"92","nodeType":"n8n-nodes-base.switch","nodeName":"Switch3","nodeId":"e0801297-41fa-4002-85a6-9d72f107f218"}}
{"__type":"$$EventMessageConfirm","confirm":"9b18c9c0-0c7b-444d-99cd-8034460de16b","ts":"2025-11-12T01:01:29.000-05:00","source":{"id":"0","name":"eventBus"}}
{"__type":"$$EventMessageNode","id":"756bba5e-9358-417e-b364-a35b5cab77e8","ts":"2025-11-12T01:01:29.001-05:00","eventName":"n8n.node.started","message":"n8n.node.started","payload":{"workflowId":"7XNy9nIIe7POAwVD","workflowName":"tg_vn1","executionId":"92","nodeType":"n8n-nodes-base.telegram","nodeName":"/start","nodeId":"ace12fd8-70aa-4362-889a-873841cce9c2"}}
{"__type":"$$EventMessageConfirm","confirm":"756bba5e-9358-417e-b364-a35b5cab77e8","ts":"2025-11-12T01:01:29.002-05:00","source":{"id":"0","name":"eventBus"}}
{"__type":"$$EventMessageNode","id":"a48937d0-ffe9-4b64-8c5e-e1d3611404a5","ts":"2025-11-12T01:01:29.339-05:00","eventName":"n8n.node.finished","message":"n8n.node.finished","payload":{"workflowId":"7XNy9nIIe7POAwVD","workflowName":"tg_vn1","executionId":"93","nodeType":"n8n-nodes-base.telegram","nodeName":"/start","nodeId":"ace12fd8-70aa-4362-889a-873841cce9c2"}}
{"__type":"$$EventMessageConfirm","confirm":"a48937d0-ffe9-4b64-8c5e-e1d3611404a5","ts":"2025-11-12T01:01:29.340-05:00","source":{"id":"0","name":"eventBus"}}
{"__type":"$$EventMessageWorkflow","id":"220b17dc-f10b-43fe-8fc5-a3a71ddc04a3","ts":"2025-11-12T01:01:29.373-05:00","eventName":"n8n.workflow.success","message":"n8n.workflow.success","payload":{"executionId":"93","success":true,"isManual":true,"workflowId":"7XNy9nIIe7POAwVD","workflowName":"tg_vn1"}}
{"__type":"$$EventMessageConfirm","confirm":"220b17dc-f10b-43fe-8fc5-a3a71ddc04a3","ts":"2025-11-12T01:01:29.373-05:00","source":{"id":"0","name":"eventBus"}}
{"__type":"$$EventMessageNode","id":"21b0e9d0-1260-4cd1-9420-78f972214c41","ts":"2025-11-12T01:01:29.382-05:00","eventName":"n8n.node.finished","message":"n8n.node.finished","payload":{"workflowId":"7XNy9nIIe7POAwVD","workflowName":"tg_vn1","executionId":"92","nodeType":"n8n-nodes-base.telegram","nodeName":"/start","nodeId":"ace12fd8-70aa-4362-889a-873841cce9c2"}}
{"__type":"$$EventMessageConfirm","confirm":"21b0e9d0-1260-4cd1-9420-78f972214c41","ts":"2025-11-12T01:01:29.382-05:00","source":{"id":"0","name":"eventBus"}}
{"__type":"$$EventMessageWorkflow","id":"241cbd8d-5c4d-4aaa-8796-42f65250a6ad","ts":"2025-11-12T01:01:29.442-05:00","eventName":"n8n.workflow.success","message":"n8n.workflow.success","payload":{"executionId":"92","success":true,"isManual":true,"workflowId":"7XNy9nIIe7POAwVD","workflowName":"tg_vn1"}}
{"__type":"$$EventMessageConfirm","confirm":"241cbd8d-5c4d-4aaa-8796-42f65250a6ad","ts":"2025-11-12T01:01:29.442-05:00","source":{"id":"0","name":"eventBus"}}
{"__type":"$$EventMessageNode","id":"6b0bdc99-e2ee-4e6a-983c-4e30145c8fcd","ts":"2025-11-12T01:01:29.641-05:00","eventName":"n8n.node.finished","message":"n8n.node.finished","payload":{"workflowId":"7XNy9nIIe7POAwVD","workflowName":"tg_vn1","executionId":"91","nodeType":"n8n-nodes-base.httpRequest","nodeName":"get_file","nodeId":"127b0c05-d729-46e6-a4b2-8407acd9e205"}}
{"__type":"$$EventMessageConfirm","confirm":"6b0bdc99-e2ee-4e6a-983c-4e30145c8fcd","ts":"2025-11-12T01:01:29.641-05:00","source":{"id":"0","name":"eventBus"}}
{"__type":"$$EventMessageNode","id":"7025229a-b74f-41b4-bc91-70b91ac1fc99","ts":"2025-11-12T01:01:29.642-05:00","eventName":"n8n.node.started","message":"n8n.node.started","payload":{"workflowId":"7XNy9nIIe7POAwVD","workflowName":"tg_vn1","executionId":"91","nodeType":"n8n-nodes-base.httpRequest","nodeName":"save_file","nodeId":"44185b46-0801-43b5-8e67-557d8c062adb"}}
{"__type":"$$EventMessageConfirm","confirm":"7025229a-b74f-41b4-bc91-70b91ac1fc99","ts":"2025-11-12T01:01:29.642-05:00","source":{"id":"0","name":"eventBus"}}
{"__type":"$$EventMessageNode","id":"4ddb8b47-faac-4b84-893d-8b9788268de0","ts":"2025-11-12T01:01:30.449-05:00","eventName":"n8n.node.finished","message":"n8n.node.finished","payload":{"workflowId":"7XNy9nIIe7POAwVD","workflowName":"tg_vn1","executionId":"91","nodeType":"n8n-nodes-base.httpRequest","nodeName":"save_file","nodeId":"44185b46-0801-43b5-8e67-557d8c062adb"}}
{"__type":"$$EventMessageConfirm","confirm":"4ddb8b47-faac-4b84-893d-8b9788268de0","ts":"2025-11-12T01:01:30.449-05:00","source":{"id":"0","name":"eventBus"}}
{"__type":"$$EventMessageNode","id":"53c83fc3-5868-4f3c-95ed-989d7c00c512","ts":"2025-11-12T01:01:30.454-05:00","eventName":"n8n.node.started","message":"n8n.node.started","payload":{"workflowId":"7XNy9nIIe7POAwVD","workflowName":"tg_vn1","executionId":"91","nodeType":"n8n-nodes-base.switch","nodeName":"type_doc","nodeId":"8b2c3399-ceb5-4f5d-b08b-5bb5c3d8210a"}}
{"__type":"$$EventMessageConfirm","confirm":"53c83fc3-5868-4f3c-95ed-989d7c00c512","ts":"2025-11-12T01:01:30.454-05:00","source":{"id":"0","name":"eventBus"}}
{"__type":"$$EventMessageNode","id":"af55e261-4500-48ea-b1df-d60b6aca77c0","ts":"2025-11-12T01:01:30.461-05:00","eventName":"n8n.node.finished","message":"n8n.node.finished","payload":{"workflowId":"7XNy9nIIe7POAwVD","workflowName":"tg_vn1","executionId":"91","nodeType":"n8n-nodes-base.switch","nodeName":"type_doc","nodeId":"8b2c3399-ceb5-4f5d-b08b-5bb5c3d8210a"}}
{"__type":"$$EventMessageConfirm","confirm":"af55e261-4500-48ea-b1df-d60b6aca77c0","ts":"2025-11-12T01:01:30.461-05:00","source":{"id":"0","name":"eventBus"}}
{"__type":"$$EventMessageNode","id":"083ce483-3770-4de6-833b-72f7fe7a42aa","ts":"2025-11-12T01:01:30.465-05:00","eventName":"n8n.node.started","message":"n8n.node.started","payload":{"workflowId":"7XNy9nIIe7POAwVD","workflowName":"tg_vn1","executionId":"91","nodeType":"n8n-nodes-base.extractFromFile","nodeName":"Pdf_to_text","nodeId":"4f70d260-44f6-48e6-b928-6cb7d9bb3c38"}}
{"__type":"$$EventMessageConfirm","confirm":"083ce483-3770-4de6-833b-72f7fe7a42aa","ts":"2025-11-12T01:01:30.465-05:00","source":{"id":"0","name":"eventBus"}}
{"__type":"$$EventMessageNode","id":"9a1afca8-80a3-448e-beff-c0fe39dd93dc","ts":"2025-11-12T01:01:34.589-05:00","eventName":"n8n.node.finished","message":"n8n.node.finished","payload":{"workflowId":"7XNy9nIIe7POAwVD","workflowName":"tg_vn1","executionId":"91","nodeType":"n8n-nodes-base.extractFromFile","nodeName":"Pdf_to_text","nodeId":"4f70d260-44f6-48e6-b928-6cb7d9bb3c38"}}
{"__type":"$$EventMessageConfirm","confirm":"9a1afca8-80a3-448e-beff-c0fe39dd93dc","ts":"2025-11-12T01:01:34.616-05:00","source":{"id":"0","name":"eventBus"}}
{"__type":"$$EventMessageNode","id":"b3a4c148-da6f-41d4-b399-68bc8b8f92c9","ts":"2025-11-12T01:01:34.617-05:00","eventName":"n8n.node.started","message":"n8n.node.started","payload":{"workflowId":"7XNy9nIIe7POAwVD","workflowName":"tg_vn1","executionId":"91","nodeType":"n8n-nodes-base.set","nodeName":"text data from file","nodeId":"c3bf2cab-6d3c-4944-8df3-acd1b19cacac"}}
{"__type":"$$EventMessageConfirm","confirm":"b3a4c148-da6f-41d4-b399-68bc8b8f92c9","ts":"2025-11-12T01:01:34.617-05:00","source":{"id":"0","name":"eventBus"}}
{"__type":"$$EventMessageNode","id":"5bbb69a7-fba8-4d84-9c22-2d463c8d96f5","ts":"2025-11-12T01:01:34.635-05:00","eventName":"n8n.node.finished","message":"n8n.node.finished","payload":{"workflowId":"7XNy9nIIe7POAwVD","workflowName":"tg_vn1","executionId":"91","nodeType":"n8n-nodes-base.set","nodeName":"text data from file","nodeId":"c3bf2cab-6d3c-4944-8df3-acd1b19cacac"}}
{"__type":"$$EventMessageConfirm","confirm":"5bbb69a7-fba8-4d84-9c22-2d463c8d96f5","ts":"2025-11-12T01:01:34.635-05:00","source":{"id":"0","name":"eventBus"}}
{"__type":"$$EventMessageNode","id":"b027b026-1029-4f2d-bb96-f5849009408c","ts":"2025-11-12T01:01:34.636-05:00","eventName":"n8n.node.started","message":"n8n.node.started","payload":{"workflowId":"7XNy9nIIe7POAwVD","workflowName":"tg_vn1","executionId":"91","nodeType":"n8n-nodes-base.telegram","nodeName":"test","nodeId":"a7e32abe-55e4-4c6c-be73-7ab130b38e95"}}
{"__type":"$$EventMessageConfirm","confirm":"b027b026-1029-4f2d-bb96-f5849009408c","ts":"2025-11-12T01:01:34.637-05:00","source":{"id":"0","name":"eventBus"}}
{"__type":"$$EventMessageNode","id":"479383bd-e90e-4d31-be98-b3e0c631d3c3","ts":"2025-11-12T01:01:35.119-05:00","eventName":"n8n.node.finished","message":"n8n.node.finished","payload":{"workflowId":"7XNy9nIIe7POAwVD","workflowName":"tg_vn1","executionId":"91","nodeType":"n8n-nodes-base.telegram","nodeName":"test","nodeId":"a7e32abe-55e4-4c6c-be73-7ab130b38e95"}}
{"__type":"$$EventMessageConfirm","confirm":"479383bd-e90e-4d31-be98-b3e0c631d3c3","ts":"2025-11-12T01:01:35.119-05:00","source":{"id":"0","name":"eventBus"}}
{"__type":"$$EventMessageWorkflow","id":"9e54709d-83bf-4b44-b993-42e28c113f1a","ts":"2025-11-12T01:01:35.197-05:00","eventName":"n8n.workflow.success","message":"n8n.workflow.success","payload":{"executionId":"91","success":true,"isManual":true,"workflowId":"7XNy9nIIe7POAwVD","workflowName":"tg_vn1"}}
{"__type":"$$EventMessageConfirm","confirm":"9e54709d-83bf-4b44-b993-42e28c113f1a","ts":"2025-11-12T01:01:35.197-05:00","source":{"id":"0","name":"eventBus"}}
{"__type":"$$EventMessageWorkflow","id":"45543c57-4451-48a4-95ed-e5f45413ef56","ts":"2025-11-12T01:01:40.617-05:00","eventName":"n8n.workflow.started","message":"n8n.workflow.started","payload":{"executionId":"94","workflowId":"7XNy9nIIe7POAwVD","isManual":false,"workflowName":"tg_vn1"}}
{"__type":"$$EventMessageConfirm","confirm":"45543c57-4451-48a4-95ed-e5f45413ef56","ts":"2025-11-12T01:01:40.617-05:00","source":{"id":"0","name":"eventBus"}}
{"__type":"$$EventMessageNode","id":"c99731ef-22a1-4c7d-b6bb-2b7c48c78f37","ts":"2025-11-12T01:01:40.618-05:00","eventName":"n8n.node.started","message":"n8n.node.started","payload":{"workflowId":"7XNy9nIIe7POAwVD","workflowName":"tg_vn1","executionId":"94","nodeType":"n8n-nodes-base.telegramTrigger","nodeName":"Telegram2","nodeId":"c6c1ab1f-4ae8-482e-9b32-2e1dbfdc4219"}}
{"__type":"$$EventMessageConfirm","confirm":"c99731ef-22a1-4c7d-b6bb-2b7c48c78f37","ts":"2025-11-12T01:01:40.618-05:00","source":{"id":"0","name":"eventBus"}}
{"__type":"$$EventMessageNode","id":"d25e56ec-b5ee-4476-a5dd-e17b8609d1a2","ts":"2025-11-12T01:01:40.619-05:00","eventName":"n8n.node.finished","message":"n8n.node.finished","payload":{"workflowId":"7XNy9nIIe7POAwVD","workflowName":"tg_vn1","executionId":"94","nodeType":"n8n-nodes-base.telegramTrigger","nodeName":"Telegram2","nodeId":"c6c1ab1f-4ae8-482e-9b32-2e1dbfdc4219"}}
{"__type":"$$EventMessageConfirm","confirm":"d25e56ec-b5ee-4476-a5dd-e17b8609d1a2","ts":"2025-11-12T01:01:40.619-05:00","source":{"id":"0","name":"eventBus"}}
{"__type":"$$EventMessageNode","id":"773bb66d-1d90-4fbb-9d6b-244ad4242eca","ts":"2025-11-12T01:01:40.620-05:00","eventName":"n8n.node.started","message":"n8n.node.started","payload":{"workflowId":"7XNy9nIIe7POAwVD","workflowName":"tg_vn1","executionId":"94","nodeType":"n8n-nodes-base.switch","nodeName":"Commands","nodeId":"39632c30-c5e0-4f82-8258-d026eb4cc2b8"}}
{"__type":"$$EventMessageConfirm","confirm":"773bb66d-1d90-4fbb-9d6b-244ad4242eca","ts":"2025-11-12T01:01:40.620-05:00","source":{"id":"0","name":"eventBus"}}
{"__type":"$$EventMessageNode","id":"ead72f84-45f8-431c-b7f0-c2b2e23578b3","ts":"2025-11-12T01:01:40.623-05:00","eventName":"n8n.node.finished","message":"n8n.node.finished","payload":{"workflowId":"7XNy9nIIe7POAwVD","workflowName":"tg_vn1","executionId":"94","nodeType":"n8n-nodes-base.switch","nodeName":"Commands","nodeId":"39632c30-c5e0-4f82-8258-d026eb4cc2b8"}}
{"__type":"$$EventMessageConfirm","confirm":"ead72f84-45f8-431c-b7f0-c2b2e23578b3","ts":"2025-11-12T01:01:40.623-05:00","source":{"id":"0","name":"eventBus"}}
{"__type":"$$EventMessageNode","id":"d196aa9d-e42b-4a8c-b1b6-fcc542a510c7","ts":"2025-11-12T01:01:40.624-05:00","eventName":"n8n.node.started","message":"n8n.node.started","payload":{"workflowId":"7XNy9nIIe7POAwVD","workflowName":"tg_vn1","executionId":"94","nodeType":"n8n-nodes-base.telegram","nodeName":"action1","nodeId":"e606a5cd-3db1-444a-9de0-b8d110b56ad9"}}
{"__type":"$$EventMessageConfirm","confirm":"d196aa9d-e42b-4a8c-b1b6-fcc542a510c7","ts":"2025-11-12T01:01:40.624-05:00","source":{"id":"0","name":"eventBus"}}
{"__type":"$$EventMessageNode","id":"f9f3b273-ac02-40cd-928f-b63887797346","ts":"2025-11-12T01:01:40.980-05:00","eventName":"n8n.node.finished","message":"n8n.node.finished","payload":{"workflowId":"7XNy9nIIe7POAwVD","workflowName":"tg_vn1","executionId":"94","nodeType":"n8n-nodes-base.telegram","nodeName":"action1","nodeId":"e606a5cd-3db1-444a-9de0-b8d110b56ad9"}}
{"__type":"$$EventMessageConfirm","confirm":"f9f3b273-ac02-40cd-928f-b63887797346","ts":"2025-11-12T01:01:40.980-05:00","source":{"id":"0","name":"eventBus"}}
{"__type":"$$EventMessageNode","id":"fb1c753c-37e7-4d6a-ac10-33892a38725d","ts":"2025-11-12T01:01:40.981-05:00","eventName":"n8n.node.started","message":"n8n.node.started","payload":{"workflowId":"7XNy9nIIe7POAwVD","workflowName":"tg_vn1","executionId":"94","nodeType":"n8n-nodes-base.googleSheets","nodeName":"users","nodeId":"14f83376-3e81-4f45-b1fa-9e6de8705dde"}}
{"__type":"$$EventMessageConfirm","confirm":"fb1c753c-37e7-4d6a-ac10-33892a38725d","ts":"2025-11-12T01:01:40.981-05:00","source":{"id":"0","name":"eventBus"}}
{"__type":"$$EventMessageNode","id":"dbd63ee3-02f6-4369-a13d-d1d6d82c262b","ts":"2025-11-12T01:01:41.248-05:00","eventName":"n8n.node.finished","message":"n8n.node.finished","payload":{"workflowId":"7XNy9nIIe7POAwVD","workflowName":"tg_vn1","executionId":"94","nodeType":"n8n-nodes-base.googleSheets","nodeName":"users","nodeId":"14f83376-3e81-4f45-b1fa-9e6de8705dde"}}
{"__type":"$$EventMessageConfirm","confirm":"dbd63ee3-02f6-4369-a13d-d1d6d82c262b","ts":"2025-11-12T01:01:41.248-05:00","source":{"id":"0","name":"eventBus"}}
{"__type":"$$EventMessageNode","id":"5ee10f42-d450-4ed9-b19a-d68f2401d915","ts":"2025-11-12T01:01:41.249-05:00","eventName":"n8n.node.started","message":"n8n.node.started","payload":{"workflowId":"7XNy9nIIe7POAwVD","workflowName":"tg_vn1","executionId":"94","nodeType":"n8n-nodes-base.if","nodeName":"If","nodeId":"44eb621e-a387-4470-b86b-602e0a25f0b2"}}
{"__type":"$$EventMessageConfirm","confirm":"5ee10f42-d450-4ed9-b19a-d68f2401d915","ts":"2025-11-12T01:01:41.249-05:00","source":{"id":"0","name":"eventBus"}}
{"__type":"$$EventMessageNode","id":"f5a96c11-8dc6-43ba-b5e7-12f224f7d8c1","ts":"2025-11-12T01:01:41.250-05:00","eventName":"n8n.node.finished","message":"n8n.node.finished","payload":{"workflowId":"7XNy9nIIe7POAwVD","workflowName":"tg_vn1","executionId":"94","nodeType":"n8n-nodes-base.if","nodeName":"If","nodeId":"44eb621e-a387-4470-b86b-602e0a25f0b2"}}
{"__type":"$$EventMessageConfirm","confirm":"f5a96c11-8dc6-43ba-b5e7-12f224f7d8c1","ts":"2025-11-12T01:01:41.250-05:00","source":{"id":"0","name":"eventBus"}}
{"__type":"$$EventMessageNode","id":"88026644-a23d-42fd-8177-6397665a4970","ts":"2025-11-12T01:01:41.251-05:00","eventName":"n8n.node.started","message":"n8n.node.started","payload":{"workflowId":"7XNy9nIIe7POAwVD","workflowName":"tg_vn1","executionId":"94","nodeType":"n8n-nodes-base.switch","nodeName":"Switch3","nodeId":"e0801297-41fa-4002-85a6-9d72f107f218"}}
{"__type":"$$EventMessageConfirm","confirm":"88026644-a23d-42fd-8177-6397665a4970","ts":"2025-11-12T01:01:41.251-05:00","source":{"id":"0","name":"eventBus"}}
{"__type":"$$EventMessageNode","id":"4f9ee6b7-239c-4130-a34c-ca7ba218947d","ts":"2025-11-12T01:01:41.257-05:00","eventName":"n8n.node.finished","message":"n8n.node.finished","payload":{"workflowId":"7XNy9nIIe7POAwVD","workflowName":"tg_vn1","executionId":"94","nodeType":"n8n-nodes-base.switch","nodeName":"Switch3","nodeId":"e0801297-41fa-4002-85a6-9d72f107f218"}}
{"__type":"$$EventMessageConfirm","confirm":"4f9ee6b7-239c-4130-a34c-ca7ba218947d","ts":"2025-11-12T01:01:41.257-05:00","source":{"id":"0","name":"eventBus"}}
{"__type":"$$EventMessageNode","id":"7e8d2ffe-fa2b-4a1e-a17e-c0fc35eb585e","ts":"2025-11-12T01:01:41.257-05:00","eventName":"n8n.node.started","message":"n8n.node.started","payload":{"workflowId":"7XNy9nIIe7POAwVD","workflowName":"tg_vn1","executionId":"94","nodeType":"n8n-nodes-base.telegram","nodeName":"/start","nodeId":"ace12fd8-70aa-4362-889a-873841cce9c2"}}
{"__type":"$$EventMessageConfirm","confirm":"7e8d2ffe-fa2b-4a1e-a17e-c0fc35eb585e","ts":"2025-11-12T01:01:41.258-05:00","source":{"id":"0","name":"eventBus"}}
{"__type":"$$EventMessageNode","id":"35457f0a-fe8b-4952-9f85-d0c1d58e10dc","ts":"2025-11-12T01:01:41.611-05:00","eventName":"n8n.node.finished","message":"n8n.node.finished","payload":{"workflowId":"7XNy9nIIe7POAwVD","workflowName":"tg_vn1","executionId":"94","nodeType":"n8n-nodes-base.telegram","nodeName":"/start","nodeId":"ace12fd8-70aa-4362-889a-873841cce9c2"}}
{"__type":"$$EventMessageConfirm","confirm":"35457f0a-fe8b-4952-9f85-d0c1d58e10dc","ts":"2025-11-12T01:01:41.611-05:00","source":{"id":"0","name":"eventBus"}}
{"__type":"$$EventMessageWorkflow","id":"9fd109d0-5390-4002-84c6-e23b57b6a995","ts":"2025-11-12T01:01:41.630-05:00","eventName":"n8n.workflow.success","message":"n8n.workflow.success","payload":{"executionId":"94","success":true,"isManual":true,"workflowId":"7XNy9nIIe7POAwVD","workflowName":"tg_vn1"}}
{"__type":"$$EventMessageConfirm","confirm":"9fd109d0-5390-4002-84c6-e23b57b6a995","ts":"2025-11-12T01:01:41.630-05:00","source":{"id":"0","name":"eventBus"}}
